travis_fold:start:worker_info[0K[33;1mWorker information[0m
hostname: c9530c7e-58ca-411c-8c80-6502122d8a27@1.worker-org-85d846cc5-h2ks5.gce-production-1
version: v6.2.6 https://github.com/travis-ci/worker/tree/ba21bd30589fd152126e13df30e0cc78ccdf2837
instance: travis-job-e591fba0-175a-483d-bf02-3000fd63ecb1 travis-ci-sardonyx-xenial-1553530528-f909ac5 (via amqp)
startup: 6.282179527s
travis_fold:end:worker_info[0Ktravis_time:start:393ba996[0Ktravis_time:end:393ba996:start=1579029783242712656,finish=1579029783381909831,duration=139197175,event=no_world_writable_dirs[0Ktravis_time:start:02a93218[0Ktravis_time:end:02a93218:start=1579029783385051282,finish=1579029783391860371,duration=6809089,event=agent[0Ktravis_time:start:05b3c4e8[0Ktravis_time:end:05b3c4e8:start=1579029783394638086,finish=1579029783397072131,duration=2434045,event=check_unsupported[0Ktravis_time:start:1abfd8b4[0Ktravis_fold:start:system_info[0K[33;1mBuild system information[0m
Build language: python
Build group: stable
Build dist: xenial
Build id: 637059934
Job id: 637059938
Runtime kernel version: 4.15.0-1028-gcp
travis-build version: 1c634e1df
[34m[1mBuild image provisioning date and time[0m
Mon Mar 25 16:43:24 UTC 2019
[34m[1mOperating System Details[0m
Distributor ID:	Ubuntu
Description:	Ubuntu 16.04.6 LTS
Release:	16.04
Codename:	xenial
[34m[1mSystemd Version[0m
systemd 229
[34m[1mCookbooks Version[0m
42e42e4 https://github.com/travis-ci/travis-cookbooks/tree/42e42e4
[34m[1mgit version[0m
git version 2.21.0
[34m[1mbash version[0m
GNU bash, version 4.3.48(1)-release (x86_64-pc-linux-gnu)
[34m[1mgcc version[0m
gcc (Ubuntu 5.4.0-6ubuntu1~16.04.11) 5.4.0 20160609
[34m[1mdocker version[0m
Client:
 Version:           18.06.0-ce
 API version:       1.38
 Go version:        go1.10.3
 Git commit:        0ffa825
 Built:             Wed Jul 18 19:11:02 2018
 OS/Arch:           linux/amd64
 Experimental:      false

Server:
 Engine:
  Version:          18.06.0-ce
  API version:      1.38 (minimum version 1.12)
  Go version:       go1.10.3
  Git commit:       0ffa825
  Built:            Wed Jul 18 19:09:05 2018
  OS/Arch:          linux/amd64
  Experimental:     false
[34m[1mclang version[0m
clang version 7.0.0 (tags/RELEASE_700/final)
[34m[1mjq version[0m
jq-1.5
[34m[1mbats version[0m
Bats 0.4.0
[34m[1mshellcheck version[0m
0.6.0
[34m[1mshfmt version[0m
v2.6.3
[34m[1mccache version[0m
3.2.4
[34m[1mcmake version[0m
cmake version 3.12.4
[34m[1mheroku version[0m
heroku/7.22.7 linux-x64 node-v11.10.1
[34m[1mimagemagick version[0m
Version: ImageMagick 6.8.9-9 Q16 x86_64 2018-09-28 http://www.imagemagick.org
[34m[1mmd5deep version[0m
4.4
[34m[1mmercurial version[0m
version 4.8
[34m[1mmysql version[0m
mysql  Ver 14.14 Distrib 5.7.25, for Linux (x86_64) using  EditLine wrapper
[34m[1mopenssl version[0m
OpenSSL 1.0.2g  1 Mar 2016
[34m[1mpacker version[0m
1.3.3
[34m[1mpostgresql client version[0m
psql (PostgreSQL) 10.7 (Ubuntu 10.7-1.pgdg16.04+1)
[34m[1mragel version[0m
Ragel State Machine Compiler version 6.8 Feb 2013
[34m[1msudo version[0m
1.8.16
[34m[1mgzip version[0m
gzip 1.6
[34m[1mzip version[0m
Zip 3.0
[34m[1mvim version[0m
VIM - Vi IMproved 7.4 (2013 Aug 10, compiled Nov 24 2016 16:44:48)
[34m[1miptables version[0m
iptables v1.6.0
[34m[1mcurl version[0m
curl 7.47.0 (x86_64-pc-linux-gnu) libcurl/7.47.0 GnuTLS/3.4.10 zlib/1.2.8 libidn/1.32 librtmp/2.3
[34m[1mwget version[0m
GNU Wget 1.17.1 built on linux-gnu.
[34m[1mrsync version[0m
rsync  version 3.1.1  protocol version 31
[34m[1mgimme version[0m
v1.5.3
[34m[1mnvm version[0m
0.34.0
[34m[1mperlbrew version[0m
/home/travis/perl5/perlbrew/bin/perlbrew  - App::perlbrew/0.86
[34m[1mphpenv version[0m
rbenv 1.1.2
[34m[1mrvm version[0m
rvm 1.29.7 (latest) by Michal Papis, Piotr Kuczynski, Wayne E. Seguin [https://rvm.io]
[34m[1mdefault ruby version[0m
ruby 2.5.3p105 (2018-10-18 revision 65156) [x86_64-linux]
[34m[1mCouchDB version[0m
couchdb 1.6.1
[34m[1mElasticSearch version[0m
5.5.0
[34m[1mInstalled Firefox version[0m
firefox 63.0.1
[34m[1mMongoDB version[0m
MongoDB 4.0.7
[34m[1mPhantomJS version[0m
2.1.1
[34m[1mPre-installed PostgreSQL versions[0m
9.4.21
9.5.16
9.6.12
[34m[1mRedis version[0m
redis-server 5.0.4
[34m[1mPre-installed Go versions[0m
1.11.1
[34m[1mmvn version[0m
Apache Maven 3.6.0 (97c98ec64a1fdfee7767ce5ffb20918da4f719f3; 2018-10-24T18:41:47Z)
[34m[1mgradle version[0m
Gradle 4.10.2!
[34m[1mlein version[0m
Leiningen 2.9.1 on Java 11.0.2 OpenJDK 64-Bit Server VM
[34m[1mPre-installed Node.js versions[0m
v10.15.3
v11.0.0
v4.9.1
v6.17.0
v8.12.0
v8.15.1
v8.9
[34m[1mphpenv versions[0m
  system
  5.6
  5.6.40
  7.1
  7.1.27
  7.2
* 7.2.15 (set by /home/travis/.phpenv/version)
  hhvm
  hhvm-stable
[34m[1mcomposer --version[0m
Composer version 1.8.4 2019-02-11 10:52:10
[34m[1mPre-installed Ruby versions[0m
ruby-2.3.8
ruby-2.4.5
ruby-2.5.3
travis_fold:end:system_info[0K
travis_time:end:1abfd8b4:start=1579029783399857190,finish=1579029783406123879,duration=6266689,event=show_system_info[0Ktravis_time:start:0d778cf8[0Ktravis_time:end:0d778cf8:start=1579029783409223587,finish=1579029783419753781,duration=10530194,event=rm_riak_source[0Ktravis_time:start:026b4494[0Ktravis_time:end:026b4494:start=1579029783424553535,finish=1579029783431358572,duration=6805037,event=fix_rwky_redis[0Ktravis_time:start:092cae80[0Ktravis_time:end:092cae80:start=1579029783435116752,finish=1579029783770575144,duration=335458392,event=wait_for_network[0Ktravis_time:start:0a848ced[0Ktravis_time:end:0a848ced:start=1579029783773757201,finish=1579029783952605643,duration=178848442,event=update_apt_keys[0Ktravis_time:start:004057b8[0Ktravis_time:end:004057b8:start=1579029783955512814,finish=1579029784005676017,duration=50163203,event=fix_hhvm_source[0Ktravis_time:start:01c30478[0Ktravis_time:end:01c30478:start=1579029784008685713,finish=1579029784011105282,duration=2419569,event=update_mongo_arch[0Ktravis_time:start:173ad68a[0Ktravis_time:end:173ad68a:start=1579029784013924654,finish=1579029784054489017,duration=40564363,event=fix_sudo_enabled_trusty[0Ktravis_time:start:0b03d4c7[0Ktravis_time:end:0b03d4c7:start=1579029784057458785,finish=1579029784059451025,duration=1992240,event=update_glibc[0Ktravis_time:start:1c1c07db[0Ktravis_time:end:1c1c07db:start=1579029784062080853,finish=1579029784068872145,duration=6791292,event=clean_up_path[0Ktravis_time:start:12c2370f[0Ktravis_time:end:12c2370f:start=1579029784071455138,finish=1579029784078505003,duration=7049865,event=fix_resolv_conf[0Ktravis_time:start:332a1f06[0Ktravis_time:end:332a1f06:start=1579029784081153688,finish=1579029784089445194,duration=8291506,event=fix_etc_hosts[0Ktravis_time:start:069192af[0Ktravis_time:end:069192af:start=1579029784092221794,finish=1579029784099769121,duration=7547327,event=fix_mvn_settings_xml[0Ktravis_time:start:10fd6968[0Ktravis_time:end:10fd6968:start=1579029784102697328,finish=1579029784111181794,duration=8484466,event=no_ipv6_localhost[0Ktravis_time:start:19959192[0Ktravis_time:end:19959192:start=1579029784113889029,finish=1579029784115741526,duration=1852497,event=fix_etc_mavenrc[0Ktravis_time:start:100e2ea4[0Ktravis_time:end:100e2ea4:start=1579029784118535121,finish=1579029784121370274,duration=2835153,event=fix_wwdr_certificate[0Ktravis_time:start:04684ce6[0Ktravis_time:end:04684ce6:start=1579029784124264576,finish=1579029784145662093,duration=21397517,event=put_localhost_first[0Ktravis_time:start:2068d58c[0Ktravis_time:end:2068d58c:start=1579029784148476858,finish=1579029784151051202,duration=2574344,event=home_paths[0Ktravis_time:start:29df32dc[0Ktravis_time:end:29df32dc:start=1579029784153945028,finish=1579029784165063888,duration=11118860,event=disable_initramfs[0Ktravis_time:start:3815d750[0Ktravis_time:end:3815d750:start=1579029784167795712,finish=1579029784388986510,duration=221190798,event=disable_ssh_roaming[0Ktravis_time:start:017a19c2[0Ktravis_time:end:017a19c2:start=1579029784392501014,finish=1579029784395100676,duration=2599662,event=debug_tools[0Ktravis_time:start:1be40bd9[0Ktravis_time:end:1be40bd9:start=1579029784397991212,finish=1579029784400947771,duration=2956559,event=uninstall_oclint[0Ktravis_time:start:05e2db90[0Ktravis_time:end:05e2db90:start=1579029784403728761,finish=1579029784406551617,duration=2822856,event=rvm_use[0Ktravis_time:start:1def3c98[0Ktravis_time:end:1def3c98:start=1579029784409320288,finish=1579029784416359038,duration=7038750,event=rm_etc_boto_cfg[0Ktravis_time:start:00b7cf00[0Ktravis_time:end:00b7cf00:start=1579029784419148100,finish=1579029784421686151,duration=2538051,event=rm_oraclejdk8_symlink[0Ktravis_time:start:10bd6a9a[0Ktravis_time:end:10bd6a9a:start=1579029784424607749,finish=1579029784518522555,duration=93914806,event=enable_i386[0Ktravis_time:start:2636452c[0Ktravis_time:end:2636452c:start=1579029784521811943,finish=1579029784528855296,duration=7043353,event=update_rubygems[0Ktravis_time:start:243550ec[0Ktravis_time:end:243550ec:start=1579029784532144840,finish=1579029785300983328,duration=768838488,event=ensure_path_components[0Ktravis_time:start:01f7dbb8[0Ktravis_time:end:01f7dbb8:start=1579029785304357031,finish=1579029785306577997,duration=2220966,event=redefine_curl[0Ktravis_time:start:00597b52[0Ktravis_time:end:00597b52:start=1579029785309461667,finish=1579029785311660780,duration=2199113,event=nonblock_pipe[0Ktravis_time:start:0a1d2b25[0Ktravis_time:end:0a1d2b25:start=1579029785314551002,finish=1579029791346531563,duration=6031980561,event=apt_get_update[0Ktravis_time:start:0ef63c0a[0Ktravis_time:end:0ef63c0a:start=1579029791349693484,finish=1579029791352293246,duration=2599762,event=deprecate_xcode_64[0Ktravis_time:start:1fd9d37e[0Ktravis_time:end:1fd9d37e:start=1579029791355083480,finish=1579029793611117451,duration=2256033971,event=update_heroku[0Ktravis_time:start:218bc5c0[0Ktravis_time:end:218bc5c0:start=1579029793614098590,finish=1579029793616205827,duration=2107237,event=shell_session_update[0Ktravis_time:start:1bc65be0[0Ktravis_fold:start:docker_mtu[0Ktravis_fold:end:docker_mtu[0Ktravis_time:end:1bc65be0:start=1579029793618926147,finish=1579029795729263726,duration=2110337579,event=set_docker_mtu[0Ktravis_time:start:233709e4[0Ktravis_fold:start:resolvconf[0Ktravis_fold:end:resolvconf[0Ktravis_time:end:233709e4:start=1579029795732321171,finish=1579029795800319349,duration=67998178,event=resolvconf[0Ktravis_time:start:05a09dbc[0Ktravis_time:end:05a09dbc:start=1579029795808132035,finish=1579029795929537552,duration=121405517,event=maven_central_mirror[0K[33;1m3.5 is not installed; attempting download[0m
[33;1mDownloading archive: https://storage.googleapis.com/travis-ci-language-archives/python/binaries/ubuntu/16.04/x86_64/python-3.5.tar.bz2[0m
travis_time:start:0723819a[0K$ curl -sSf --retry 5 -o python-3.5.tar.bz2 ${archive_url}
travis_time:end:0723819a:start=1579029796016537812,finish=1579029796323683708,duration=307145896,event=configure[0Ktravis_time:start:33ab1477[0K$ sudo tar xjf python-3.5.tar.bz2 --directory /
travis_time:end:33ab1477:start=1579029796327114920,finish=1579029805419466743,duration=9092351823,event=configure[0Ktravis_time:start:01d2b8ba[0Ktravis_time:end:01d2b8ba:start=1579029805437714341,finish=1579029805439821442,duration=2107101,event=fix_ps4[0Ktravis_time:start:12f7c1d0[0K
travis_fold:start:git.checkout[0Ktravis_time:start:0e74b70e[0K$ git clone --depth=50 --branch=version-compat https://github.com/Ibotta/sk-dist.git Ibotta/sk-dist
Cloning into 'Ibotta/sk-dist'...
remote: Enumerating objects: 23, done.[K
remote: Counting objects:   4% (1/23)[Kremote: Counting objects:   8% (2/23)[Kremote: Counting objects:  13% (3/23)[Kremote: Counting objects:  17% (4/23)[Kremote: Counting objects:  21% (5/23)[Kremote: Counting objects:  26% (6/23)[Kremote: Counting objects:  30% (7/23)[Kremote: Counting objects:  34% (8/23)[Kremote: Counting objects:  39% (9/23)[Kremote: Counting objects:  43% (10/23)[Kremote: Counting objects:  47% (11/23)[Kremote: Counting objects:  52% (12/23)[Kremote: Counting objects:  56% (13/23)[Kremote: Counting objects:  60% (14/23)[Kremote: Counting objects:  65% (15/23)[Kremote: Counting objects:  69% (16/23)[Kremote: Counting objects:  73% (17/23)[Kremote: Counting objects:  78% (18/23)[Kremote: Counting objects:  82% (19/23)[Kremote: Counting objects:  86% (20/23)[Kremote: Counting objects:  91% (21/23)[Kremote: Counting objects:  95% (22/23)[Kremote: Counting objects: 100% (23/23)[Kremote: Counting objects: 100% (23/23), done.[K
remote: Compressing objects:   5% (1/18)[Kremote: Compressing objects:  11% (2/18)[Kremote: Compressing objects:  16% (3/18)[Kremote: Compressing objects:  22% (4/18)[Kremote: Compressing objects:  27% (5/18)[Kremote: Compressing objects:  33% (6/18)[Kremote: Compressing objects:  38% (7/18)[Kremote: Compressing objects:  44% (8/18)[Kremote: Compressing objects:  50% (9/18)[Kremote: Compressing objects:  55% (10/18)[Kremote: Compressing objects:  61% (11/18)[Kremote: Compressing objects:  66% (12/18)[Kremote: Compressing objects:  72% (13/18)[Kremote: Compressing objects:  77% (14/18)[Kremote: Compressing objects:  83% (15/18)[Kremote: Compressing objects:  88% (16/18)[Kremote: Compressing objects:  94% (17/18)[Kremote: Compressing objects: 100% (18/18)[Kremote: Compressing objects: 100% (18/18), done.[K
Receiving objects:   0% (1/292)   Receiving objects:   1% (3/292)   Receiving objects:   2% (6/292)   Receiving objects:   3% (9/292)   Receiving objects:   4% (12/292)   Receiving objects:   5% (15/292)   Receiving objects:   6% (18/292)   Receiving objects:   7% (21/292)   Receiving objects:   8% (24/292)   Receiving objects:   9% (27/292)   Receiving objects:  10% (30/292)   Receiving objects:  11% (33/292)   Receiving objects:  12% (36/292)   Receiving objects:  13% (38/292)   Receiving objects:  14% (41/292)   Receiving objects:  15% (44/292)   Receiving objects:  16% (47/292)   Receiving objects:  17% (50/292)   Receiving objects:  18% (53/292)   Receiving objects:  19% (56/292)   Receiving objects:  20% (59/292)   Receiving objects:  21% (62/292)   Receiving objects:  22% (65/292)   Receiving objects:  23% (68/292)   Receiving objects:  24% (71/292)   Receiving objects:  25% (73/292)   Receiving objects:  26% (76/292)   Receiving objects:  27% (79/292)   Receiving objects:  28% (82/292)   Receiving objects:  29% (85/292)   Receiving objects:  30% (88/292)   Receiving objects:  31% (91/292)   Receiving objects:  32% (94/292)   Receiving objects:  33% (97/292)   Receiving objects:  34% (100/292)   Receiving objects:  35% (103/292)   Receiving objects:  36% (106/292)   Receiving objects:  37% (109/292)   Receiving objects:  38% (111/292)   remote: Total 292 (delta 10), reused 13 (delta 5), pack-reused 269[K
Receiving objects:  39% (114/292)   Receiving objects:  40% (117/292)   Receiving objects:  41% (120/292)   Receiving objects:  42% (123/292)   Receiving objects:  43% (126/292)   Receiving objects:  44% (129/292)   Receiving objects:  45% (132/292)   Receiving objects:  46% (135/292)   Receiving objects:  47% (138/292)   Receiving objects:  48% (141/292)   Receiving objects:  49% (144/292)   Receiving objects:  50% (146/292)   Receiving objects:  51% (149/292)   Receiving objects:  52% (152/292)   Receiving objects:  53% (155/292)   Receiving objects:  54% (158/292)   Receiving objects:  55% (161/292)   Receiving objects:  56% (164/292)   Receiving objects:  57% (167/292)   Receiving objects:  58% (170/292)   Receiving objects:  59% (173/292)   Receiving objects:  60% (176/292)   Receiving objects:  61% (179/292)   Receiving objects:  62% (182/292)   Receiving objects:  63% (184/292)   Receiving objects:  64% (187/292)   Receiving objects:  65% (190/292)   Receiving objects:  66% (193/292)   Receiving objects:  67% (196/292)   Receiving objects:  68% (199/292)   Receiving objects:  69% (202/292)   Receiving objects:  70% (205/292)   Receiving objects:  71% (208/292)   Receiving objects:  72% (211/292)   Receiving objects:  73% (214/292)   Receiving objects:  74% (217/292)   Receiving objects:  75% (219/292)   Receiving objects:  76% (222/292)   Receiving objects:  77% (225/292)   Receiving objects:  78% (228/292)   Receiving objects:  79% (231/292)   Receiving objects:  80% (234/292)   Receiving objects:  81% (237/292)   Receiving objects:  82% (240/292)   Receiving objects:  83% (243/292)   Receiving objects:  84% (246/292)   Receiving objects:  85% (249/292)   Receiving objects:  86% (252/292)   Receiving objects:  87% (255/292)   Receiving objects:  88% (257/292)   Receiving objects:  89% (260/292)   Receiving objects:  90% (263/292)   Receiving objects:  91% (266/292)   Receiving objects:  92% (269/292)   Receiving objects:  93% (272/292)   Receiving objects:  94% (275/292)   Receiving objects:  95% (278/292)   Receiving objects:  96% (281/292)   Receiving objects:  97% (284/292)   Receiving objects:  98% (287/292)   Receiving objects:  99% (290/292)   Receiving objects: 100% (292/292)   Receiving objects: 100% (292/292), 253.85 KiB | 6.35 MiB/s, done.
Resolving deltas:   0% (0/142)   Resolving deltas:   5% (8/142)   Resolving deltas:   6% (9/142)   Resolving deltas:  10% (15/142)   Resolving deltas:  11% (16/142)   Resolving deltas:  18% (26/142)   Resolving deltas:  19% (28/142)   Resolving deltas:  21% (30/142)   Resolving deltas:  23% (33/142)   Resolving deltas:  25% (36/142)   Resolving deltas:  29% (42/142)   Resolving deltas:  30% (43/142)   Resolving deltas:  33% (48/142)   Resolving deltas:  38% (54/142)   Resolving deltas:  40% (57/142)   Resolving deltas:  41% (59/142)   Resolving deltas:  43% (62/142)   Resolving deltas:  45% (65/142)   Resolving deltas:  47% (67/142)   Resolving deltas:  53% (76/142)   Resolving deltas:  54% (77/142)   Resolving deltas:  57% (81/142)   Resolving deltas:  58% (83/142)   Resolving deltas:  59% (84/142)   Resolving deltas:  61% (87/142)   Resolving deltas:  62% (89/142)   Resolving deltas:  64% (91/142)   Resolving deltas:  66% (94/142)   Resolving deltas:  67% (96/142)   Resolving deltas:  68% (97/142)   Resolving deltas:  69% (98/142)   Resolving deltas:  73% (104/142)   Resolving deltas:  76% (108/142)   Resolving deltas:  80% (115/142)   Resolving deltas:  81% (116/142)   Resolving deltas:  82% (117/142)   Resolving deltas:  86% (123/142)   Resolving deltas:  89% (127/142)   Resolving deltas:  90% (128/142)   Resolving deltas: 100% (142/142)   Resolving deltas: 100% (142/142), done.
travis_time:end:0e74b70e:start=1579029805445358474,finish=1579029805973528939,duration=528170465,event=checkout[0K$ cd Ibotta/sk-dist
$ git checkout -qf 7e526ba887e68e9353ce765965c5a9ef2ea92009
travis_fold:end:git.checkout[0K
travis_time:end:0e74b70e:start=1579029805445358474,finish=1579029805982281795,duration=536923321,event=checkout[0Ktravis_time:start:37b91680[0K
[33;1mSetting environment variables from .travis.yml[0m
$ export TEST_SUITE=spark_2_4

travis_time:end:37b91680:start=1579029805985260829,finish=1579029805991161550,duration=5900721,event=env[0Ktravis_time:start:15885d8c[0K$ source ~/virtualenv/python3.5/bin/activate
travis_time:end:15885d8c:start=1579029805994314029,finish=1579029805998957981,duration=4643952,event=[0K$ python --version
Python 3.5.6
$ pip --version
pip 18.1 from /home/travis/virtualenv/python3.5.6/lib/python3.5/site-packages/pip (python 3.5)
Could not locate requirements.txt. Override the install: key in your .travis.yml to install dependencies.
travis_time:start:04b7c4b6[0K$ build_tools/$TEST_SUITE.sh
Obtaining file:///home/travis/build/Ibotta/sk-dist
Collecting pandas>=0.19.0 (from sk-dist==0.1.7)
[?25l  Downloading https://files.pythonhosted.org/packages/a9/55/e3f34ad611f703454b951bab6bde9a432f1af92994cebc4d8e0ec0af38c4/pandas-0.25.3-cp35-cp35m-manylinux1_x86_64.whl (10.3MB)

[?25hCollecting numpy==1.8.2 (from sk-dist==0.1.7)
[?25l  Downloading https://files.pythonhosted.org/packages/67/ab/41e4b42e0519d868347d2cf1051a05ce0170632039c053dee8ffe8b43b0b/numpy-1.8.2.tar.gz (3.8MB)

[?25hCollecting scipy==0.13.3 (from sk-dist==0.1.7)
[?25l  Downloading https://files.pythonhosted.org/packages/2f/12/565c08132db50a0ba34a33e0901f3d1d4d72e3b432ea828e4d87be5a4991/scipy-0.13.3.tar.gz (10.7MB)

[?25hCollecting scikit-learn==0.20.0 (from sk-dist==0.1.7)
[?25l  Downloading https://files.pythonhosted.org/packages/dc/8f/416ccf81408cd8ea84be2a38efe34cc885966c4b6edbe705d2642e22d208/scikit_learn-0.20.0-cp35-cp35m-manylinux1_x86_64.whl (5.3MB)

[?25hCollecting joblib>=0.11 (from sk-dist==0.1.7)
[?25l  Downloading https://files.pythonhosted.org/packages/28/5c/cf6a2b65a321c4a209efcdf64c2689efae2cb62661f8f6f4bb28547cf1bf/joblib-0.14.1-py2.py3-none-any.whl (294kB)

[?25hCollecting xgboost>=0.4 (from sk-dist==0.1.7)
[?25l  Downloading https://files.pythonhosted.org/packages/c1/24/5fe7237b2eca13ee0cfb100bec8c23f4e69ce9df852a64b0493d49dae4e0/xgboost-0.90-py2.py3-none-manylinux1_x86_64.whl (142.8MB)

[?25hCollecting pyarrow>=0.8.0 (from sk-dist==0.1.7)
[?25l  Downloading https://files.pythonhosted.org/packages/63/fb/b686693f0907048c3b0f2293e76b9d1ec3e39e7567da9c1542b57abc604c/pyarrow-0.15.1-cp35-cp35m-manylinux1_x86_64.whl (59.0MB)

[?25hCollecting pyspark>=2.4.4 (from sk-dist==0.1.7)
[?25l  Downloading https://files.pythonhosted.org/packages/87/21/f05c186f4ddb01d15d0ddc36ef4b7e3cedbeb6412274a41f26b55a650ee5/pyspark-2.4.4.tar.gz (215.7MB)

[?25hCollecting pytest-spark>=0.4.5 (from sk-dist==0.1.7)
  Downloading https://files.pythonhosted.org/packages/9f/a9/8b4bc6c416bc8875b56e3bd290ce68dc65ad03e7cbfad878477f694525ca/pytest_spark-0.5.2-py3-none-any.whl
Collecting pytz>=2017.2 (from pandas>=0.19.0->sk-dist==0.1.7)
[?25l  Downloading https://files.pythonhosted.org/packages/e7/f9/f0b53f88060247251bf481fa6ea62cd0d25bf1b11a87888e53ce5b7c8ad2/pytz-2019.3-py2.py3-none-any.whl (509kB)

[?25hCollecting python-dateutil>=2.6.1 (from pandas>=0.19.0->sk-dist==0.1.7)
[?25l  Downloading https://files.pythonhosted.org/packages/d4/70/d60450c3dd48ef87586924207ae8907090de0b306af2bce5d134d78615cb/python_dateutil-2.8.1-py2.py3-none-any.whl (227kB)

[?25hRequirement already satisfied: six>=1.0.0 in /home/travis/virtualenv/python3.5.6/lib/python3.5/site-packages (from pyarrow>=0.8.0->sk-dist==0.1.7) (1.12.0)
Collecting py4j==0.10.7 (from pyspark>=2.4.4->sk-dist==0.1.7)
[?25l  Downloading https://files.pythonhosted.org/packages/e3/53/c737818eb9a7dc32a7cd4f1396e787bd94200c3997c72c1dbe028587bd76/py4j-0.10.7-py2.py3-none-any.whl (197kB)

[?25hRequirement already satisfied: pytest in /home/travis/virtualenv/python3.5.6/lib/python3.5/site-packages (from pytest-spark>=0.4.5->sk-dist==0.1.7) (4.1.0)
Collecting findspark (from pytest-spark>=0.4.5->sk-dist==0.1.7)
  Downloading https://files.pythonhosted.org/packages/b1/c8/e6e1f6a303ae5122dc28d131b5a67c5eb87cbf8f7ac5b9f87764ea1b1e1e/findspark-1.3.0-py2.py3-none-any.whl
Requirement already satisfied: more-itertools>=4.0.0 in /home/travis/virtualenv/python3.5.6/lib/python3.5/site-packages (from pytest->pytest-spark>=0.4.5->sk-dist==0.1.7) (5.0.0)
Requirement already satisfied: pathlib2>=2.2.0; python_version < "3.6" in /home/travis/virtualenv/python3.5.6/lib/python3.5/site-packages (from pytest->pytest-spark>=0.4.5->sk-dist==0.1.7) (2.3.3)
Requirement already satisfied: atomicwrites>=1.0 in /home/travis/virtualenv/python3.5.6/lib/python3.5/site-packages (from pytest->pytest-spark>=0.4.5->sk-dist==0.1.7) (1.2.1)
Requirement already satisfied: py>=1.5.0 in /home/travis/virtualenv/python3.5.6/lib/python3.5/site-packages (from pytest->pytest-spark>=0.4.5->sk-dist==0.1.7) (1.7.0)
Requirement already satisfied: attrs>=17.4.0 in /home/travis/virtualenv/python3.5.6/lib/python3.5/site-packages (from pytest->pytest-spark>=0.4.5->sk-dist==0.1.7) (18.2.0)
Requirement already satisfied: setuptools in /home/travis/virtualenv/python3.5.6/lib/python3.5/site-packages (from pytest->pytest-spark>=0.4.5->sk-dist==0.1.7) (40.6.3)
Requirement already satisfied: pluggy>=0.7 in /home/travis/virtualenv/python3.5.6/lib/python3.5/site-packages (from pytest->pytest-spark>=0.4.5->sk-dist==0.1.7) (0.8.0)
Building wheels for collected packages: numpy, scipy, pyspark
  Running setup.py bdist_wheel for numpy ... [?25l- \ | / - \ | / - \ | / - \ | / - \ | / - \ | / - \ | / - \ | / - \ | / - \ | / - \ | / - \ | / - \ | / - \ | / - \ | / - \ | / - \ | / - \ | / - \ | / - \ | / - \ | / - \ | / - \ | / - \ | / - \ | / - \ | / - \ | / - \ | / - \ | / - \ | / - \ | / - done
[?25h  Stored in directory: /home/travis/.cache/pip/wheels/b7/83/aa/b2f8350b431d0c25b3813f6aa23a70238e22b59d5f3a0290d1
  Running setup.py bdist_wheel for scipy ... [?25l- error
  Complete output from command /home/travis/virtualenv/python3.5.6/bin/python -u -c "import setuptools, tokenize;__file__='/tmp/pip-install-fon5f15u/scipy/setup.py';f=getattr(tokenize, 'open', open)(__file__);code=f.read().replace('\r\n', '\n');f.close();exec(compile(code, __file__, 'exec'))" bdist_wheel -d /tmp/pip-wheel-fd65w93r --python-tag cp35:
  blas_opt_info:
  blas_mkl_info:
  customize UnixCCompiler
    libraries mkl_rt not found in ['/home/travis/virtualenv/python3.5.6/lib', '/usr/local/lib', '/usr/lib', '/usr/lib/x86_64-linux-gnu']
    NOT AVAILABLE
  
  blis_info:
  customize UnixCCompiler
    libraries blis not found in ['/home/travis/virtualenv/python3.5.6/lib', '/usr/local/lib', '/usr/lib', '/usr/lib/x86_64-linux-gnu']
    NOT AVAILABLE
  
  openblas_info:
  customize UnixCCompiler
  customize UnixCCompiler
    libraries openblas not found in ['/home/travis/virtualenv/python3.5.6/lib', '/usr/local/lib', '/usr/lib', '/usr/lib/x86_64-linux-gnu']
    NOT AVAILABLE
  
  atlas_3_10_blas_threads_info:
  Setting PTATLAS=ATLAS
  customize UnixCCompiler
    libraries tatlas not found in ['/home/travis/virtualenv/python3.5.6/lib', '/usr/local/lib', '/usr/lib', '/usr/lib/x86_64-linux-gnu']
    NOT AVAILABLE
  
  atlas_3_10_blas_info:
  customize UnixCCompiler
    libraries satlas not found in ['/home/travis/virtualenv/python3.5.6/lib', '/usr/local/lib', '/usr/lib', '/usr/lib/x86_64-linux-gnu']
    NOT AVAILABLE
  
  atlas_blas_threads_info:
  Setting PTATLAS=ATLAS
  customize UnixCCompiler
    libraries ptf77blas,ptcblas,atlas not found in ['/home/travis/virtualenv/python3.5.6/lib', '/usr/local/lib', '/usr/lib', '/usr/lib/x86_64-linux-gnu']
    NOT AVAILABLE
  
  atlas_blas_info:
  customize UnixCCompiler
    libraries f77blas,cblas,atlas not found in ['/home/travis/virtualenv/python3.5.6/lib', '/usr/local/lib', '/usr/lib', '/usr/lib/x86_64-linux-gnu']
    NOT AVAILABLE
  
  accelerate_info:
    NOT AVAILABLE
  
  /home/travis/virtualenv/python3.5.6/lib/python3.5/site-packages/numpy/distutils/system_info.py:625: UserWarning:
      Atlas (http://math-atlas.sourceforge.net/) libraries not found.
      Directories to search for the libraries can be specified in the
      numpy/distutils/site.cfg file (section [atlas]) or by setting
      the ATLAS environment variable.
    self.calc_info()
  blas_info:
  customize UnixCCompiler
    libraries blas not found in ['/home/travis/virtualenv/python3.5.6/lib', '/usr/local/lib', '/usr/lib', '/usr/lib/x86_64-linux-gnu']
    NOT AVAILABLE
  
  /home/travis/virtualenv/python3.5.6/lib/python3.5/site-packages/numpy/distutils/system_info.py:625: UserWarning:
      Blas (http://www.netlib.org/blas/) libraries not found.
      Directories to search for the libraries can be specified in the
      numpy/distutils/site.cfg file (section [blas]) or by setting
      the BLAS environment variable.
    self.calc_info()
  blas_src_info:
    NOT AVAILABLE
  
  /home/travis/virtualenv/python3.5.6/lib/python3.5/site-packages/numpy/distutils/system_info.py:625: UserWarning:
      Blas (http://www.netlib.org/blas/) sources not found.
      Directories to search for the sources can be specified in the
      numpy/distutils/site.cfg file (section [blas_src]) or by setting
      the BLAS_SRC environment variable.
    self.calc_info()
  Traceback (most recent call last):
    File "<string>", line 1, in <module>
    File "/tmp/pip-install-fon5f15u/scipy/setup.py", line 230, in <module>
      setup_package()
    File "/tmp/pip-install-fon5f15u/scipy/setup.py", line 227, in setup_package
      setup(**metadata)
    File "/home/travis/virtualenv/python3.5.6/lib/python3.5/site-packages/numpy/distutils/core.py", line 135, in setup
      config = configuration()
    File "/tmp/pip-install-fon5f15u/scipy/setup.py", line 170, in configuration
      config.add_subpackage('scipy')
    File "/home/travis/virtualenv/python3.5.6/lib/python3.5/site-packages/numpy/distutils/misc_util.py", line 1037, in add_subpackage
      caller_level = 2)
    File "/home/travis/virtualenv/python3.5.6/lib/python3.5/site-packages/numpy/distutils/misc_util.py", line 1006, in get_subpackage
      caller_level = caller_level + 1)
    File "/home/travis/virtualenv/python3.5.6/lib/python3.5/site-packages/numpy/distutils/misc_util.py", line 943, in _get_configuration_from_setup_py
      config = setup_module.configuration(*args)
    File "scipy/setup.py", line 12, in configuration
      config.add_subpackage('integrate')
    File "/home/travis/virtualenv/python3.5.6/lib/python3.5/site-packages/numpy/distutils/misc_util.py", line 1037, in add_subpackage
      caller_level = 2)
    File "/home/travis/virtualenv/python3.5.6/lib/python3.5/site-packages/numpy/distutils/misc_util.py", line 1006, in get_subpackage
      caller_level = caller_level + 1)
    File "/home/travis/virtualenv/python3.5.6/lib/python3.5/site-packages/numpy/distutils/misc_util.py", line 943, in _get_configuration_from_setup_py
      config = setup_module.configuration(*args)
    File "scipy/integrate/setup.py", line 12, in configuration
      blas_opt = get_info('blas_opt',notfound_action=2)
    File "/home/travis/virtualenv/python3.5.6/lib/python3.5/site-packages/numpy/distutils/system_info.py", line 433, in get_info
      return cl().get_info(notfound_action)
    File "/home/travis/virtualenv/python3.5.6/lib/python3.5/site-packages/numpy/distutils/system_info.py", line 631, in get_info
      raise self.notfounderror(self.notfounderror.__doc__)
  numpy.distutils.system_info.BlasNotFoundError:
      Blas (http://www.netlib.org/blas/) libraries not found.
      Directories to search for the libraries can be specified in the
      numpy/distutils/site.cfg file (section [blas]) or by setting
      the BLAS environment variable.
  
  ----------------------------------------
[31m  Failed building wheel for scipy[0m
[?25h  Running setup.py clean for scipy
  Running setup.py bdist_wheel for pyspark ... [?25l- \ | / - \ | / - \ | / - \ | / - \ | / - \ | / - \ | / - \ | / - \ | / - \ | / done
[?25h  Stored in directory: /home/travis/.cache/pip/wheels/ab/09/4d/0d184230058e654eb1b04467dbc1292f00eaa186544604b471
Successfully built numpy pyspark
Failed to build scipy
[31mpyarrow 0.15.1 has requirement numpy>=1.14, but you'll have numpy 1.8.2 which is incompatible.[0m
[31mpandas 0.25.3 has requirement numpy>=1.13.3, but you'll have numpy 1.8.2 which is incompatible.[0m
Installing collected packages: pytz, python-dateutil, numpy, pandas, scipy, scikit-learn, joblib, xgboost, pyarrow, py4j, pyspark, findspark, pytest-spark, sk-dist
  Found existing installation: numpy 1.15.4
    Uninstalling numpy-1.15.4:
      Successfully uninstalled numpy-1.15.4
  Running setup.py install for scipy ... [?25l- error
    Complete output from command /home/travis/virtualenv/python3.5.6/bin/python -u -c "import setuptools, tokenize;__file__='/tmp/pip-install-fon5f15u/scipy/setup.py';f=getattr(tokenize, 'open', open)(__file__);code=f.read().replace('\r\n', '\n');f.close();exec(compile(code, __file__, 'exec'))" install --record /tmp/pip-record-a2w4zzm2/install-record.txt --single-version-externally-managed --compile --install-headers /home/travis/virtualenv/python3.5.6/include/site/python3.5/scipy:
    blas_opt_info:
    blas_mkl_info:
      libraries mkl,vml,guide not found in ['/home/travis/virtualenv/python3.5.6/lib', '/usr/local/lib', '/usr/lib', '/usr/lib/x86_64-linux-gnu']
      NOT AVAILABLE
    
    openblas_info:
      libraries  not found in ['/home/travis/virtualenv/python3.5.6/lib', '/usr/local/lib', '/usr/lib', '/usr/lib/x86_64-linux-gnu']
      NOT AVAILABLE
    
    atlas_blas_threads_info:
    Setting PTATLAS=ATLAS
      libraries ptf77blas,ptcblas,atlas not found in ['/home/travis/virtualenv/python3.5.6/lib', '/usr/local/lib', '/usr/lib', '/usr/lib/x86_64-linux-gnu']
      NOT AVAILABLE
    
    atlas_blas_info:
      libraries f77blas,cblas,atlas not found in ['/home/travis/virtualenv/python3.5.6/lib', '/usr/local/lib', '/usr/lib', '/usr/lib/x86_64-linux-gnu']
      NOT AVAILABLE
    
    /home/travis/virtualenv/python3.5.6/lib/python3.5/site-packages/numpy/distutils/system_info.py:1521: UserWarning:
        Atlas (http://math-atlas.sourceforge.net/) libraries not found.
        Directories to search for the libraries can be specified in the
        numpy/distutils/site.cfg file (section [atlas]) or by setting
        the ATLAS environment variable.
      warnings.warn(AtlasNotFoundError.__doc__)
    blas_info:
      libraries blas not found in ['/home/travis/virtualenv/python3.5.6/lib', '/usr/local/lib', '/usr/lib', '/usr/lib/x86_64-linux-gnu']
      NOT AVAILABLE
    
    /home/travis/virtualenv/python3.5.6/lib/python3.5/site-packages/numpy/distutils/system_info.py:1530: UserWarning:
        Blas (http://www.netlib.org/blas/) libraries not found.
        Directories to search for the libraries can be specified in the
        numpy/distutils/site.cfg file (section [blas]) or by setting
        the BLAS environment variable.
      warnings.warn(BlasNotFoundError.__doc__)
    blas_src_info:
      NOT AVAILABLE
    
    /home/travis/virtualenv/python3.5.6/lib/python3.5/site-packages/numpy/distutils/system_info.py:1533: UserWarning:
        Blas (http://www.netlib.org/blas/) sources not found.
        Directories to search for the sources can be specified in the
        numpy/distutils/site.cfg file (section [blas_src]) or by setting
        the BLAS_SRC environment variable.
      warnings.warn(BlasSrcNotFoundError.__doc__)
    Traceback (most recent call last):
      File "<string>", line 1, in <module>
      File "/tmp/pip-install-fon5f15u/scipy/setup.py", line 230, in <module>
        setup_package()
      File "/tmp/pip-install-fon5f15u/scipy/setup.py", line 227, in setup_package
        setup(**metadata)
      File "/home/travis/virtualenv/python3.5.6/lib/python3.5/site-packages/numpy/distutils/core.py", line 135, in setup
        config = configuration()
      File "/tmp/pip-install-fon5f15u/scipy/setup.py", line 170, in configuration
        config.add_subpackage('scipy')
      File "/home/travis/virtualenv/python3.5.6/lib/python3.5/site-packages/numpy/distutils/misc_util.py", line 966, in add_subpackage
        caller_level = 2)
      File "/home/travis/virtualenv/python3.5.6/lib/python3.5/site-packages/numpy/distutils/misc_util.py", line 935, in get_subpackage
        caller_level = caller_level + 1)
      File "/home/travis/virtualenv/python3.5.6/lib/python3.5/site-packages/numpy/distutils/misc_util.py", line 872, in _get_configuration_from_setup_py
        config = setup_module.configuration(*args)
      File "scipy/setup.py", line 12, in configuration
        config.add_subpackage('integrate')
      File "/home/travis/virtualenv/python3.5.6/lib/python3.5/site-packages/numpy/distutils/misc_util.py", line 966, in add_subpackage
        caller_level = 2)
      File "/home/travis/virtualenv/python3.5.6/lib/python3.5/site-packages/numpy/distutils/misc_util.py", line 935, in get_subpackage
        caller_level = caller_level + 1)
      File "/home/travis/virtualenv/python3.5.6/lib/python3.5/site-packages/numpy/distutils/misc_util.py", line 872, in _get_configuration_from_setup_py
        config = setup_module.configuration(*args)
      File "scipy/integrate/setup.py", line 12, in configuration
        blas_opt = get_info('blas_opt',notfound_action=2)
      File "/home/travis/virtualenv/python3.5.6/lib/python3.5/site-packages/numpy/distutils/system_info.py", line 350, in get_info
        return cl().get_info(notfound_action)
      File "/home/travis/virtualenv/python3.5.6/lib/python3.5/site-packages/numpy/distutils/system_info.py", line 509, in get_info
        raise self.notfounderror(self.notfounderror.__doc__)
    numpy.distutils.system_info.BlasNotFoundError:
        Blas (http://www.netlib.org/blas/) libraries not found.
        Directories to search for the libraries can be specified in the
        numpy/distutils/site.cfg file (section [blas]) or by setting
        the BLAS environment variable.
    
    ----------------------------------------
[31mCommand "/home/travis/virtualenv/python3.5.6/bin/python -u -c "import setuptools, tokenize;__file__='/tmp/pip-install-fon5f15u/scipy/setup.py';f=getattr(tokenize, 'open', open)(__file__);code=f.read().replace('\r\n', '\n');f.close();exec(compile(code, __file__, 'exec'))" install --record /tmp/pip-record-a2w4zzm2/install-record.txt --single-version-externally-managed --compile --install-headers /home/travis/virtualenv/python3.5.6/include/site/python3.5/scipy" failed with error code 1 in /tmp/pip-install-fon5f15u/scipy/[0m
[?25hpandas 0.25.3 has requirement numpy>=1.13.3, but you have numpy 1.8.2.
[1m============================= test session starts ==============================[0m
platform linux -- Python 3.5.6, pytest-4.1.0, py-1.7.0, pluggy-0.8.0
rootdir: /home/travis/build/Ibotta/sk-dist, inifile:
[1mcollecting ... [0m[1mcollected 46 items / 3 errors                                                  [0m

==================================== ERRORS ====================================
[1m[31m__________ ERROR collecting skdist/distribute/tests/test_eliminate.py __________[0m
[31mImportError while importing test module '/home/travis/build/Ibotta/sk-dist/skdist/distribute/tests/test_eliminate.py'.
Hint: make sure your test modules/packages have valid Python names.
Traceback:
skdist/distribute/tests/test_eliminate.py:7: in <module>
    from scipy.sparse import csr_matrix
E   ImportError: No module named 'scipy'[0m
[1m[31m___________ ERROR collecting skdist/distribute/tests/test_search.py ____________[0m
[31mImportError while importing test module '/home/travis/build/Ibotta/sk-dist/skdist/distribute/tests/test_search.py'.
Hint: make sure your test modules/packages have valid Python names.
Traceback:
skdist/distribute/tests/test_search.py:15: in <module>
    from scipy.stats.distributions import expon
E   ImportError: No module named 'scipy'[0m
[1m[31m_________________ ERROR collecting skdist/tests/test_spark.py __________________[0m
[31mImportError while importing test module '/home/travis/build/Ibotta/sk-dist/skdist/tests/test_spark.py'.
Hint: make sure your test modules/packages have valid Python names.
Traceback:
skdist/tests/test_spark.py:7: in <module>
    import pandas as pd
../../../virtualenv/python3.5.6/lib/python3.5/site-packages/pandas/__init__.py:22: in <module>
    from pandas.compat.numpy import (
../../../virtualenv/python3.5.6/lib/python3.5/site-packages/pandas/compat/numpy/__init__.py:25: in <module>
    "this pandas version".format(_np_version)
E   ImportError: this version of pandas is incompatible with numpy < 1.13.3
E   your numpy version is 1.8.2.
E   Please upgrade numpy to >= 1.13.3 to use this pandas version[0m
!!!!!!!!!!!!!!!!!!! Interrupted: 3 errors during collection !!!!!!!!!!!!!!!!!!!!
[1m[31m=========================== 3 error in 0.34 seconds ============================[0m
travis_time:end:04b7c4b6:start=1579029806284471179,finish=1579030000994245471,duration=194709774292,event=script[0K[31;1mThe command "build_tools/$TEST_SUITE.sh" exited with 2.[0m


Done. Your build exited with 1.
