travis_fold:start:worker_info[0K[33;1mWorker information[0m
hostname: ced7b25e-120f-4a75-a64b-d5e9e3b1f8ab@1.worker-org-85d846cc5-hsmws.gce-production-1
version: v6.2.6 https://github.com/travis-ci/worker/tree/ba21bd30589fd152126e13df30e0cc78ccdf2837
instance: travis-job-f6fee948-97d7-4ee7-8526-58f79d4d70a1 travis-ci-sardonyx-xenial-1553530528-f909ac5 (via amqp)
startup: 6.192719005s
travis_fold:end:worker_info[0Ktravis_time:start:10d91ff0[0Ktravis_time:end:10d91ff0:start=1579030705775961893,finish=1579030705911134435,duration=135172542,event=no_world_writable_dirs[0Ktravis_time:start:05f57e1c[0Ktravis_time:end:05f57e1c:start=1579030705914272277,finish=1579030705921145056,duration=6872779,event=agent[0Ktravis_time:start:171cb2c2[0Ktravis_time:end:171cb2c2:start=1579030705923938947,finish=1579030705925895649,duration=1956702,event=check_unsupported[0Ktravis_time:start:0f993af2[0Ktravis_fold:start:system_info[0K[33;1mBuild system information[0m
Build language: python
Build group: stable
Build dist: xenial
Build id: 637065549
Job id: 637065554
Runtime kernel version: 4.15.0-1028-gcp
travis-build version: 1c634e1df
[34m[1mBuild image provisioning date and time[0m
Mon Mar 25 16:43:24 UTC 2019
[34m[1mOperating System Details[0m
Distributor ID:	Ubuntu
Description:	Ubuntu 16.04.6 LTS
Release:	16.04
Codename:	xenial
[34m[1mSystemd Version[0m
systemd 229
[34m[1mCookbooks Version[0m
42e42e4 https://github.com/travis-ci/travis-cookbooks/tree/42e42e4
[34m[1mgit version[0m
git version 2.21.0
[34m[1mbash version[0m
GNU bash, version 4.3.48(1)-release (x86_64-pc-linux-gnu)
[34m[1mgcc version[0m
gcc (Ubuntu 5.4.0-6ubuntu1~16.04.11) 5.4.0 20160609
[34m[1mdocker version[0m
Client:
 Version:           18.06.0-ce
 API version:       1.38
 Go version:        go1.10.3
 Git commit:        0ffa825
 Built:             Wed Jul 18 19:11:02 2018
 OS/Arch:           linux/amd64
 Experimental:      false

Server:
 Engine:
  Version:          18.06.0-ce
  API version:      1.38 (minimum version 1.12)
  Go version:       go1.10.3
  Git commit:       0ffa825
  Built:            Wed Jul 18 19:09:05 2018
  OS/Arch:          linux/amd64
  Experimental:     false
[34m[1mclang version[0m
clang version 7.0.0 (tags/RELEASE_700/final)
[34m[1mjq version[0m
jq-1.5
[34m[1mbats version[0m
Bats 0.4.0
[34m[1mshellcheck version[0m
0.6.0
[34m[1mshfmt version[0m
v2.6.3
[34m[1mccache version[0m
3.2.4
[34m[1mcmake version[0m
cmake version 3.12.4
[34m[1mheroku version[0m
heroku/7.22.7 linux-x64 node-v11.10.1
[34m[1mimagemagick version[0m
Version: ImageMagick 6.8.9-9 Q16 x86_64 2018-09-28 http://www.imagemagick.org
[34m[1mmd5deep version[0m
4.4
[34m[1mmercurial version[0m
version 4.8
[34m[1mmysql version[0m
mysql  Ver 14.14 Distrib 5.7.25, for Linux (x86_64) using  EditLine wrapper
[34m[1mopenssl version[0m
OpenSSL 1.0.2g  1 Mar 2016
[34m[1mpacker version[0m
1.3.3
[34m[1mpostgresql client version[0m
psql (PostgreSQL) 10.7 (Ubuntu 10.7-1.pgdg16.04+1)
[34m[1mragel version[0m
Ragel State Machine Compiler version 6.8 Feb 2013
[34m[1msudo version[0m
1.8.16
[34m[1mgzip version[0m
gzip 1.6
[34m[1mzip version[0m
Zip 3.0
[34m[1mvim version[0m
VIM - Vi IMproved 7.4 (2013 Aug 10, compiled Nov 24 2016 16:44:48)
[34m[1miptables version[0m
iptables v1.6.0
[34m[1mcurl version[0m
curl 7.47.0 (x86_64-pc-linux-gnu) libcurl/7.47.0 GnuTLS/3.4.10 zlib/1.2.8 libidn/1.32 librtmp/2.3
[34m[1mwget version[0m
GNU Wget 1.17.1 built on linux-gnu.
[34m[1mrsync version[0m
rsync  version 3.1.1  protocol version 31
[34m[1mgimme version[0m
v1.5.3
[34m[1mnvm version[0m
0.34.0
[34m[1mperlbrew version[0m
/home/travis/perl5/perlbrew/bin/perlbrew  - App::perlbrew/0.86
[34m[1mphpenv version[0m
rbenv 1.1.2
[34m[1mrvm version[0m
rvm 1.29.7 (latest) by Michal Papis, Piotr Kuczynski, Wayne E. Seguin [https://rvm.io]
[34m[1mdefault ruby version[0m
ruby 2.5.3p105 (2018-10-18 revision 65156) [x86_64-linux]
[34m[1mCouchDB version[0m
couchdb 1.6.1
[34m[1mElasticSearch version[0m
5.5.0
[34m[1mInstalled Firefox version[0m
firefox 63.0.1
[34m[1mMongoDB version[0m
MongoDB 4.0.7
[34m[1mPhantomJS version[0m
2.1.1
[34m[1mPre-installed PostgreSQL versions[0m
9.4.21
9.5.16
9.6.12
[34m[1mRedis version[0m
redis-server 5.0.4
[34m[1mPre-installed Go versions[0m
1.11.1
[34m[1mmvn version[0m
Apache Maven 3.6.0 (97c98ec64a1fdfee7767ce5ffb20918da4f719f3; 2018-10-24T18:41:47Z)
[34m[1mgradle version[0m
Gradle 4.10.2!
[34m[1mlein version[0m
Leiningen 2.9.1 on Java 11.0.2 OpenJDK 64-Bit Server VM
[34m[1mPre-installed Node.js versions[0m
v10.15.3
v11.0.0
v4.9.1
v6.17.0
v8.12.0
v8.15.1
v8.9
[34m[1mphpenv versions[0m
  system
  5.6
  5.6.40
  7.1
  7.1.27
  7.2
* 7.2.15 (set by /home/travis/.phpenv/version)
  hhvm
  hhvm-stable
[34m[1mcomposer --version[0m
Composer version 1.8.4 2019-02-11 10:52:10
[34m[1mPre-installed Ruby versions[0m
ruby-2.3.8
ruby-2.4.5
ruby-2.5.3
travis_fold:end:system_info[0K
travis_time:end:0f993af2:start=1579030705928663319,finish=1579030705934508389,duration=5845070,event=show_system_info[0Ktravis_time:start:21d9571a[0Ktravis_time:end:21d9571a:start=1579030705937338084,finish=1579030705949922990,duration=12584906,event=rm_riak_source[0Ktravis_time:start:1097a814[0Ktravis_time:end:1097a814:start=1579030705952983515,finish=1579030705959929221,duration=6945706,event=fix_rwky_redis[0Ktravis_time:start:0af58e92[0Ktravis_time:end:0af58e92:start=1579030705962775026,finish=1579030706281433477,duration=318658451,event=wait_for_network[0Ktravis_time:start:0e79dc02[0Ktravis_time:end:0e79dc02:start=1579030706284477056,finish=1579030706471654021,duration=187176965,event=update_apt_keys[0Ktravis_time:start:0d7ad570[0Ktravis_time:end:0d7ad570:start=1579030706474514273,finish=1579030706525587453,duration=51073180,event=fix_hhvm_source[0Ktravis_time:start:1e04788c[0Ktravis_time:end:1e04788c:start=1579030706529196791,finish=1579030706532022557,duration=2825766,event=update_mongo_arch[0Ktravis_time:start:0a4c63c6[0Ktravis_time:end:0a4c63c6:start=1579030706534717011,finish=1579030706575235540,duration=40518529,event=fix_sudo_enabled_trusty[0Ktravis_time:start:0a77e318[0Ktravis_time:end:0a77e318:start=1579030706578393788,finish=1579030706580719385,duration=2325597,event=update_glibc[0Ktravis_time:start:04f64d42[0Ktravis_time:end:04f64d42:start=1579030706583623633,finish=1579030706590996815,duration=7373182,event=clean_up_path[0Ktravis_time:start:1a4af389[0Ktravis_time:end:1a4af389:start=1579030706594027037,finish=1579030706601686113,duration=7659076,event=fix_resolv_conf[0Ktravis_time:start:0467df20[0Ktravis_time:end:0467df20:start=1579030706604589247,finish=1579030706613435899,duration=8846652,event=fix_etc_hosts[0Ktravis_time:start:2d673bde[0Ktravis_time:end:2d673bde:start=1579030706616230287,finish=1579030706625722776,duration=9492489,event=fix_mvn_settings_xml[0Ktravis_time:start:35414c70[0Ktravis_time:end:35414c70:start=1579030706628748910,finish=1579030706637662556,duration=8913646,event=no_ipv6_localhost[0Ktravis_time:start:3a9dba04[0Ktravis_time:end:3a9dba04:start=1579030706640488573,finish=1579030706642531222,duration=2042649,event=fix_etc_mavenrc[0Ktravis_time:start:052de598[0Ktravis_time:end:052de598:start=1579030706645256267,finish=1579030706648471006,duration=3214739,event=fix_wwdr_certificate[0Ktravis_time:start:2b0d66c4[0Ktravis_time:end:2b0d66c4:start=1579030706651257254,finish=1579030706674687173,duration=23429919,event=put_localhost_first[0Ktravis_time:start:01012d76[0Ktravis_time:end:01012d76:start=1579030706677823154,finish=1579030706680716855,duration=2893701,event=home_paths[0Ktravis_time:start:2c4dd308[0Ktravis_time:end:2c4dd308:start=1579030706683592045,finish=1579030706694847834,duration=11255789,event=disable_initramfs[0Ktravis_time:start:0a943d18[0Ktravis_time:end:0a943d18:start=1579030706697860162,finish=1579030706956997974,duration=259137812,event=disable_ssh_roaming[0Ktravis_time:start:1c53e940[0Ktravis_time:end:1c53e940:start=1579030706959948718,finish=1579030706962015409,duration=2066691,event=debug_tools[0Ktravis_time:start:0f2daf50[0Ktravis_time:end:0f2daf50:start=1579030706964745989,finish=1579030706967405715,duration=2659726,event=uninstall_oclint[0Ktravis_time:start:31bf369b[0Ktravis_time:end:31bf369b:start=1579030706970096929,finish=1579030706972863742,duration=2766813,event=rvm_use[0Ktravis_time:start:005927e8[0Ktravis_time:end:005927e8:start=1579030706975600776,finish=1579030706982864991,duration=7264215,event=rm_etc_boto_cfg[0Ktravis_time:start:1b95864b[0Ktravis_time:end:1b95864b:start=1579030706985941971,finish=1579030706988489546,duration=2547575,event=rm_oraclejdk8_symlink[0Ktravis_time:start:16b99c92[0Ktravis_time:end:16b99c92:start=1579030706991229640,finish=1579030707086578536,duration=95348896,event=enable_i386[0Ktravis_time:start:18306284[0Ktravis_time:end:18306284:start=1579030707089730477,finish=1579030707095825496,duration=6095019,event=update_rubygems[0Ktravis_time:start:004691be[0Ktravis_time:end:004691be:start=1579030707098906035,finish=1579030707876923451,duration=778017416,event=ensure_path_components[0Ktravis_time:start:020b1362[0Ktravis_time:end:020b1362:start=1579030707880213937,finish=1579030707882549408,duration=2335471,event=redefine_curl[0Ktravis_time:start:1659e2d2[0Ktravis_time:end:1659e2d2:start=1579030707885683769,finish=1579030707888024277,duration=2340508,event=nonblock_pipe[0Ktravis_time:start:1d480940[0Ktravis_time:end:1d480940:start=1579030707890867173,finish=1579030713923545361,duration=6032678188,event=apt_get_update[0Ktravis_time:start:11d7fa5d[0Ktravis_time:end:11d7fa5d:start=1579030713926602650,finish=1579030713928688041,duration=2085391,event=deprecate_xcode_64[0Ktravis_time:start:019fd718[0Ktravis_time:end:019fd718:start=1579030713931372494,finish=1579030716244754834,duration=2313382340,event=update_heroku[0Ktravis_time:start:0c50db90[0Ktravis_time:end:0c50db90:start=1579030716247650829,finish=1579030716249666918,duration=2016089,event=shell_session_update[0Ktravis_time:start:0746f085[0Ktravis_fold:start:docker_mtu[0Ktravis_fold:end:docker_mtu[0Ktravis_time:end:0746f085:start=1579030716252351203,finish=1579030718363813615,duration=2111462412,event=set_docker_mtu[0Ktravis_time:start:218339ac[0Ktravis_fold:start:resolvconf[0Ktravis_fold:end:resolvconf[0Ktravis_time:end:218339ac:start=1579030718366894339,finish=1579030718428432189,duration=61537850,event=resolvconf[0Ktravis_time:start:096154d6[0Ktravis_time:end:096154d6:start=1579030718435426171,finish=1579030718565116038,duration=129689867,event=maven_central_mirror[0Ktravis_time:start:05b1157c[0Ktravis_time:end:05b1157c:start=1579030718574224412,finish=1579030718576531302,duration=2306890,event=fix_ps4[0Ktravis_time:start:36f3fa3a[0K
travis_fold:start:git.checkout[0Ktravis_time:start:007a30e6[0K$ git clone --depth=50 --branch=version-compat https://github.com/Ibotta/sk-dist.git Ibotta/sk-dist
Cloning into 'Ibotta/sk-dist'...
remote: Enumerating objects: 29, done.[K
remote: Counting objects:   3% (1/29)[Kremote: Counting objects:   6% (2/29)[Kremote: Counting objects:  10% (3/29)[Kremote: Counting objects:  13% (4/29)[Kremote: Counting objects:  17% (5/29)[Kremote: Counting objects:  20% (6/29)[Kremote: Counting objects:  24% (7/29)[Kremote: Counting objects:  27% (8/29)[Kremote: Counting objects:  31% (9/29)[Kremote: Counting objects:  34% (10/29)[Kremote: Counting objects:  37% (11/29)[Kremote: Counting objects:  41% (12/29)[Kremote: Counting objects:  44% (13/29)[Kremote: Counting objects:  48% (14/29)[Kremote: Counting objects:  51% (15/29)[Kremote: Counting objects:  55% (16/29)[Kremote: Counting objects:  58% (17/29)[Kremote: Counting objects:  62% (18/29)[Kremote: Counting objects:  65% (19/29)[Kremote: Counting objects:  68% (20/29)[Kremote: Counting objects:  72% (21/29)[Kremote: Counting objects:  75% (22/29)[Kremote: Counting objects:  79% (23/29)[Kremote: Counting objects:  82% (24/29)[Kremote: Counting objects:  86% (25/29)[Kremote: Counting objects:  89% (26/29)[Kremote: Counting objects:  93% (27/29)[Kremote: Counting objects:  96% (28/29)[Kremote: Counting objects: 100% (29/29)[Kremote: Counting objects: 100% (29/29), done.[K
remote: Compressing objects:   4% (1/22)[Kremote: Compressing objects:   9% (2/22)[Kremote: Compressing objects:  13% (3/22)[Kremote: Compressing objects:  18% (4/22)[Kremote: Compressing objects:  22% (5/22)[Kremote: Compressing objects:  27% (6/22)[Kremote: Compressing objects:  31% (7/22)[Kremote: Compressing objects:  36% (8/22)[Kremote: Compressing objects:  40% (9/22)[Kremote: Compressing objects:  45% (10/22)[Kremote: Compressing objects:  50% (11/22)[Kremote: Compressing objects:  54% (12/22)[Kremote: Compressing objects:  59% (13/22)[Kremote: Compressing objects:  63% (14/22)[Kremote: Compressing objects:  68% (15/22)[Kremote: Compressing objects:  72% (16/22)[Kremote: Compressing objects:  77% (17/22)[Kremote: Compressing objects:  81% (18/22)[Kremote: Compressing objects:  86% (19/22)[Kremote: Compressing objects:  90% (20/22)[Kremote: Compressing objects:  95% (21/22)[Kremote: Compressing objects: 100% (22/22)[Kremote: Compressing objects: 100% (22/22), done.[K
Receiving objects:   0% (1/298)   Receiving objects:   1% (3/298)   Receiving objects:   2% (6/298)   Receiving objects:   3% (9/298)   Receiving objects:   4% (12/298)   Receiving objects:   5% (15/298)   Receiving objects:   6% (18/298)   Receiving objects:   7% (21/298)   Receiving objects:   8% (24/298)   Receiving objects:   9% (27/298)   Receiving objects:  10% (30/298)   Receiving objects:  11% (33/298)   Receiving objects:  12% (36/298)   Receiving objects:  13% (39/298)   Receiving objects:  14% (42/298)   Receiving objects:  15% (45/298)   Receiving objects:  16% (48/298)   Receiving objects:  17% (51/298)   Receiving objects:  18% (54/298)   Receiving objects:  19% (57/298)   Receiving objects:  20% (60/298)   Receiving objects:  21% (63/298)   Receiving objects:  22% (66/298)   Receiving objects:  23% (69/298)   Receiving objects:  24% (72/298)   Receiving objects:  25% (75/298)   Receiving objects:  26% (78/298)   Receiving objects:  27% (81/298)   Receiving objects:  28% (84/298)   Receiving objects:  29% (87/298)   Receiving objects:  30% (90/298)   Receiving objects:  31% (93/298)   Receiving objects:  32% (96/298)   Receiving objects:  33% (99/298)   Receiving objects:  34% (102/298)   Receiving objects:  35% (105/298)   Receiving objects:  36% (108/298)   Receiving objects:  37% (111/298)   remote: Total 298 (delta 14), reused 17 (delta 7), pack-reused 269[K
Receiving objects:  38% (114/298)   Receiving objects:  39% (117/298)   Receiving objects:  40% (120/298)   Receiving objects:  41% (123/298)   Receiving objects:  42% (126/298)   Receiving objects:  43% (129/298)   Receiving objects:  44% (132/298)   Receiving objects:  45% (135/298)   Receiving objects:  46% (138/298)   Receiving objects:  47% (141/298)   Receiving objects:  48% (144/298)   Receiving objects:  49% (147/298)   Receiving objects:  50% (149/298)   Receiving objects:  51% (152/298)   Receiving objects:  52% (155/298)   Receiving objects:  53% (158/298)   Receiving objects:  54% (161/298)   Receiving objects:  55% (164/298)   Receiving objects:  56% (167/298)   Receiving objects:  57% (170/298)   Receiving objects:  58% (173/298)   Receiving objects:  59% (176/298)   Receiving objects:  60% (179/298)   Receiving objects:  61% (182/298)   Receiving objects:  62% (185/298)   Receiving objects:  63% (188/298)   Receiving objects:  64% (191/298)   Receiving objects:  65% (194/298)   Receiving objects:  66% (197/298)   Receiving objects:  67% (200/298)   Receiving objects:  68% (203/298)   Receiving objects:  69% (206/298)   Receiving objects:  70% (209/298)   Receiving objects:  71% (212/298)   Receiving objects:  72% (215/298)   Receiving objects:  73% (218/298)   Receiving objects:  74% (221/298)   Receiving objects:  75% (224/298)   Receiving objects:  76% (227/298)   Receiving objects:  77% (230/298)   Receiving objects:  78% (233/298)   Receiving objects:  79% (236/298)   Receiving objects:  80% (239/298)   Receiving objects:  81% (242/298)   Receiving objects:  82% (245/298)   Receiving objects:  83% (248/298)   Receiving objects:  84% (251/298)   Receiving objects:  85% (254/298)   Receiving objects:  86% (257/298)   Receiving objects:  87% (260/298)   Receiving objects:  88% (263/298)   Receiving objects:  89% (266/298)   Receiving objects:  90% (269/298)   Receiving objects:  91% (272/298)   Receiving objects:  92% (275/298)   Receiving objects:  93% (278/298)   Receiving objects:  94% (281/298)   Receiving objects:  95% (284/298)   Receiving objects:  96% (287/298)   Receiving objects:  97% (290/298)   Receiving objects:  98% (293/298)   Receiving objects:  99% (296/298)   Receiving objects: 100% (298/298)   Receiving objects: 100% (298/298), 254.33 KiB | 5.78 MiB/s, done.
Resolving deltas:   0% (0/146)   Resolving deltas:   2% (3/146)   Resolving deltas:  11% (17/146)   Resolving deltas:  12% (18/146)   Resolving deltas:  19% (29/146)   Resolving deltas:  21% (32/146)   Resolving deltas:  23% (34/146)   Resolving deltas:  24% (36/146)   Resolving deltas:  26% (39/146)   Resolving deltas:  28% (42/146)   Resolving deltas:  29% (43/146)   Resolving deltas:  35% (52/146)   Resolving deltas:  37% (55/146)   Resolving deltas:  38% (56/146)   Resolving deltas:  39% (57/146)   Resolving deltas:  41% (61/146)   Resolving deltas:  43% (64/146)   Resolving deltas:  44% (65/146)   Resolving deltas:  45% (66/146)   Resolving deltas:  47% (69/146)   Resolving deltas:  52% (77/146)   Resolving deltas:  53% (78/146)   Resolving deltas:  56% (82/146)   Resolving deltas:  57% (84/146)   Resolving deltas:  58% (85/146)   Resolving deltas:  59% (87/146)   Resolving deltas:  60% (88/146)   Resolving deltas:  61% (90/146)   Resolving deltas:  62% (91/146)   Resolving deltas:  64% (94/146)   Resolving deltas:  65% (95/146)   Resolving deltas:  66% (97/146)   Resolving deltas:  67% (99/146)   Resolving deltas:  68% (100/146)   Resolving deltas:  71% (105/146)   Resolving deltas:  72% (106/146)   Resolving deltas:  76% (111/146)   Resolving deltas:  81% (119/146)   Resolving deltas:  82% (120/146)   Resolving deltas:  89% (131/146)   Resolving deltas:  94% (138/146)   Resolving deltas:  95% (139/146)   Resolving deltas:  98% (144/146)   Resolving deltas: 100% (146/146)   Resolving deltas: 100% (146/146), done.
travis_time:end:007a30e6:start=1579030718582371921,finish=1579030719092141185,duration=509769264,event=checkout[0K$ cd Ibotta/sk-dist
$ git checkout -qf b27586675b6ae862a20071764c360eb1a4032ab5
travis_fold:end:git.checkout[0K
travis_time:end:007a30e6:start=1579030718582371921,finish=1579030719100447768,duration=518075847,event=checkout[0Ktravis_time:start:12bb877e[0K
[33;1mSetting environment variables from .travis.yml[0m
$ export TEST_SUITE=spark_2_4

travis_time:end:12bb877e:start=1579030719103370955,finish=1579030719109366889,duration=5995934,event=env[0Ktravis_time:start:00e09590[0K$ source ~/virtualenv/python3.6/bin/activate
travis_time:end:00e09590:start=1579030719112550659,finish=1579030719118758119,duration=6207460,event=[0K$ python --version
Python 3.6.7
$ pip --version
pip 19.0.3 from /home/travis/virtualenv/python3.6.7/lib/python3.6/site-packages/pip (python 3.6)
Could not locate requirements.txt. Override the install: key in your .travis.yml to install dependencies.
travis_time:start:28b15884[0K$ build_tools/$TEST_SUITE.sh
Obtaining file:///home/travis/build/Ibotta/sk-dist
Collecting pandas>=0.19.0 (from sk-dist==0.1.7)
[?25l  Downloading https://files.pythonhosted.org/packages/52/3f/f6a428599e0d4497e1595030965b5ba455fd8ade6e977e3c819973c4b41d/pandas-0.25.3-cp36-cp36m-manylinux1_x86_64.whl (10.4MB)

[?25hCollecting numpy==1.14.0 (from sk-dist==0.1.7)
[?25l  Downloading https://files.pythonhosted.org/packages/dc/ac/5c270dffb864f23315e9c1f9e0a0b300c797b3c170666c031c4de42aacae/numpy-1.14.0-cp36-cp36m-manylinux1_x86_64.whl (17.2MB)

[?25hCollecting scipy==0.17.0 (from sk-dist==0.1.7)
[?25l  Downloading https://files.pythonhosted.org/packages/16/87/fdd4d069b1e784d4598605c20d8a7c535883b298aef960dc286b395359d7/scipy-0.17.0.tar.gz (12.4MB)

[?25hCollecting scikit-learn==0.20.0 (from sk-dist==0.1.7)
[?25l  Downloading https://files.pythonhosted.org/packages/0c/b2/05be9b6da9ae4a4c54f537be22e95833f722742a02b1e355fdc09363877c/scikit_learn-0.20.0-cp36-cp36m-manylinux1_x86_64.whl (5.3MB)

[?25hCollecting joblib>=0.11 (from sk-dist==0.1.7)
[?25l  Downloading https://files.pythonhosted.org/packages/28/5c/cf6a2b65a321c4a209efcdf64c2689efae2cb62661f8f6f4bb28547cf1bf/joblib-0.14.1-py2.py3-none-any.whl (294kB)

[?25hCollecting xgboost>=0.4 (from sk-dist==0.1.7)
[?25l  Downloading https://files.pythonhosted.org/packages/c1/24/5fe7237b2eca13ee0cfb100bec8c23f4e69ce9df852a64b0493d49dae4e0/xgboost-0.90-py2.py3-none-manylinux1_x86_64.whl (142.8MB)

[?25hCollecting pyarrow>=0.8.0 (from sk-dist==0.1.7)
[?25l  Downloading https://files.pythonhosted.org/packages/6c/32/ce1926f05679ea5448fd3b98fbd9419d8c7a65f87d1a12ee5fb9577e3a8e/pyarrow-0.15.1-cp36-cp36m-manylinux2010_x86_64.whl (59.2MB)

[?25hCollecting pyspark>=2.4.4 (from sk-dist==0.1.7)
[?25l  Downloading https://files.pythonhosted.org/packages/87/21/f05c186f4ddb01d15d0ddc36ef4b7e3cedbeb6412274a41f26b55a650ee5/pyspark-2.4.4.tar.gz (215.7MB)

[?25hCollecting pytest-spark>=0.4.5 (from sk-dist==0.1.7)
  Downloading https://files.pythonhosted.org/packages/9f/a9/8b4bc6c416bc8875b56e3bd290ce68dc65ad03e7cbfad878477f694525ca/pytest_spark-0.5.2-py3-none-any.whl
Collecting python-dateutil>=2.6.1 (from pandas>=0.19.0->sk-dist==0.1.7)
[?25l  Downloading https://files.pythonhosted.org/packages/d4/70/d60450c3dd48ef87586924207ae8907090de0b306af2bce5d134d78615cb/python_dateutil-2.8.1-py2.py3-none-any.whl (227kB)

[?25hCollecting pytz>=2017.2 (from pandas>=0.19.0->sk-dist==0.1.7)
[?25l  Downloading https://files.pythonhosted.org/packages/e7/f9/f0b53f88060247251bf481fa6ea62cd0d25bf1b11a87888e53ce5b7c8ad2/pytz-2019.3-py2.py3-none-any.whl (509kB)

[?25hRequirement already satisfied: six>=1.0.0 in /home/travis/virtualenv/python3.6.7/lib/python3.6/site-packages (from pyarrow>=0.8.0->sk-dist==0.1.7) (1.11.0)
Collecting py4j==0.10.7 (from pyspark>=2.4.4->sk-dist==0.1.7)
[?25l  Downloading https://files.pythonhosted.org/packages/e3/53/c737818eb9a7dc32a7cd4f1396e787bd94200c3997c72c1dbe028587bd76/py4j-0.10.7-py2.py3-none-any.whl (197kB)

[?25hCollecting findspark (from pytest-spark>=0.4.5->sk-dist==0.1.7)
  Downloading https://files.pythonhosted.org/packages/b1/c8/e6e1f6a303ae5122dc28d131b5a67c5eb87cbf8f7ac5b9f87764ea1b1e1e/findspark-1.3.0-py2.py3-none-any.whl
Requirement already satisfied: pytest in /home/travis/virtualenv/python3.6.7/lib/python3.6/site-packages (from pytest-spark>=0.4.5->sk-dist==0.1.7) (4.3.1)
Requirement already satisfied: setuptools in /home/travis/virtualenv/python3.6.7/lib/python3.6/site-packages (from pytest->pytest-spark>=0.4.5->sk-dist==0.1.7) (40.8.0)
Requirement already satisfied: py>=1.5.0 in /home/travis/virtualenv/python3.6.7/lib/python3.6/site-packages (from pytest->pytest-spark>=0.4.5->sk-dist==0.1.7) (1.7.0)
Requirement already satisfied: more-itertools>=4.0.0; python_version > "2.7" in /home/travis/virtualenv/python3.6.7/lib/python3.6/site-packages (from pytest->pytest-spark>=0.4.5->sk-dist==0.1.7) (4.3.0)
Requirement already satisfied: pluggy>=0.7 in /home/travis/virtualenv/python3.6.7/lib/python3.6/site-packages (from pytest->pytest-spark>=0.4.5->sk-dist==0.1.7) (0.8.0)
Requirement already satisfied: attrs>=17.4.0 in /home/travis/virtualenv/python3.6.7/lib/python3.6/site-packages (from pytest->pytest-spark>=0.4.5->sk-dist==0.1.7) (18.2.0)
Requirement already satisfied: atomicwrites>=1.0 in /home/travis/virtualenv/python3.6.7/lib/python3.6/site-packages (from pytest->pytest-spark>=0.4.5->sk-dist==0.1.7) (1.2.1)
Building wheels for collected packages: scipy, pyspark
  Building wheel for scipy (setup.py) ... [?25l- error
  Complete output from command /home/travis/virtualenv/python3.6.7/bin/python -u -c "import setuptools, tokenize;__file__='/tmp/pip-install-7uy51kcj/scipy/setup.py';f=getattr(tokenize, 'open', open)(__file__);code=f.read().replace('\r\n', '\n');f.close();exec(compile(code, __file__, 'exec'))" bdist_wheel -d /tmp/pip-wheel-yunv8nyf --python-tag cp36:
  lapack_opt_info:
  lapack_mkl_info:
  customize UnixCCompiler
    libraries mkl_rt not found in ['/home/travis/virtualenv/python3.6.7/lib', '/usr/local/lib', '/usr/lib', '/usr/lib/x86_64-linux-gnu']
    NOT AVAILABLE
  
  openblas_lapack_info:
  customize UnixCCompiler
  customize UnixCCompiler
    libraries openblas not found in ['/home/travis/virtualenv/python3.6.7/lib', '/usr/local/lib', '/usr/lib', '/usr/lib/x86_64-linux-gnu']
    NOT AVAILABLE
  
  openblas_clapack_info:
  customize UnixCCompiler
  customize UnixCCompiler
    libraries openblas,lapack not found in ['/home/travis/virtualenv/python3.6.7/lib', '/usr/local/lib', '/usr/lib', '/usr/lib/x86_64-linux-gnu']
    NOT AVAILABLE
  
  atlas_3_10_threads_info:
  Setting PTATLAS=ATLAS
  customize UnixCCompiler
    libraries lapack_atlas not found in /home/travis/virtualenv/python3.6.7/lib
  customize UnixCCompiler
    libraries tatlas,tatlas not found in /home/travis/virtualenv/python3.6.7/lib
  customize UnixCCompiler
    libraries lapack_atlas not found in /usr/local/lib
  customize UnixCCompiler
    libraries tatlas,tatlas not found in /usr/local/lib
  customize UnixCCompiler
    libraries lapack_atlas not found in /usr/lib
  customize UnixCCompiler
    libraries tatlas,tatlas not found in /usr/lib
  customize UnixCCompiler
    libraries lapack_atlas not found in /usr/lib/x86_64-linux-gnu
  customize UnixCCompiler
    libraries tatlas,tatlas not found in /usr/lib/x86_64-linux-gnu
  <class 'numpy.distutils.system_info.atlas_3_10_threads_info'>
    NOT AVAILABLE
  
  atlas_3_10_info:
  customize UnixCCompiler
    libraries lapack_atlas not found in /home/travis/virtualenv/python3.6.7/lib
  customize UnixCCompiler
    libraries satlas,satlas not found in /home/travis/virtualenv/python3.6.7/lib
  customize UnixCCompiler
    libraries lapack_atlas not found in /usr/local/lib
  customize UnixCCompiler
    libraries satlas,satlas not found in /usr/local/lib
  customize UnixCCompiler
    libraries lapack_atlas not found in /usr/lib
  customize UnixCCompiler
    libraries satlas,satlas not found in /usr/lib
  customize UnixCCompiler
    libraries lapack_atlas not found in /usr/lib/x86_64-linux-gnu
  customize UnixCCompiler
    libraries satlas,satlas not found in /usr/lib/x86_64-linux-gnu
  <class 'numpy.distutils.system_info.atlas_3_10_info'>
    NOT AVAILABLE
  
  atlas_threads_info:
  Setting PTATLAS=ATLAS
  customize UnixCCompiler
    libraries lapack_atlas not found in /home/travis/virtualenv/python3.6.7/lib
  customize UnixCCompiler
    libraries ptf77blas,ptcblas,atlas not found in /home/travis/virtualenv/python3.6.7/lib
  customize UnixCCompiler
    libraries lapack_atlas not found in /usr/local/lib
  customize UnixCCompiler
    libraries ptf77blas,ptcblas,atlas not found in /usr/local/lib
  customize UnixCCompiler
    libraries lapack_atlas not found in /usr/lib
  customize UnixCCompiler
    libraries ptf77blas,ptcblas,atlas not found in /usr/lib
  customize UnixCCompiler
    libraries lapack_atlas not found in /usr/lib/x86_64-linux-gnu
  customize UnixCCompiler
    libraries ptf77blas,ptcblas,atlas not found in /usr/lib/x86_64-linux-gnu
  <class 'numpy.distutils.system_info.atlas_threads_info'>
    NOT AVAILABLE
  
  atlas_info:
  customize UnixCCompiler
    libraries lapack_atlas not found in /home/travis/virtualenv/python3.6.7/lib
  customize UnixCCompiler
    libraries f77blas,cblas,atlas not found in /home/travis/virtualenv/python3.6.7/lib
  customize UnixCCompiler
    libraries lapack_atlas not found in /usr/local/lib
  customize UnixCCompiler
    libraries f77blas,cblas,atlas not found in /usr/local/lib
  customize UnixCCompiler
    libraries lapack_atlas not found in /usr/lib
  customize UnixCCompiler
    libraries f77blas,cblas,atlas not found in /usr/lib
  customize UnixCCompiler
    libraries lapack_atlas not found in /usr/lib/x86_64-linux-gnu
  customize UnixCCompiler
    libraries f77blas,cblas,atlas not found in /usr/lib/x86_64-linux-gnu
  <class 'numpy.distutils.system_info.atlas_info'>
    NOT AVAILABLE
  
  accelerate_info:
    NOT AVAILABLE
  
  /home/travis/virtualenv/python3.6.7/lib/python3.6/site-packages/numpy/distutils/system_info.py:638: UserWarning:
      Atlas (http://math-atlas.sourceforge.net/) libraries not found.
      Directories to search for the libraries can be specified in the
      numpy/distutils/site.cfg file (section [atlas]) or by setting
      the ATLAS environment variable.
    self.calc_info()
  lapack_info:
  customize UnixCCompiler
    libraries lapack not found in ['/home/travis/virtualenv/python3.6.7/lib', '/usr/local/lib', '/usr/lib', '/usr/lib/x86_64-linux-gnu']
    NOT AVAILABLE
  
  /home/travis/virtualenv/python3.6.7/lib/python3.6/site-packages/numpy/distutils/system_info.py:638: UserWarning:
      Lapack (http://www.netlib.org/lapack/) libraries not found.
      Directories to search for the libraries can be specified in the
      numpy/distutils/site.cfg file (section [lapack]) or by setting
      the LAPACK environment variable.
    self.calc_info()
  lapack_src_info:
    NOT AVAILABLE
  
  /home/travis/virtualenv/python3.6.7/lib/python3.6/site-packages/numpy/distutils/system_info.py:638: UserWarning:
      Lapack (http://www.netlib.org/lapack/) sources not found.
      Directories to search for the sources can be specified in the
      numpy/distutils/site.cfg file (section [lapack_src]) or by setting
      the LAPACK_SRC environment variable.
    self.calc_info()
    NOT AVAILABLE
  
  Running from scipy source directory.
  Traceback (most recent call last):
    File "<string>", line 1, in <module>
    File "/tmp/pip-install-7uy51kcj/scipy/setup.py", line 265, in <module>
      setup_package()
    File "/tmp/pip-install-7uy51kcj/scipy/setup.py", line 262, in setup_package
      setup(**metadata)
    File "/home/travis/virtualenv/python3.6.7/lib/python3.6/site-packages/numpy/distutils/core.py", line 137, in setup
      config = configuration()
    File "/tmp/pip-install-7uy51kcj/scipy/setup.py", line 182, in configuration
      config.add_subpackage('scipy')
    File "/home/travis/virtualenv/python3.6.7/lib/python3.6/site-packages/numpy/distutils/misc_util.py", line 1036, in add_subpackage
      caller_level = 2)
    File "/home/travis/virtualenv/python3.6.7/lib/python3.6/site-packages/numpy/distutils/misc_util.py", line 1005, in get_subpackage
      caller_level = caller_level + 1)
    File "/home/travis/virtualenv/python3.6.7/lib/python3.6/site-packages/numpy/distutils/misc_util.py", line 942, in _get_configuration_from_setup_py
      config = setup_module.configuration(*args)
    File "scipy/setup.py", line 15, in configuration
      config.add_subpackage('linalg')
    File "/home/travis/virtualenv/python3.6.7/lib/python3.6/site-packages/numpy/distutils/misc_util.py", line 1036, in add_subpackage
      caller_level = 2)
    File "/home/travis/virtualenv/python3.6.7/lib/python3.6/site-packages/numpy/distutils/misc_util.py", line 1005, in get_subpackage
      caller_level = caller_level + 1)
    File "/home/travis/virtualenv/python3.6.7/lib/python3.6/site-packages/numpy/distutils/misc_util.py", line 942, in _get_configuration_from_setup_py
      config = setup_module.configuration(*args)
    File "scipy/linalg/setup.py", line 20, in configuration
      raise NotFoundError('no lapack/blas resources found')
  numpy.distutils.system_info.NotFoundError: no lapack/blas resources found
  
  ----------------------------------------
[31m  Failed building wheel for scipy[0m
[?25h  Running setup.py clean for scipy
  Building wheel for pyspark (setup.py) ... [?25l- \ | / - \ | / - \ | / - \ | / - \ | / - \ | / - \ | / - \ | / - \ | / - \ | / - \ done
[?25h  Stored in directory: /home/travis/.cache/pip/wheels/ab/09/4d/0d184230058e654eb1b04467dbc1292f00eaa186544604b471
Successfully built pyspark
Failed to build scipy
Installing collected packages: python-dateutil, pytz, numpy, pandas, scipy, scikit-learn, joblib, xgboost, pyarrow, py4j, pyspark, findspark, pytest-spark, sk-dist
  Found existing installation: numpy 1.16.2
    Uninstalling numpy-1.16.2:
      Successfully uninstalled numpy-1.16.2
  Running setup.py install for scipy ... [?25l- error
    Complete output from command /home/travis/virtualenv/python3.6.7/bin/python -u -c "import setuptools, tokenize;__file__='/tmp/pip-install-7uy51kcj/scipy/setup.py';f=getattr(tokenize, 'open', open)(__file__);code=f.read().replace('\r\n', '\n');f.close();exec(compile(code, __file__, 'exec'))" install --record /tmp/pip-record-1rvl88ot/install-record.txt --single-version-externally-managed --compile --install-headers /home/travis/virtualenv/python3.6.7/include/site/python3.6/scipy:
    lapack_opt_info:
    lapack_mkl_info:
    customize UnixCCompiler
      libraries mkl_rt not found in ['/home/travis/virtualenv/python3.6.7/lib', '/usr/local/lib', '/usr/lib', '/usr/lib/x86_64-linux-gnu']
      NOT AVAILABLE
    
    openblas_lapack_info:
    customize UnixCCompiler
    customize UnixCCompiler
      libraries openblas not found in ['/home/travis/virtualenv/python3.6.7/lib', '/usr/local/lib', '/usr/lib', '/usr/lib/x86_64-linux-gnu']
      NOT AVAILABLE
    
    openblas_clapack_info:
    customize UnixCCompiler
    customize UnixCCompiler
      libraries openblas,lapack not found in ['/home/travis/virtualenv/python3.6.7/lib', '/usr/local/lib', '/usr/lib', '/usr/lib/x86_64-linux-gnu']
      NOT AVAILABLE
    
    atlas_3_10_threads_info:
    Setting PTATLAS=ATLAS
    customize UnixCCompiler
      libraries tatlas,tatlas not found in /home/travis/virtualenv/python3.6.7/lib
    customize UnixCCompiler
      libraries lapack_atlas not found in /home/travis/virtualenv/python3.6.7/lib
    customize UnixCCompiler
      libraries tatlas,tatlas not found in /usr/local/lib
    customize UnixCCompiler
      libraries lapack_atlas not found in /usr/local/lib
    customize UnixCCompiler
      libraries tatlas,tatlas not found in /usr/lib
    customize UnixCCompiler
      libraries lapack_atlas not found in /usr/lib
    customize UnixCCompiler
      libraries tatlas,tatlas not found in /usr/lib/x86_64-linux-gnu
    customize UnixCCompiler
      libraries lapack_atlas not found in /usr/lib/x86_64-linux-gnu
    <class 'numpy.distutils.system_info.atlas_3_10_threads_info'>
      NOT AVAILABLE
    
    atlas_3_10_info:
    customize UnixCCompiler
      libraries satlas,satlas not found in /home/travis/virtualenv/python3.6.7/lib
    customize UnixCCompiler
      libraries lapack_atlas not found in /home/travis/virtualenv/python3.6.7/lib
    customize UnixCCompiler
      libraries satlas,satlas not found in /usr/local/lib
    customize UnixCCompiler
      libraries lapack_atlas not found in /usr/local/lib
    customize UnixCCompiler
      libraries satlas,satlas not found in /usr/lib
    customize UnixCCompiler
      libraries lapack_atlas not found in /usr/lib
    customize UnixCCompiler
      libraries satlas,satlas not found in /usr/lib/x86_64-linux-gnu
    customize UnixCCompiler
      libraries lapack_atlas not found in /usr/lib/x86_64-linux-gnu
    <class 'numpy.distutils.system_info.atlas_3_10_info'>
      NOT AVAILABLE
    
    atlas_threads_info:
    Setting PTATLAS=ATLAS
    customize UnixCCompiler
      libraries ptf77blas,ptcblas,atlas not found in /home/travis/virtualenv/python3.6.7/lib
    customize UnixCCompiler
      libraries lapack_atlas not found in /home/travis/virtualenv/python3.6.7/lib
    customize UnixCCompiler
      libraries ptf77blas,ptcblas,atlas not found in /usr/local/lib
    customize UnixCCompiler
      libraries lapack_atlas not found in /usr/local/lib
    customize UnixCCompiler
      libraries ptf77blas,ptcblas,atlas not found in /usr/lib
    customize UnixCCompiler
      libraries lapack_atlas not found in /usr/lib
    customize UnixCCompiler
      libraries ptf77blas,ptcblas,atlas not found in /usr/lib/x86_64-linux-gnu
    customize UnixCCompiler
      libraries lapack_atlas not found in /usr/lib/x86_64-linux-gnu
    <class 'numpy.distutils.system_info.atlas_threads_info'>
      NOT AVAILABLE
    
    atlas_info:
    customize UnixCCompiler
      libraries f77blas,cblas,atlas not found in /home/travis/virtualenv/python3.6.7/lib
    customize UnixCCompiler
      libraries lapack_atlas not found in /home/travis/virtualenv/python3.6.7/lib
    customize UnixCCompiler
      libraries f77blas,cblas,atlas not found in /usr/local/lib
    customize UnixCCompiler
      libraries lapack_atlas not found in /usr/local/lib
    customize UnixCCompiler
      libraries f77blas,cblas,atlas not found in /usr/lib
    customize UnixCCompiler
      libraries lapack_atlas not found in /usr/lib
    customize UnixCCompiler
      libraries f77blas,cblas,atlas not found in /usr/lib/x86_64-linux-gnu
    customize UnixCCompiler
      libraries lapack_atlas not found in /usr/lib/x86_64-linux-gnu
    <class 'numpy.distutils.system_info.atlas_info'>
      NOT AVAILABLE
    
    /home/travis/virtualenv/python3.6.7/lib/python3.6/site-packages/numpy/distutils/system_info.py:624: UserWarning:
        Atlas (http://math-atlas.sourceforge.net/) libraries not found.
        Directories to search for the libraries can be specified in the
        numpy/distutils/site.cfg file (section [atlas]) or by setting
        the ATLAS environment variable.
      self.calc_info()
    lapack_info:
    customize UnixCCompiler
      libraries lapack not found in ['/home/travis/virtualenv/python3.6.7/lib', '/usr/local/lib', '/usr/lib', '/usr/lib/x86_64-linux-gnu']
      NOT AVAILABLE
    
    /home/travis/virtualenv/python3.6.7/lib/python3.6/site-packages/numpy/distutils/system_info.py:624: UserWarning:
        Lapack (http://www.netlib.org/lapack/) libraries not found.
        Directories to search for the libraries can be specified in the
        numpy/distutils/site.cfg file (section [lapack]) or by setting
        the LAPACK environment variable.
      self.calc_info()
    lapack_src_info:
      NOT AVAILABLE
    
    /home/travis/virtualenv/python3.6.7/lib/python3.6/site-packages/numpy/distutils/system_info.py:624: UserWarning:
        Lapack (http://www.netlib.org/lapack/) sources not found.
        Directories to search for the sources can be specified in the
        numpy/distutils/site.cfg file (section [lapack_src]) or by setting
        the LAPACK_SRC environment variable.
      self.calc_info()
      NOT AVAILABLE
    
    Running from scipy source directory.
    Traceback (most recent call last):
      File "<string>", line 1, in <module>
      File "/tmp/pip-install-7uy51kcj/scipy/setup.py", line 265, in <module>
        setup_package()
      File "/tmp/pip-install-7uy51kcj/scipy/setup.py", line 262, in setup_package
        setup(**metadata)
      File "/home/travis/virtualenv/python3.6.7/lib/python3.6/site-packages/numpy/distutils/core.py", line 135, in setup
        config = configuration()
      File "/tmp/pip-install-7uy51kcj/scipy/setup.py", line 182, in configuration
        config.add_subpackage('scipy')
      File "/home/travis/virtualenv/python3.6.7/lib/python3.6/site-packages/numpy/distutils/misc_util.py", line 1024, in add_subpackage
        caller_level = 2)
      File "/home/travis/virtualenv/python3.6.7/lib/python3.6/site-packages/numpy/distutils/misc_util.py", line 993, in get_subpackage
        caller_level = caller_level + 1)
      File "/home/travis/virtualenv/python3.6.7/lib/python3.6/site-packages/numpy/distutils/misc_util.py", line 930, in _get_configuration_from_setup_py
        config = setup_module.configuration(*args)
      File "scipy/setup.py", line 15, in configuration
        config.add_subpackage('linalg')
      File "/home/travis/virtualenv/python3.6.7/lib/python3.6/site-packages/numpy/distutils/misc_util.py", line 1024, in add_subpackage
        caller_level = 2)
      File "/home/travis/virtualenv/python3.6.7/lib/python3.6/site-packages/numpy/distutils/misc_util.py", line 993, in get_subpackage
        caller_level = caller_level + 1)
      File "/home/travis/virtualenv/python3.6.7/lib/python3.6/site-packages/numpy/distutils/misc_util.py", line 930, in _get_configuration_from_setup_py
        config = setup_module.configuration(*args)
      File "scipy/linalg/setup.py", line 20, in configuration
        raise NotFoundError('no lapack/blas resources found')
    numpy.distutils.system_info.NotFoundError: no lapack/blas resources found
    
    ----------------------------------------
[31mCommand "/home/travis/virtualenv/python3.6.7/bin/python -u -c "import setuptools, tokenize;__file__='/tmp/pip-install-7uy51kcj/scipy/setup.py';f=getattr(tokenize, 'open', open)(__file__);code=f.read().replace('\r\n', '\n');f.close();exec(compile(code, __file__, 'exec'))" install --record /tmp/pip-record-1rvl88ot/install-record.txt --single-version-externally-managed --compile --install-headers /home/travis/virtualenv/python3.6.7/include/site/python3.6/scipy" failed with error code 1 in /tmp/pip-install-7uy51kcj/scipy/[0m
[?25hNo broken requirements found.
[1m============================= test session starts ==============================[0m
platform linux -- Python 3.6.7, pytest-4.3.1, py-1.7.0, pluggy-0.8.0
rootdir: /home/travis/build/Ibotta/sk-dist, inifile:
[1mcollecting ... [0m[1mcollecting 2 items                                                             [0m[1mcollecting 11 items                                                            [0m[1mcollected 46 items / 3 errors / 43 selected                                    [0m

==================================== ERRORS ====================================
[31m[1m__________ ERROR collecting skdist/distribute/tests/test_eliminate.py __________[0m
[31mImportError while importing test module '/home/travis/build/Ibotta/sk-dist/skdist/distribute/tests/test_eliminate.py'.
Hint: make sure your test modules/packages have valid Python names.
Traceback:
skdist/distribute/tests/test_eliminate.py:7: in <module>
    from scipy.sparse import csr_matrix
E   ModuleNotFoundError: No module named 'scipy'[0m
[31m[1m___________ ERROR collecting skdist/distribute/tests/test_search.py ____________[0m
[31mImportError while importing test module '/home/travis/build/Ibotta/sk-dist/skdist/distribute/tests/test_search.py'.
Hint: make sure your test modules/packages have valid Python names.
Traceback:
skdist/distribute/tests/test_search.py:15: in <module>
    from scipy.stats.distributions import expon
E   ModuleNotFoundError: No module named 'scipy'[0m
[31m[1m_________________ ERROR collecting skdist/tests/test_spark.py __________________[0m
[31mImportError while importing test module '/home/travis/build/Ibotta/sk-dist/skdist/tests/test_spark.py'.
Hint: make sure your test modules/packages have valid Python names.
Traceback:
skdist/tests/test_spark.py:16: in <module>
    from sklearn.datasets import (
E   ModuleNotFoundError: No module named 'sklearn'[0m
!!!!!!!!!!!!!!!!!!! Interrupted: 3 errors during collection !!!!!!!!!!!!!!!!!!!!
[31m[1m=========================== 3 error in 7.26 seconds ============================[0m
travis_time:end:28b15884:start=1579030719907009981,finish=1579030771118044401,duration=51211034420,event=script[0K[31;1mThe command "build_tools/$TEST_SUITE.sh" exited with 2.[0m


Done. Your build exited with 1.
