travis_fold:start:worker_info[0K[33;1mWorker information[0m
hostname: ffd79523-4551-40b5-99d1-c7f6c08ffe84@1.worker-org-78789cc49c-cgrq7.gce-production-3
version: v6.2.6 https://github.com/travis-ci/worker/tree/ba21bd30589fd152126e13df30e0cc78ccdf2837
instance: travis-job-a0888dc0-37a4-4271-8f36-6c14ae9cfc21 travis-ci-sardonyx-xenial-1553530528-f909ac5 (via amqp)
startup: 6.091528407s
travis_fold:end:worker_info[0Ktravis_time:start:0013f2a8[0Ktravis_time:end:0013f2a8:start=1579029792793965797,finish=1579029792925753193,duration=131787396,event=no_world_writable_dirs[0Ktravis_time:start:13405f74[0Ktravis_time:end:13405f74:start=1579029792928731050,finish=1579029792936169615,duration=7438565,event=agent[0Ktravis_time:start:03bbac76[0Ktravis_time:end:03bbac76:start=1579029792938861689,finish=1579029792940965019,duration=2103330,event=check_unsupported[0Ktravis_time:start:002561d3[0Ktravis_fold:start:system_info[0K[33;1mBuild system information[0m
Build language: python
Build group: stable
Build dist: xenial
Build id: 637059934
Job id: 637059935
Runtime kernel version: 4.15.0-1028-gcp
travis-build version: 1c634e1df
[34m[1mBuild image provisioning date and time[0m
Mon Mar 25 16:43:24 UTC 2019
[34m[1mOperating System Details[0m
Distributor ID:	Ubuntu
Description:	Ubuntu 16.04.6 LTS
Release:	16.04
Codename:	xenial
[34m[1mSystemd Version[0m
systemd 229
[34m[1mCookbooks Version[0m
42e42e4 https://github.com/travis-ci/travis-cookbooks/tree/42e42e4
[34m[1mgit version[0m
git version 2.21.0
[34m[1mbash version[0m
GNU bash, version 4.3.48(1)-release (x86_64-pc-linux-gnu)
[34m[1mgcc version[0m
gcc (Ubuntu 5.4.0-6ubuntu1~16.04.11) 5.4.0 20160609
[34m[1mdocker version[0m
Client:
 Version:           18.06.0-ce
 API version:       1.38
 Go version:        go1.10.3
 Git commit:        0ffa825
 Built:             Wed Jul 18 19:11:02 2018
 OS/Arch:           linux/amd64
 Experimental:      false

Server:
 Engine:
  Version:          18.06.0-ce
  API version:      1.38 (minimum version 1.12)
  Go version:       go1.10.3
  Git commit:       0ffa825
  Built:            Wed Jul 18 19:09:05 2018
  OS/Arch:          linux/amd64
  Experimental:     false
[34m[1mclang version[0m
clang version 7.0.0 (tags/RELEASE_700/final)
[34m[1mjq version[0m
jq-1.5
[34m[1mbats version[0m
Bats 0.4.0
[34m[1mshellcheck version[0m
0.6.0
[34m[1mshfmt version[0m
v2.6.3
[34m[1mccache version[0m
3.2.4
[34m[1mcmake version[0m
cmake version 3.12.4
[34m[1mheroku version[0m
heroku/7.22.7 linux-x64 node-v11.10.1
[34m[1mimagemagick version[0m
Version: ImageMagick 6.8.9-9 Q16 x86_64 2018-09-28 http://www.imagemagick.org
[34m[1mmd5deep version[0m
4.4
[34m[1mmercurial version[0m
version 4.8
[34m[1mmysql version[0m
mysql  Ver 14.14 Distrib 5.7.25, for Linux (x86_64) using  EditLine wrapper
[34m[1mopenssl version[0m
OpenSSL 1.0.2g  1 Mar 2016
[34m[1mpacker version[0m
1.3.3
[34m[1mpostgresql client version[0m
psql (PostgreSQL) 10.7 (Ubuntu 10.7-1.pgdg16.04+1)
[34m[1mragel version[0m
Ragel State Machine Compiler version 6.8 Feb 2013
[34m[1msudo version[0m
1.8.16
[34m[1mgzip version[0m
gzip 1.6
[34m[1mzip version[0m
Zip 3.0
[34m[1mvim version[0m
VIM - Vi IMproved 7.4 (2013 Aug 10, compiled Nov 24 2016 16:44:48)
[34m[1miptables version[0m
iptables v1.6.0
[34m[1mcurl version[0m
curl 7.47.0 (x86_64-pc-linux-gnu) libcurl/7.47.0 GnuTLS/3.4.10 zlib/1.2.8 libidn/1.32 librtmp/2.3
[34m[1mwget version[0m
GNU Wget 1.17.1 built on linux-gnu.
[34m[1mrsync version[0m
rsync  version 3.1.1  protocol version 31
[34m[1mgimme version[0m
v1.5.3
[34m[1mnvm version[0m
0.34.0
[34m[1mperlbrew version[0m
/home/travis/perl5/perlbrew/bin/perlbrew  - App::perlbrew/0.86
[34m[1mphpenv version[0m
rbenv 1.1.2
[34m[1mrvm version[0m
rvm 1.29.7 (latest) by Michal Papis, Piotr Kuczynski, Wayne E. Seguin [https://rvm.io]
[34m[1mdefault ruby version[0m
ruby 2.5.3p105 (2018-10-18 revision 65156) [x86_64-linux]
[34m[1mCouchDB version[0m
couchdb 1.6.1
[34m[1mElasticSearch version[0m
5.5.0
[34m[1mInstalled Firefox version[0m
firefox 63.0.1
[34m[1mMongoDB version[0m
MongoDB 4.0.7
[34m[1mPhantomJS version[0m
2.1.1
[34m[1mPre-installed PostgreSQL versions[0m
9.4.21
9.5.16
9.6.12
[34m[1mRedis version[0m
redis-server 5.0.4
[34m[1mPre-installed Go versions[0m
1.11.1
[34m[1mmvn version[0m
Apache Maven 3.6.0 (97c98ec64a1fdfee7767ce5ffb20918da4f719f3; 2018-10-24T18:41:47Z)
[34m[1mgradle version[0m
Gradle 4.10.2!
[34m[1mlein version[0m
Leiningen 2.9.1 on Java 11.0.2 OpenJDK 64-Bit Server VM
[34m[1mPre-installed Node.js versions[0m
v10.15.3
v11.0.0
v4.9.1
v6.17.0
v8.12.0
v8.15.1
v8.9
[34m[1mphpenv versions[0m
  system
  5.6
  5.6.40
  7.1
  7.1.27
  7.2
* 7.2.15 (set by /home/travis/.phpenv/version)
  hhvm
  hhvm-stable
[34m[1mcomposer --version[0m
Composer version 1.8.4 2019-02-11 10:52:10
[34m[1mPre-installed Ruby versions[0m
ruby-2.3.8
ruby-2.4.5
ruby-2.5.3
travis_fold:end:system_info[0K
travis_time:end:002561d3:start=1579029792943813870,finish=1579029792949408013,duration=5594143,event=show_system_info[0Ktravis_time:start:32b87a43[0Ktravis_time:end:32b87a43:start=1579029792952171537,finish=1579029792964300313,duration=12128776,event=rm_riak_source[0Ktravis_time:start:35cd3d93[0Ktravis_time:end:35cd3d93:start=1579029792967726119,finish=1579029792973129062,duration=5402943,event=fix_rwky_redis[0Ktravis_time:start:15651d38[0Ktravis_time:end:15651d38:start=1579029792976012274,finish=1579029793419301645,duration=443289371,event=wait_for_network[0Ktravis_time:start:183633e4[0Ktravis_time:end:183633e4:start=1579029793422399158,finish=1579029793620917352,duration=198518194,event=update_apt_keys[0Ktravis_time:start:0128a5ee[0Ktravis_time:end:0128a5ee:start=1579029793623974215,finish=1579029793673146395,duration=49172180,event=fix_hhvm_source[0Ktravis_time:start:24840cd8[0Ktravis_time:end:24840cd8:start=1579029793676138980,finish=1579029793678495229,duration=2356249,event=update_mongo_arch[0Ktravis_time:start:0b442b40[0Ktravis_time:end:0b442b40:start=1579029793681240942,finish=1579029793719021227,duration=37780285,event=fix_sudo_enabled_trusty[0Ktravis_time:start:03d2e841[0Ktravis_time:end:03d2e841:start=1579029793721951486,finish=1579029793724069917,duration=2118431,event=update_glibc[0Ktravis_time:start:223b9b24[0Ktravis_time:end:223b9b24:start=1579029793726689932,finish=1579029793733587533,duration=6897601,event=clean_up_path[0Ktravis_time:start:0d4c4941[0Ktravis_time:end:0d4c4941:start=1579029793736141524,finish=1579029793743419677,duration=7278153,event=fix_resolv_conf[0Ktravis_time:start:15945b61[0Ktravis_time:end:15945b61:start=1579029793745976778,finish=1579029793753706219,duration=7729441,event=fix_etc_hosts[0Ktravis_time:start:27181b5a[0Ktravis_time:end:27181b5a:start=1579029793756346303,finish=1579029793765855220,duration=9508917,event=fix_mvn_settings_xml[0Ktravis_time:start:11da4b89[0Ktravis_time:end:11da4b89:start=1579029793768750577,finish=1579029793777013300,duration=8262723,event=no_ipv6_localhost[0Ktravis_time:start:32830135[0Ktravis_time:end:32830135:start=1579029793779593877,finish=1579029793781604448,duration=2010571,event=fix_etc_mavenrc[0Ktravis_time:start:17990500[0Ktravis_time:end:17990500:start=1579029793784369590,finish=1579029793787068318,duration=2698728,event=fix_wwdr_certificate[0Ktravis_time:start:050a0b94[0Ktravis_time:end:050a0b94:start=1579029793789591477,finish=1579029793810271561,duration=20680084,event=put_localhost_first[0Ktravis_time:start:21173568[0Ktravis_time:end:21173568:start=1579029793812968021,finish=1579029793815771922,duration=2803901,event=home_paths[0Ktravis_time:start:32d129b3[0Ktravis_time:end:32d129b3:start=1579029793818530649,finish=1579029793830293942,duration=11763293,event=disable_initramfs[0Ktravis_time:start:00a4ec8c[0Ktravis_time:end:00a4ec8c:start=1579029793833030833,finish=1579029794130105463,duration=297074630,event=disable_ssh_roaming[0Ktravis_time:start:12a37e95[0Ktravis_time:end:12a37e95:start=1579029794133112920,finish=1579029794135144248,duration=2031328,event=debug_tools[0Ktravis_time:start:0835a664[0Ktravis_time:end:0835a664:start=1579029794138003290,finish=1579029794140770791,duration=2767501,event=uninstall_oclint[0Ktravis_time:start:2d88b1e0[0Ktravis_time:end:2d88b1e0:start=1579029794143451353,finish=1579029794146120328,duration=2668975,event=rvm_use[0Ktravis_time:start:2c5d87e4[0Ktravis_time:end:2c5d87e4:start=1579029794148923653,finish=1579029794155860114,duration=6936461,event=rm_etc_boto_cfg[0Ktravis_time:start:15fbb3c0[0Ktravis_time:end:15fbb3c0:start=1579029794158649175,finish=1579029794161332490,duration=2683315,event=rm_oraclejdk8_symlink[0Ktravis_time:start:0d068ba2[0Ktravis_time:end:0d068ba2:start=1579029794163981230,finish=1579029794259256327,duration=95275097,event=enable_i386[0Ktravis_time:start:0108ea10[0Ktravis_time:end:0108ea10:start=1579029794262394544,finish=1579029794268661438,duration=6266894,event=update_rubygems[0Ktravis_time:start:05fd8e86[0Ktravis_time:end:05fd8e86:start=1579029794271473717,finish=1579029795034851513,duration=763377796,event=ensure_path_components[0Ktravis_time:start:01d3b3fe[0Ktravis_time:end:01d3b3fe:start=1579029795037895409,finish=1579029795040024929,duration=2129520,event=redefine_curl[0Ktravis_time:start:07c998db[0Ktravis_time:end:07c998db:start=1579029795042708179,finish=1579029795044629181,duration=1921002,event=nonblock_pipe[0Ktravis_time:start:0d81bac8[0Ktravis_time:end:0d81bac8:start=1579029795047159091,finish=1579029801078985568,duration=6031826477,event=apt_get_update[0Ktravis_time:start:05436ccb[0Ktravis_time:end:05436ccb:start=1579029801082344043,finish=1579029801084567756,duration=2223713,event=deprecate_xcode_64[0Ktravis_time:start:03e80f5a[0Ktravis_time:end:03e80f5a:start=1579029801087334655,finish=1579029803383006360,duration=2295671705,event=update_heroku[0Ktravis_time:start:24d31e4e[0Ktravis_time:end:24d31e4e:start=1579029803385966612,finish=1579029803388025536,duration=2058924,event=shell_session_update[0Ktravis_time:start:011093b5[0Ktravis_fold:start:docker_mtu[0Ktravis_fold:end:docker_mtu[0Ktravis_time:end:011093b5:start=1579029803390662906,finish=1579029805525519775,duration=2134856869,event=set_docker_mtu[0Ktravis_time:start:09313caa[0Ktravis_fold:start:resolvconf[0Ktravis_fold:end:resolvconf[0Ktravis_time:end:09313caa:start=1579029805528922542,finish=1579029805593820854,duration=64898312,event=resolvconf[0Ktravis_time:start:16e6ce40[0Ktravis_time:end:16e6ce40:start=1579029805597706886,finish=1579029805734692535,duration=136985649,event=maven_central_mirror[0K[33;1m3.5 is not installed; attempting download[0m
[33;1mDownloading archive: https://storage.googleapis.com/travis-ci-language-archives/python/binaries/ubuntu/16.04/x86_64/python-3.5.tar.bz2[0m
travis_time:start:11f8eea0[0K$ curl -sSf --retry 5 -o python-3.5.tar.bz2 ${archive_url}
travis_time:end:11f8eea0:start=1579029805815965221,finish=1579029806140019241,duration=324054020,event=configure[0Ktravis_time:start:0acd0328[0K$ sudo tar xjf python-3.5.tar.bz2 --directory /
travis_time:end:0acd0328:start=1579029806143385530,finish=1579029814742903391,duration=8599517861,event=configure[0Ktravis_time:start:27f9ac20[0Ktravis_time:end:27f9ac20:start=1579029814760004942,finish=1579029814762038700,duration=2033758,event=fix_ps4[0Ktravis_time:start:06928dcc[0K
travis_fold:start:git.checkout[0Ktravis_time:start:04b6c71a[0K$ git clone --depth=50 --branch=version-compat https://github.com/Ibotta/sk-dist.git Ibotta/sk-dist
Cloning into 'Ibotta/sk-dist'...
remote: Enumerating objects: 23, done.[K
remote: Counting objects:   4% (1/23)[Kremote: Counting objects:   8% (2/23)[Kremote: Counting objects:  13% (3/23)[Kremote: Counting objects:  17% (4/23)[Kremote: Counting objects:  21% (5/23)[Kremote: Counting objects:  26% (6/23)[Kremote: Counting objects:  30% (7/23)[Kremote: Counting objects:  34% (8/23)[Kremote: Counting objects:  39% (9/23)[Kremote: Counting objects:  43% (10/23)[Kremote: Counting objects:  47% (11/23)[Kremote: Counting objects:  52% (12/23)[Kremote: Counting objects:  56% (13/23)[Kremote: Counting objects:  60% (14/23)[Kremote: Counting objects:  65% (15/23)[Kremote: Counting objects:  69% (16/23)[Kremote: Counting objects:  73% (17/23)[Kremote: Counting objects:  78% (18/23)[Kremote: Counting objects:  82% (19/23)[Kremote: Counting objects:  86% (20/23)[Kremote: Counting objects:  91% (21/23)[Kremote: Counting objects:  95% (22/23)[Kremote: Counting objects: 100% (23/23)[Kremote: Counting objects: 100% (23/23), done.[K
remote: Compressing objects:   5% (1/18)[Kremote: Compressing objects:  11% (2/18)[Kremote: Compressing objects:  16% (3/18)[Kremote: Compressing objects:  22% (4/18)[Kremote: Compressing objects:  27% (5/18)[Kremote: Compressing objects:  33% (6/18)[Kremote: Compressing objects:  38% (7/18)[Kremote: Compressing objects:  44% (8/18)[Kremote: Compressing objects:  50% (9/18)[Kremote: Compressing objects:  55% (10/18)[Kremote: Compressing objects:  61% (11/18)[Kremote: Compressing objects:  66% (12/18)[Kremote: Compressing objects:  72% (13/18)[Kremote: Compressing objects:  77% (14/18)[Kremote: Compressing objects:  83% (15/18)[Kremote: Compressing objects:  88% (16/18)[Kremote: Compressing objects:  94% (17/18)[Kremote: Compressing objects: 100% (18/18)[Kremote: Compressing objects: 100% (18/18), done.[K
Receiving objects:   0% (1/292)   Receiving objects:   1% (3/292)   Receiving objects:   2% (6/292)   Receiving objects:   3% (9/292)   Receiving objects:   4% (12/292)   Receiving objects:   5% (15/292)   Receiving objects:   6% (18/292)   Receiving objects:   7% (21/292)   Receiving objects:   8% (24/292)   Receiving objects:   9% (27/292)   Receiving objects:  10% (30/292)   Receiving objects:  11% (33/292)   Receiving objects:  12% (36/292)   Receiving objects:  13% (38/292)   Receiving objects:  14% (41/292)   Receiving objects:  15% (44/292)   Receiving objects:  16% (47/292)   Receiving objects:  17% (50/292)   Receiving objects:  18% (53/292)   Receiving objects:  19% (56/292)   Receiving objects:  20% (59/292)   Receiving objects:  21% (62/292)   Receiving objects:  22% (65/292)   Receiving objects:  23% (68/292)   Receiving objects:  24% (71/292)   Receiving objects:  25% (73/292)   Receiving objects:  26% (76/292)   Receiving objects:  27% (79/292)   Receiving objects:  28% (82/292)   Receiving objects:  29% (85/292)   Receiving objects:  30% (88/292)   Receiving objects:  31% (91/292)   Receiving objects:  32% (94/292)   Receiving objects:  33% (97/292)   Receiving objects:  34% (100/292)   Receiving objects:  35% (103/292)   Receiving objects:  36% (106/292)   Receiving objects:  37% (109/292)   Receiving objects:  38% (111/292)   Receiving objects:  39% (114/292)   Receiving objects:  40% (117/292)   Receiving objects:  41% (120/292)   Receiving objects:  42% (123/292)   Receiving objects:  43% (126/292)   Receiving objects:  44% (129/292)   Receiving objects:  45% (132/292)   Receiving objects:  46% (135/292)   Receiving objects:  47% (138/292)   Receiving objects:  48% (141/292)   Receiving objects:  49% (144/292)   Receiving objects:  50% (146/292)   remote: Total 292 (delta 10), reused 13 (delta 5), pack-reused 269[K
Receiving objects:  51% (149/292)   Receiving objects:  52% (152/292)   Receiving objects:  53% (155/292)   Receiving objects:  54% (158/292)   Receiving objects:  55% (161/292)   Receiving objects:  56% (164/292)   Receiving objects:  57% (167/292)   Receiving objects:  58% (170/292)   Receiving objects:  59% (173/292)   Receiving objects:  60% (176/292)   Receiving objects:  61% (179/292)   Receiving objects:  62% (182/292)   Receiving objects:  63% (184/292)   Receiving objects:  64% (187/292)   Receiving objects:  65% (190/292)   Receiving objects:  66% (193/292)   Receiving objects:  67% (196/292)   Receiving objects:  68% (199/292)   Receiving objects:  69% (202/292)   Receiving objects:  70% (205/292)   Receiving objects:  71% (208/292)   Receiving objects:  72% (211/292)   Receiving objects:  73% (214/292)   Receiving objects:  74% (217/292)   Receiving objects:  75% (219/292)   Receiving objects:  76% (222/292)   Receiving objects:  77% (225/292)   Receiving objects:  78% (228/292)   Receiving objects:  79% (231/292)   Receiving objects:  80% (234/292)   Receiving objects:  81% (237/292)   Receiving objects:  82% (240/292)   Receiving objects:  83% (243/292)   Receiving objects:  84% (246/292)   Receiving objects:  85% (249/292)   Receiving objects:  86% (252/292)   Receiving objects:  87% (255/292)   Receiving objects:  88% (257/292)   Receiving objects:  89% (260/292)   Receiving objects:  90% (263/292)   Receiving objects:  91% (266/292)   Receiving objects:  92% (269/292)   Receiving objects:  93% (272/292)   Receiving objects:  94% (275/292)   Receiving objects:  95% (278/292)   Receiving objects:  96% (281/292)   Receiving objects:  97% (284/292)   Receiving objects:  98% (287/292)   Receiving objects:  99% (290/292)   Receiving objects: 100% (292/292)   Receiving objects: 100% (292/292), 253.85 KiB | 2.95 MiB/s, done.
Resolving deltas:   0% (0/142)   Resolving deltas:   7% (11/142)   Resolving deltas:   9% (13/142)   Resolving deltas:  10% (15/142)   Resolving deltas:  11% (16/142)   Resolving deltas:  18% (26/142)   Resolving deltas:  19% (28/142)   Resolving deltas:  20% (29/142)   Resolving deltas:  21% (31/142)   Resolving deltas:  23% (33/142)   Resolving deltas:  25% (36/142)   Resolving deltas:  26% (37/142)   Resolving deltas:  33% (47/142)   Resolving deltas:  35% (51/142)   Resolving deltas:  36% (52/142)   Resolving deltas:  37% (53/142)   Resolving deltas:  41% (59/142)   Resolving deltas:  42% (60/142)   Resolving deltas:  45% (65/142)   Resolving deltas:  46% (66/142)   Resolving deltas:  47% (68/142)   Resolving deltas:  53% (76/142)   Resolving deltas:  55% (79/142)   Resolving deltas:  58% (83/142)   Resolving deltas:  59% (84/142)   Resolving deltas:  60% (86/142)   Resolving deltas:  61% (87/142)   Resolving deltas:  63% (90/142)   Resolving deltas:  64% (91/142)   Resolving deltas:  66% (94/142)   Resolving deltas:  67% (96/142)   Resolving deltas:  68% (97/142)   Resolving deltas:  69% (99/142)   Resolving deltas:  70% (100/142)   Resolving deltas:  73% (105/142)   Resolving deltas:  74% (106/142)   Resolving deltas:  87% (124/142)   Resolving deltas:  90% (129/142)   Resolving deltas:  91% (130/142)   Resolving deltas:  92% (131/142)   Resolving deltas:  95% (136/142)   Resolving deltas:  98% (140/142)   Resolving deltas:  99% (141/142)   Resolving deltas: 100% (142/142)   Resolving deltas: 100% (142/142), done.
travis_time:end:04b6c71a:start=1579029814767793271,finish=1579029815516972389,duration=749179118,event=checkout[0K$ cd Ibotta/sk-dist
$ git checkout -qf 7e526ba887e68e9353ce765965c5a9ef2ea92009
travis_fold:end:git.checkout[0K
travis_time:end:04b6c71a:start=1579029814767793271,finish=1579029815525601308,duration=757808037,event=checkout[0Ktravis_time:start:09d044f6[0K
[33;1mSetting environment variables from .travis.yml[0m
$ export TEST_SUITE=spark_2_3

travis_time:end:09d044f6:start=1579029815528557385,finish=1579029815534419525,duration=5862140,event=env[0Ktravis_time:start:1b7aaf9c[0K$ source ~/virtualenv/python3.5/bin/activate
travis_time:end:1b7aaf9c:start=1579029815537403840,finish=1579029815541371196,duration=3967356,event=[0K$ python --version
Python 3.5.6
$ pip --version
pip 18.1 from /home/travis/virtualenv/python3.5.6/lib/python3.5/site-packages/pip (python 3.5)
Could not locate requirements.txt. Override the install: key in your .travis.yml to install dependencies.
travis_time:start:0011a918[0K$ build_tools/$TEST_SUITE.sh
Obtaining file:///home/travis/build/Ibotta/sk-dist
Collecting pandas>=0.19.0 (from sk-dist==0.1.7)
[?25l  Downloading https://files.pythonhosted.org/packages/a9/55/e3f34ad611f703454b951bab6bde9a432f1af92994cebc4d8e0ec0af38c4/pandas-0.25.3-cp35-cp35m-manylinux1_x86_64.whl (10.3MB)

[?25hCollecting numpy==1.8.2 (from sk-dist==0.1.7)
[?25l  Downloading https://files.pythonhosted.org/packages/67/ab/41e4b42e0519d868347d2cf1051a05ce0170632039c053dee8ffe8b43b0b/numpy-1.8.2.tar.gz (3.8MB)

[?25hCollecting scipy==0.13.3 (from sk-dist==0.1.7)
[?25l  Downloading https://files.pythonhosted.org/packages/2f/12/565c08132db50a0ba34a33e0901f3d1d4d72e3b432ea828e4d87be5a4991/scipy-0.13.3.tar.gz (10.7MB)

[?25hCollecting scikit-learn==0.20.0 (from sk-dist==0.1.7)
[?25l  Downloading https://files.pythonhosted.org/packages/dc/8f/416ccf81408cd8ea84be2a38efe34cc885966c4b6edbe705d2642e22d208/scikit_learn-0.20.0-cp35-cp35m-manylinux1_x86_64.whl (5.3MB)

[?25hCollecting joblib>=0.11 (from sk-dist==0.1.7)
[?25l  Downloading https://files.pythonhosted.org/packages/28/5c/cf6a2b65a321c4a209efcdf64c2689efae2cb62661f8f6f4bb28547cf1bf/joblib-0.14.1-py2.py3-none-any.whl (294kB)

[?25hCollecting xgboost>=0.4 (from sk-dist==0.1.7)
[?25l  Downloading https://files.pythonhosted.org/packages/c1/24/5fe7237b2eca13ee0cfb100bec8c23f4e69ce9df852a64b0493d49dae4e0/xgboost-0.90-py2.py3-none-manylinux1_x86_64.whl (142.8MB)

[?25hCollecting pyarrow>=0.8.0 (from sk-dist==0.1.7)
[?25l  Downloading https://files.pythonhosted.org/packages/63/fb/b686693f0907048c3b0f2293e76b9d1ec3e39e7567da9c1542b57abc604c/pyarrow-0.15.1-cp35-cp35m-manylinux1_x86_64.whl (59.0MB)

[?25hCollecting pyspark>=2.4.4 (from sk-dist==0.1.7)
[?25l  Downloading https://files.pythonhosted.org/packages/87/21/f05c186f4ddb01d15d0ddc36ef4b7e3cedbeb6412274a41f26b55a650ee5/pyspark-2.4.4.tar.gz (215.7MB)

[?25hCollecting pytest-spark>=0.4.5 (from sk-dist==0.1.7)
  Downloading https://files.pythonhosted.org/packages/9f/a9/8b4bc6c416bc8875b56e3bd290ce68dc65ad03e7cbfad878477f694525ca/pytest_spark-0.5.2-py3-none-any.whl
Collecting pytz>=2017.2 (from pandas>=0.19.0->sk-dist==0.1.7)
[?25l  Downloading https://files.pythonhosted.org/packages/e7/f9/f0b53f88060247251bf481fa6ea62cd0d25bf1b11a87888e53ce5b7c8ad2/pytz-2019.3-py2.py3-none-any.whl (509kB)

[?25hCollecting python-dateutil>=2.6.1 (from pandas>=0.19.0->sk-dist==0.1.7)
[?25l  Downloading https://files.pythonhosted.org/packages/d4/70/d60450c3dd48ef87586924207ae8907090de0b306af2bce5d134d78615cb/python_dateutil-2.8.1-py2.py3-none-any.whl (227kB)

[?25hRequirement already satisfied: six>=1.0.0 in /home/travis/virtualenv/python3.5.6/lib/python3.5/site-packages (from pyarrow>=0.8.0->sk-dist==0.1.7) (1.12.0)
Collecting py4j==0.10.7 (from pyspark>=2.4.4->sk-dist==0.1.7)
[?25l  Downloading https://files.pythonhosted.org/packages/e3/53/c737818eb9a7dc32a7cd4f1396e787bd94200c3997c72c1dbe028587bd76/py4j-0.10.7-py2.py3-none-any.whl (197kB)

[?25hCollecting findspark (from pytest-spark>=0.4.5->sk-dist==0.1.7)
  Downloading https://files.pythonhosted.org/packages/b1/c8/e6e1f6a303ae5122dc28d131b5a67c5eb87cbf8f7ac5b9f87764ea1b1e1e/findspark-1.3.0-py2.py3-none-any.whl
Requirement already satisfied: pytest in /home/travis/virtualenv/python3.5.6/lib/python3.5/site-packages (from pytest-spark>=0.4.5->sk-dist==0.1.7) (4.1.0)
Requirement already satisfied: atomicwrites>=1.0 in /home/travis/virtualenv/python3.5.6/lib/python3.5/site-packages (from pytest->pytest-spark>=0.4.5->sk-dist==0.1.7) (1.2.1)
Requirement already satisfied: attrs>=17.4.0 in /home/travis/virtualenv/python3.5.6/lib/python3.5/site-packages (from pytest->pytest-spark>=0.4.5->sk-dist==0.1.7) (18.2.0)
Requirement already satisfied: setuptools in /home/travis/virtualenv/python3.5.6/lib/python3.5/site-packages (from pytest->pytest-spark>=0.4.5->sk-dist==0.1.7) (40.6.3)
Requirement already satisfied: more-itertools>=4.0.0 in /home/travis/virtualenv/python3.5.6/lib/python3.5/site-packages (from pytest->pytest-spark>=0.4.5->sk-dist==0.1.7) (5.0.0)
Requirement already satisfied: py>=1.5.0 in /home/travis/virtualenv/python3.5.6/lib/python3.5/site-packages (from pytest->pytest-spark>=0.4.5->sk-dist==0.1.7) (1.7.0)
Requirement already satisfied: pathlib2>=2.2.0; python_version < "3.6" in /home/travis/virtualenv/python3.5.6/lib/python3.5/site-packages (from pytest->pytest-spark>=0.4.5->sk-dist==0.1.7) (2.3.3)
Requirement already satisfied: pluggy>=0.7 in /home/travis/virtualenv/python3.5.6/lib/python3.5/site-packages (from pytest->pytest-spark>=0.4.5->sk-dist==0.1.7) (0.8.0)
Building wheels for collected packages: numpy, scipy, pyspark
  Running setup.py bdist_wheel for numpy ... [?25l- \ | / - \ | / - \ | / - \ | / - \ | / - \ | / - \ | / - \ | / - \ | / - \ | / - \ | / - \ | / - \ | / - \ | / - \ | / - \ | / - \ | / - \ | / - \ | / - \ | / - \ | / - \ | / - \ | / - \ | / - \ | / - \ | / - \ | / - \ | / - \ | / - \ | / - \ | / - \ | / - \ | done
[?25h  Stored in directory: /home/travis/.cache/pip/wheels/b7/83/aa/b2f8350b431d0c25b3813f6aa23a70238e22b59d5f3a0290d1
  Running setup.py bdist_wheel for scipy ... [?25l- error
  Complete output from command /home/travis/virtualenv/python3.5.6/bin/python -u -c "import setuptools, tokenize;__file__='/tmp/pip-install-dfmsf85h/scipy/setup.py';f=getattr(tokenize, 'open', open)(__file__);code=f.read().replace('\r\n', '\n');f.close();exec(compile(code, __file__, 'exec'))" bdist_wheel -d /tmp/pip-wheel-nbhjhxvw --python-tag cp35:
  blas_opt_info:
  blas_mkl_info:
  customize UnixCCompiler
    libraries mkl_rt not found in ['/home/travis/virtualenv/python3.5.6/lib', '/usr/local/lib', '/usr/lib', '/usr/lib/x86_64-linux-gnu']
    NOT AVAILABLE
  
  blis_info:
  customize UnixCCompiler
    libraries blis not found in ['/home/travis/virtualenv/python3.5.6/lib', '/usr/local/lib', '/usr/lib', '/usr/lib/x86_64-linux-gnu']
    NOT AVAILABLE
  
  openblas_info:
  customize UnixCCompiler
  customize UnixCCompiler
    libraries openblas not found in ['/home/travis/virtualenv/python3.5.6/lib', '/usr/local/lib', '/usr/lib', '/usr/lib/x86_64-linux-gnu']
    NOT AVAILABLE
  
  atlas_3_10_blas_threads_info:
  Setting PTATLAS=ATLAS
  customize UnixCCompiler
    libraries tatlas not found in ['/home/travis/virtualenv/python3.5.6/lib', '/usr/local/lib', '/usr/lib', '/usr/lib/x86_64-linux-gnu']
    NOT AVAILABLE
  
  atlas_3_10_blas_info:
  customize UnixCCompiler
    libraries satlas not found in ['/home/travis/virtualenv/python3.5.6/lib', '/usr/local/lib', '/usr/lib', '/usr/lib/x86_64-linux-gnu']
    NOT AVAILABLE
  
  atlas_blas_threads_info:
  Setting PTATLAS=ATLAS
  customize UnixCCompiler
    libraries ptf77blas,ptcblas,atlas not found in ['/home/travis/virtualenv/python3.5.6/lib', '/usr/local/lib', '/usr/lib', '/usr/lib/x86_64-linux-gnu']
    NOT AVAILABLE
  
  atlas_blas_info:
  customize UnixCCompiler
    libraries f77blas,cblas,atlas not found in ['/home/travis/virtualenv/python3.5.6/lib', '/usr/local/lib', '/usr/lib', '/usr/lib/x86_64-linux-gnu']
    NOT AVAILABLE
  
  accelerate_info:
    NOT AVAILABLE
  
  /home/travis/virtualenv/python3.5.6/lib/python3.5/site-packages/numpy/distutils/system_info.py:625: UserWarning:
      Atlas (http://math-atlas.sourceforge.net/) libraries not found.
      Directories to search for the libraries can be specified in the
      numpy/distutils/site.cfg file (section [atlas]) or by setting
      the ATLAS environment variable.
    self.calc_info()
  blas_info:
  customize UnixCCompiler
    libraries blas not found in ['/home/travis/virtualenv/python3.5.6/lib', '/usr/local/lib', '/usr/lib', '/usr/lib/x86_64-linux-gnu']
    NOT AVAILABLE
  
  /home/travis/virtualenv/python3.5.6/lib/python3.5/site-packages/numpy/distutils/system_info.py:625: UserWarning:
      Blas (http://www.netlib.org/blas/) libraries not found.
      Directories to search for the libraries can be specified in the
      numpy/distutils/site.cfg file (section [blas]) or by setting
      the BLAS environment variable.
    self.calc_info()
  blas_src_info:
    NOT AVAILABLE
  
  /home/travis/virtualenv/python3.5.6/lib/python3.5/site-packages/numpy/distutils/system_info.py:625: UserWarning:
      Blas (http://www.netlib.org/blas/) sources not found.
      Directories to search for the sources can be specified in the
      numpy/distutils/site.cfg file (section [blas_src]) or by setting
      the BLAS_SRC environment variable.
    self.calc_info()
  Traceback (most recent call last):
    File "<string>", line 1, in <module>
    File "/tmp/pip-install-dfmsf85h/scipy/setup.py", line 230, in <module>
      setup_package()
    File "/tmp/pip-install-dfmsf85h/scipy/setup.py", line 227, in setup_package
      setup(**metadata)
    File "/home/travis/virtualenv/python3.5.6/lib/python3.5/site-packages/numpy/distutils/core.py", line 135, in setup
      config = configuration()
    File "/tmp/pip-install-dfmsf85h/scipy/setup.py", line 170, in configuration
      config.add_subpackage('scipy')
    File "/home/travis/virtualenv/python3.5.6/lib/python3.5/site-packages/numpy/distutils/misc_util.py", line 1037, in add_subpackage
      caller_level = 2)
    File "/home/travis/virtualenv/python3.5.6/lib/python3.5/site-packages/numpy/distutils/misc_util.py", line 1006, in get_subpackage
      caller_level = caller_level + 1)
    File "/home/travis/virtualenv/python3.5.6/lib/python3.5/site-packages/numpy/distutils/misc_util.py", line 943, in _get_configuration_from_setup_py
      config = setup_module.configuration(*args)
    File "scipy/setup.py", line 12, in configuration
      config.add_subpackage('integrate')
    File "/home/travis/virtualenv/python3.5.6/lib/python3.5/site-packages/numpy/distutils/misc_util.py", line 1037, in add_subpackage
      caller_level = 2)
    File "/home/travis/virtualenv/python3.5.6/lib/python3.5/site-packages/numpy/distutils/misc_util.py", line 1006, in get_subpackage
      caller_level = caller_level + 1)
    File "/home/travis/virtualenv/python3.5.6/lib/python3.5/site-packages/numpy/distutils/misc_util.py", line 943, in _get_configuration_from_setup_py
      config = setup_module.configuration(*args)
    File "scipy/integrate/setup.py", line 12, in configuration
      blas_opt = get_info('blas_opt',notfound_action=2)
    File "/home/travis/virtualenv/python3.5.6/lib/python3.5/site-packages/numpy/distutils/system_info.py", line 433, in get_info
      return cl().get_info(notfound_action)
    File "/home/travis/virtualenv/python3.5.6/lib/python3.5/site-packages/numpy/distutils/system_info.py", line 631, in get_info
      raise self.notfounderror(self.notfounderror.__doc__)
  numpy.distutils.system_info.BlasNotFoundError:
      Blas (http://www.netlib.org/blas/) libraries not found.
      Directories to search for the libraries can be specified in the
      numpy/distutils/site.cfg file (section [blas]) or by setting
      the BLAS environment variable.
  
  ----------------------------------------
[31m  Failed building wheel for scipy[0m
[?25h  Running setup.py clean for scipy
  Running setup.py bdist_wheel for pyspark ... [?25l- \ | / - \ | / - \ | / - \ | / - \ | / - \ | / - \ | / - \ | / - \ | / - \ | / done
[?25h  Stored in directory: /home/travis/.cache/pip/wheels/ab/09/4d/0d184230058e654eb1b04467dbc1292f00eaa186544604b471
Successfully built numpy pyspark
Failed to build scipy
[31mpandas 0.25.3 has requirement numpy>=1.13.3, but you'll have numpy 1.8.2 which is incompatible.[0m
[31mpyarrow 0.15.1 has requirement numpy>=1.14, but you'll have numpy 1.8.2 which is incompatible.[0m
Installing collected packages: pytz, numpy, python-dateutil, pandas, scipy, scikit-learn, joblib, xgboost, pyarrow, py4j, pyspark, findspark, pytest-spark, sk-dist
  Found existing installation: numpy 1.15.4
    Uninstalling numpy-1.15.4:
      Successfully uninstalled numpy-1.15.4
  Running setup.py install for scipy ... [?25l- error
    Complete output from command /home/travis/virtualenv/python3.5.6/bin/python -u -c "import setuptools, tokenize;__file__='/tmp/pip-install-dfmsf85h/scipy/setup.py';f=getattr(tokenize, 'open', open)(__file__);code=f.read().replace('\r\n', '\n');f.close();exec(compile(code, __file__, 'exec'))" install --record /tmp/pip-record-p5_u769v/install-record.txt --single-version-externally-managed --compile --install-headers /home/travis/virtualenv/python3.5.6/include/site/python3.5/scipy:
    blas_opt_info:
    blas_mkl_info:
      libraries mkl,vml,guide not found in ['/home/travis/virtualenv/python3.5.6/lib', '/usr/local/lib', '/usr/lib', '/usr/lib/x86_64-linux-gnu']
      NOT AVAILABLE
    
    openblas_info:
      libraries  not found in ['/home/travis/virtualenv/python3.5.6/lib', '/usr/local/lib', '/usr/lib', '/usr/lib/x86_64-linux-gnu']
      NOT AVAILABLE
    
    atlas_blas_threads_info:
    Setting PTATLAS=ATLAS
      libraries ptf77blas,ptcblas,atlas not found in ['/home/travis/virtualenv/python3.5.6/lib', '/usr/local/lib', '/usr/lib', '/usr/lib/x86_64-linux-gnu']
      NOT AVAILABLE
    
    atlas_blas_info:
      libraries f77blas,cblas,atlas not found in ['/home/travis/virtualenv/python3.5.6/lib', '/usr/local/lib', '/usr/lib', '/usr/lib/x86_64-linux-gnu']
      NOT AVAILABLE
    
    /home/travis/virtualenv/python3.5.6/lib/python3.5/site-packages/numpy/distutils/system_info.py:1521: UserWarning:
        Atlas (http://math-atlas.sourceforge.net/) libraries not found.
        Directories to search for the libraries can be specified in the
        numpy/distutils/site.cfg file (section [atlas]) or by setting
        the ATLAS environment variable.
      warnings.warn(AtlasNotFoundError.__doc__)
    blas_info:
      libraries blas not found in ['/home/travis/virtualenv/python3.5.6/lib', '/usr/local/lib', '/usr/lib', '/usr/lib/x86_64-linux-gnu']
      NOT AVAILABLE
    
    /home/travis/virtualenv/python3.5.6/lib/python3.5/site-packages/numpy/distutils/system_info.py:1530: UserWarning:
        Blas (http://www.netlib.org/blas/) libraries not found.
        Directories to search for the libraries can be specified in the
        numpy/distutils/site.cfg file (section [blas]) or by setting
        the BLAS environment variable.
      warnings.warn(BlasNotFoundError.__doc__)
    blas_src_info:
      NOT AVAILABLE
    
    /home/travis/virtualenv/python3.5.6/lib/python3.5/site-packages/numpy/distutils/system_info.py:1533: UserWarning:
        Blas (http://www.netlib.org/blas/) sources not found.
        Directories to search for the sources can be specified in the
        numpy/distutils/site.cfg file (section [blas_src]) or by setting
        the BLAS_SRC environment variable.
      warnings.warn(BlasSrcNotFoundError.__doc__)
    Traceback (most recent call last):
      File "<string>", line 1, in <module>
      File "/tmp/pip-install-dfmsf85h/scipy/setup.py", line 230, in <module>
        setup_package()
      File "/tmp/pip-install-dfmsf85h/scipy/setup.py", line 227, in setup_package
        setup(**metadata)
      File "/home/travis/virtualenv/python3.5.6/lib/python3.5/site-packages/numpy/distutils/core.py", line 135, in setup
        config = configuration()
      File "/tmp/pip-install-dfmsf85h/scipy/setup.py", line 170, in configuration
        config.add_subpackage('scipy')
      File "/home/travis/virtualenv/python3.5.6/lib/python3.5/site-packages/numpy/distutils/misc_util.py", line 966, in add_subpackage
        caller_level = 2)
      File "/home/travis/virtualenv/python3.5.6/lib/python3.5/site-packages/numpy/distutils/misc_util.py", line 935, in get_subpackage
        caller_level = caller_level + 1)
      File "/home/travis/virtualenv/python3.5.6/lib/python3.5/site-packages/numpy/distutils/misc_util.py", line 872, in _get_configuration_from_setup_py
        config = setup_module.configuration(*args)
      File "scipy/setup.py", line 12, in configuration
        config.add_subpackage('integrate')
      File "/home/travis/virtualenv/python3.5.6/lib/python3.5/site-packages/numpy/distutils/misc_util.py", line 966, in add_subpackage
        caller_level = 2)
      File "/home/travis/virtualenv/python3.5.6/lib/python3.5/site-packages/numpy/distutils/misc_util.py", line 935, in get_subpackage
        caller_level = caller_level + 1)
      File "/home/travis/virtualenv/python3.5.6/lib/python3.5/site-packages/numpy/distutils/misc_util.py", line 872, in _get_configuration_from_setup_py
        config = setup_module.configuration(*args)
      File "scipy/integrate/setup.py", line 12, in configuration
        blas_opt = get_info('blas_opt',notfound_action=2)
      File "/home/travis/virtualenv/python3.5.6/lib/python3.5/site-packages/numpy/distutils/system_info.py", line 350, in get_info
        return cl().get_info(notfound_action)
      File "/home/travis/virtualenv/python3.5.6/lib/python3.5/site-packages/numpy/distutils/system_info.py", line 509, in get_info
        raise self.notfounderror(self.notfounderror.__doc__)
    numpy.distutils.system_info.BlasNotFoundError:
        Blas (http://www.netlib.org/blas/) libraries not found.
        Directories to search for the libraries can be specified in the
        numpy/distutils/site.cfg file (section [blas]) or by setting
        the BLAS environment variable.
    
    ----------------------------------------
[31mCommand "/home/travis/virtualenv/python3.5.6/bin/python -u -c "import setuptools, tokenize;__file__='/tmp/pip-install-dfmsf85h/scipy/setup.py';f=getattr(tokenize, 'open', open)(__file__);code=f.read().replace('\r\n', '\n');f.close();exec(compile(code, __file__, 'exec'))" install --record /tmp/pip-record-p5_u769v/install-record.txt --single-version-externally-managed --compile --install-headers /home/travis/virtualenv/python3.5.6/include/site/python3.5/scipy" failed with error code 1 in /tmp/pip-install-dfmsf85h/scipy/[0m
[?25hpandas 0.25.3 has requirement numpy>=1.13.3, but you have numpy 1.8.2.
[1m============================= test session starts ==============================[0m
platform linux -- Python 3.5.6, pytest-4.1.0, py-1.7.0, pluggy-0.8.0
rootdir: /home/travis/build/Ibotta/sk-dist, inifile:
[1mcollecting ... [0m[1mcollected 46 items / 3 errors                                                  [0m

==================================== ERRORS ====================================
[1m[31m__________ ERROR collecting skdist/distribute/tests/test_eliminate.py __________[0m
[31mImportError while importing test module '/home/travis/build/Ibotta/sk-dist/skdist/distribute/tests/test_eliminate.py'.
Hint: make sure your test modules/packages have valid Python names.
Traceback:
skdist/distribute/tests/test_eliminate.py:7: in <module>
    from scipy.sparse import csr_matrix
E   ImportError: No module named 'scipy'[0m
[1m[31m___________ ERROR collecting skdist/distribute/tests/test_search.py ____________[0m
[31mImportError while importing test module '/home/travis/build/Ibotta/sk-dist/skdist/distribute/tests/test_search.py'.
Hint: make sure your test modules/packages have valid Python names.
Traceback:
skdist/distribute/tests/test_search.py:15: in <module>
    from scipy.stats.distributions import expon
E   ImportError: No module named 'scipy'[0m
[1m[31m_________________ ERROR collecting skdist/tests/test_spark.py __________________[0m
[31mImportError while importing test module '/home/travis/build/Ibotta/sk-dist/skdist/tests/test_spark.py'.
Hint: make sure your test modules/packages have valid Python names.
Traceback:
skdist/tests/test_spark.py:7: in <module>
    import pandas as pd
../../../virtualenv/python3.5.6/lib/python3.5/site-packages/pandas/__init__.py:22: in <module>
    from pandas.compat.numpy import (
../../../virtualenv/python3.5.6/lib/python3.5/site-packages/pandas/compat/numpy/__init__.py:25: in <module>
    "this pandas version".format(_np_version)
E   ImportError: this version of pandas is incompatible with numpy < 1.13.3
E   your numpy version is 1.8.2.
E   Please upgrade numpy to >= 1.13.3 to use this pandas version[0m
!!!!!!!!!!!!!!!!!!! Interrupted: 3 errors during collection !!!!!!!!!!!!!!!!!!!!
[1m[31m=========================== 3 error in 0.34 seconds ============================[0m
travis_time:end:0011a918:start=1579029815813526974,finish=1579029998637328085,duration=182823801111,event=script[0K[31;1mThe command "build_tools/$TEST_SUITE.sh" exited with 2.[0m


Done. Your build exited with 1.
