travis_fold:start:worker_info[0K[33;1mWorker information[0m
hostname: 749fb10b-0b54-4e80-b17b-7c1386bf842f@1.worker-org-847f45b8fd-rp8c8.gce-production-2
version: v6.2.6 https://github.com/travis-ci/worker/tree/ba21bd30589fd152126e13df30e0cc78ccdf2837
instance: travis-job-53615a29-11c3-4082-8479-cc79a93bcfb6 travis-ci-sardonyx-xenial-1553530528-f909ac5 (via amqp)
startup: 6.141879994s
travis_fold:end:worker_info[0Ktravis_time:start:200dfdd5[0Ktravis_time:end:200dfdd5:start=1579798750650864529,finish=1579798750795940866,duration=145076337,event=no_world_writable_dirs[0Ktravis_time:start:1eccef84[0Ktravis_time:end:1eccef84:start=1579798750799105770,finish=1579798750806195528,duration=7089758,event=agent[0Ktravis_time:start:2e8a7dab[0Ktravis_time:end:2e8a7dab:start=1579798750809247608,finish=1579798750811586797,duration=2339189,event=check_unsupported[0Ktravis_time:start:0e040030[0Ktravis_fold:start:system_info[0K[33;1mBuild system information[0m
Build language: python
Build group: stable
Build dist: xenial
Build id: 640989843
Job id: 640989848
Runtime kernel version: 4.15.0-1028-gcp
travis-build version: 94ba36b5d
[34m[1mBuild image provisioning date and time[0m
Mon Mar 25 16:43:24 UTC 2019
[34m[1mOperating System Details[0m
Distributor ID:	Ubuntu
Description:	Ubuntu 16.04.6 LTS
Release:	16.04
Codename:	xenial
[34m[1mSystemd Version[0m
systemd 229
[34m[1mCookbooks Version[0m
42e42e4 https://github.com/travis-ci/travis-cookbooks/tree/42e42e4
[34m[1mgit version[0m
git version 2.21.0
[34m[1mbash version[0m
GNU bash, version 4.3.48(1)-release (x86_64-pc-linux-gnu)
[34m[1mgcc version[0m
gcc (Ubuntu 5.4.0-6ubuntu1~16.04.11) 5.4.0 20160609
[34m[1mdocker version[0m
Client:
 Version:           18.06.0-ce
 API version:       1.38
 Go version:        go1.10.3
 Git commit:        0ffa825
 Built:             Wed Jul 18 19:11:02 2018
 OS/Arch:           linux/amd64
 Experimental:      false

Server:
 Engine:
  Version:          18.06.0-ce
  API version:      1.38 (minimum version 1.12)
  Go version:       go1.10.3
  Git commit:       0ffa825
  Built:            Wed Jul 18 19:09:05 2018
  OS/Arch:          linux/amd64
  Experimental:     false
[34m[1mclang version[0m
clang version 7.0.0 (tags/RELEASE_700/final)
[34m[1mjq version[0m
jq-1.5
[34m[1mbats version[0m
Bats 0.4.0
[34m[1mshellcheck version[0m
0.6.0
[34m[1mshfmt version[0m
v2.6.3
[34m[1mccache version[0m
3.2.4
[34m[1mcmake version[0m
cmake version 3.12.4
[34m[1mheroku version[0m
heroku/7.22.7 linux-x64 node-v11.10.1
[34m[1mimagemagick version[0m
Version: ImageMagick 6.8.9-9 Q16 x86_64 2018-09-28 http://www.imagemagick.org
[34m[1mmd5deep version[0m
4.4
[34m[1mmercurial version[0m
version 4.8
[34m[1mmysql version[0m
mysql  Ver 14.14 Distrib 5.7.25, for Linux (x86_64) using  EditLine wrapper
[34m[1mopenssl version[0m
OpenSSL 1.0.2g  1 Mar 2016
[34m[1mpacker version[0m
1.3.3
[34m[1mpostgresql client version[0m
psql (PostgreSQL) 10.7 (Ubuntu 10.7-1.pgdg16.04+1)
[34m[1mragel version[0m
Ragel State Machine Compiler version 6.8 Feb 2013
[34m[1msudo version[0m
1.8.16
[34m[1mgzip version[0m
gzip 1.6
[34m[1mzip version[0m
Zip 3.0
[34m[1mvim version[0m
VIM - Vi IMproved 7.4 (2013 Aug 10, compiled Nov 24 2016 16:44:48)
[34m[1miptables version[0m
iptables v1.6.0
[34m[1mcurl version[0m
curl 7.47.0 (x86_64-pc-linux-gnu) libcurl/7.47.0 GnuTLS/3.4.10 zlib/1.2.8 libidn/1.32 librtmp/2.3
[34m[1mwget version[0m
GNU Wget 1.17.1 built on linux-gnu.
[34m[1mrsync version[0m
rsync  version 3.1.1  protocol version 31
[34m[1mgimme version[0m
v1.5.3
[34m[1mnvm version[0m
0.34.0
[34m[1mperlbrew version[0m
/home/travis/perl5/perlbrew/bin/perlbrew  - App::perlbrew/0.86
[34m[1mphpenv version[0m
rbenv 1.1.2
[34m[1mrvm version[0m
rvm 1.29.7 (latest) by Michal Papis, Piotr Kuczynski, Wayne E. Seguin [https://rvm.io]
[34m[1mdefault ruby version[0m
ruby 2.5.3p105 (2018-10-18 revision 65156) [x86_64-linux]
[34m[1mCouchDB version[0m
couchdb 1.6.1
[34m[1mElasticSearch version[0m
5.5.0
[34m[1mInstalled Firefox version[0m
firefox 63.0.1
[34m[1mMongoDB version[0m
MongoDB 4.0.7
[34m[1mPhantomJS version[0m
2.1.1
[34m[1mPre-installed PostgreSQL versions[0m
9.4.21
9.5.16
9.6.12
[34m[1mRedis version[0m
redis-server 5.0.4
[34m[1mPre-installed Go versions[0m
1.11.1
[34m[1mmvn version[0m
Apache Maven 3.6.0 (97c98ec64a1fdfee7767ce5ffb20918da4f719f3; 2018-10-24T18:41:47Z)
[34m[1mgradle version[0m
Gradle 4.10.2!
[34m[1mlein version[0m
Leiningen 2.9.1 on Java 11.0.2 OpenJDK 64-Bit Server VM
[34m[1mPre-installed Node.js versions[0m
v10.15.3
v11.0.0
v4.9.1
v6.17.0
v8.12.0
v8.15.1
v8.9
[34m[1mphpenv versions[0m
  system
  5.6
  5.6.40
  7.1
  7.1.27
  7.2
* 7.2.15 (set by /home/travis/.phpenv/version)
  hhvm
  hhvm-stable
[34m[1mcomposer --version[0m
Composer version 1.8.4 2019-02-11 10:52:10
[34m[1mPre-installed Ruby versions[0m
ruby-2.3.8
ruby-2.4.5
ruby-2.5.3
travis_fold:end:system_info[0K
travis_time:end:0e040030:start=1579798750814372978,finish=1579798750820590291,duration=6217313,event=show_system_info[0Ktravis_time:start:0bc746ac[0Ktravis_time:end:0bc746ac:start=1579798750825363332,finish=1579798750842412477,duration=17049145,event=rm_riak_source[0Ktravis_time:start:06af2917[0Ktravis_time:end:06af2917:start=1579798750845828788,finish=1579798750856262718,duration=10433930,event=fix_rwky_redis[0Ktravis_time:start:0a2d5780[0Ktravis_time:end:0a2d5780:start=1579798750860138919,finish=1579798751163957678,duration=303818759,event=wait_for_network[0Ktravis_time:start:1d6d9520[0Ktravis_time:end:1d6d9520:start=1579798751167086726,finish=1579798751356105342,duration=189018616,event=update_apt_keys[0Ktravis_time:start:16c08fa4[0Ktravis_time:end:16c08fa4:start=1579798751359150102,finish=1579798751412225502,duration=53075400,event=fix_hhvm_source[0Ktravis_time:start:221cac26[0Ktravis_time:end:221cac26:start=1579798751415394181,finish=1579798751417977750,duration=2583569,event=update_mongo_arch[0Ktravis_time:start:2a1dad38[0Ktravis_time:end:2a1dad38:start=1579798751420833169,finish=1579798751462944297,duration=42111128,event=fix_sudo_enabled_trusty[0Ktravis_time:start:165f0bc4[0Ktravis_time:end:165f0bc4:start=1579798751466145703,finish=1579798751468373777,duration=2228074,event=update_glibc[0Ktravis_time:start:10dc8e7c[0Ktravis_time:end:10dc8e7c:start=1579798751471158926,finish=1579798751478651972,duration=7493046,event=clean_up_path[0Ktravis_time:start:12d68e58[0Ktravis_time:end:12d68e58:start=1579798751481635855,finish=1579798751489559029,duration=7923174,event=fix_resolv_conf[0Ktravis_time:start:062842a0[0Ktravis_time:end:062842a0:start=1579798751492536415,finish=1579798751501305927,duration=8769512,event=fix_etc_hosts[0Ktravis_time:start:02c96c22[0Ktravis_time:end:02c96c22:start=1579798751504143586,finish=1579798751512119170,duration=7975584,event=fix_mvn_settings_xml[0Ktravis_time:start:10914f30[0Ktravis_time:end:10914f30:start=1579798751514959763,finish=1579798751523929779,duration=8970016,event=no_ipv6_localhost[0Ktravis_time:start:018b41fc[0Ktravis_time:end:018b41fc:start=1579798751526775404,finish=1579798751528878445,duration=2103041,event=fix_etc_mavenrc[0Ktravis_time:start:13ce95a0[0Ktravis_time:end:13ce95a0:start=1579798751531963560,finish=1579798751534806977,duration=2843417,event=fix_wwdr_certificate[0Ktravis_time:start:01eb2bec[0Ktravis_time:end:01eb2bec:start=1579798751537733086,finish=1579798751560589929,duration=22856843,event=put_localhost_first[0Ktravis_time:start:135c1714[0Ktravis_time:end:135c1714:start=1579798751563631506,finish=1579798751566342352,duration=2710846,event=home_paths[0Ktravis_time:start:17d65308[0Ktravis_time:end:17d65308:start=1579798751569262124,finish=1579798751580562010,duration=11299886,event=disable_initramfs[0Ktravis_time:start:0af72db2[0Ktravis_time:end:0af72db2:start=1579798751583682115,finish=1579798751830151919,duration=246469804,event=disable_ssh_roaming[0Ktravis_time:start:00107362[0Ktravis_time:end:00107362:start=1579798751833504608,finish=1579798751835848006,duration=2343398,event=debug_tools[0Ktravis_time:start:2b7fecde[0Ktravis_time:end:2b7fecde:start=1579798751838774796,finish=1579798751841878303,duration=3103507,event=uninstall_oclint[0Ktravis_time:start:0327fd53[0Ktravis_time:end:0327fd53:start=1579798751844990463,finish=1579798751847959071,duration=2968608,event=rvm_use[0Ktravis_time:start:00f769d0[0Ktravis_time:end:00f769d0:start=1579798751850869418,finish=1579798751858731719,duration=7862301,event=rm_etc_boto_cfg[0Ktravis_time:start:005fbf88[0Ktravis_time:end:005fbf88:start=1579798751861896302,finish=1579798751864628588,duration=2732286,event=rm_oraclejdk8_symlink[0Ktravis_time:start:11cebea4[0Ktravis_time:end:11cebea4:start=1579798751867622450,finish=1579798751960240125,duration=92617675,event=enable_i386[0Ktravis_time:start:0b821060[0Ktravis_time:end:0b821060:start=1579798751963239592,finish=1579798751970577693,duration=7338101,event=update_rubygems[0Ktravis_time:start:0a006914[0Ktravis_time:end:0a006914:start=1579798751974134439,finish=1579798752768438768,duration=794304329,event=ensure_path_components[0Ktravis_time:start:0d12344c[0Ktravis_time:end:0d12344c:start=1579798752771932278,finish=1579798752774615571,duration=2683293,event=redefine_curl[0Ktravis_time:start:1a3315ac[0Ktravis_time:end:1a3315ac:start=1579798752777558016,finish=1579798752779780128,duration=2222112,event=nonblock_pipe[0Ktravis_time:start:13686498[0Ktravis_time:end:13686498:start=1579798752782532721,finish=1579798758815676083,duration=6033143362,event=apt_get_update[0Ktravis_time:start:2a2a9982[0Ktravis_time:end:2a2a9982:start=1579798758819031335,finish=1579798758821359856,duration=2328521,event=deprecate_xcode_64[0Ktravis_time:start:14d6fc18[0Ktravis_time:end:14d6fc18:start=1579798758824154075,finish=1579798761138968471,duration=2314814396,event=update_heroku[0Ktravis_time:start:00b816e6[0Ktravis_time:end:00b816e6:start=1579798761142117978,finish=1579798761144351338,duration=2233360,event=shell_session_update[0Ktravis_time:start:04580b1f[0Ktravis_fold:start:docker_mtu[0Ktravis_fold:end:docker_mtu[0Ktravis_time:end:04580b1f:start=1579798761147223527,finish=1579798763266177414,duration=2118953887,event=set_docker_mtu[0Ktravis_time:start:0c279488[0Ktravis_fold:start:resolvconf[0Ktravis_fold:end:resolvconf[0Ktravis_time:end:0c279488:start=1579798763269264952,finish=1579798763329636276,duration=60371324,event=resolvconf[0Ktravis_time:start:150679eb[0Ktravis_time:end:150679eb:start=1579798763336389802,finish=1579798763470127611,duration=133737809,event=maven_central_mirror[0Ktravis_time:start:0d115dc0[0Ktravis_time:end:0d115dc0:start=1579798763473279396,finish=1579798763571025425,duration=97746029,event=maven_https[0Ktravis_time:start:2c770bb0[0Ktravis_time:end:2c770bb0:start=1579798763578245349,finish=1579798763580463509,duration=2218160,event=fix_ps4[0Ktravis_time:start:045764c8[0K
travis_fold:start:git.checkout[0Ktravis_time:start:1ffbdea0[0K$ git clone --depth=50 --branch=master https://github.com/Ibotta/sk-dist.git Ibotta/sk-dist
Cloning into 'Ibotta/sk-dist'...
remote: Enumerating objects: 11, done.[K
remote: Counting objects:   9% (1/11)[Kremote: Counting objects:  18% (2/11)[Kremote: Counting objects:  27% (3/11)[Kremote: Counting objects:  36% (4/11)[Kremote: Counting objects:  45% (5/11)[Kremote: Counting objects:  54% (6/11)[Kremote: Counting objects:  63% (7/11)[Kremote: Counting objects:  72% (8/11)[Kremote: Counting objects:  81% (9/11)[Kremote: Counting objects:  90% (10/11)[Kremote: Counting objects: 100% (11/11)[Kremote: Counting objects: 100% (11/11), done.[K
remote: Compressing objects:   9% (1/11)[Kremote: Compressing objects:  18% (2/11)[Kremote: Compressing objects:  27% (3/11)[Kremote: Compressing objects:  36% (4/11)[Kremote: Compressing objects:  45% (5/11)[Kremote: Compressing objects:  54% (6/11)[Kremote: Compressing objects:  63% (7/11)[Kremote: Compressing objects:  72% (8/11)[Kremote: Compressing objects:  81% (9/11)[Kremote: Compressing objects:  90% (10/11)[Kremote: Compressing objects: 100% (11/11)[Kremote: Compressing objects: 100% (11/11), done.[K
Receiving objects:   0% (1/280)   Receiving objects:   1% (3/280)   Receiving objects:   2% (6/280)   Receiving objects:   3% (9/280)   Receiving objects:   4% (12/280)   Receiving objects:   5% (14/280)   Receiving objects:   6% (17/280)   Receiving objects:   7% (20/280)   Receiving objects:   8% (23/280)   Receiving objects:   9% (26/280)   Receiving objects:  10% (28/280)   Receiving objects:  11% (31/280)   Receiving objects:  12% (34/280)   Receiving objects:  13% (37/280)   Receiving objects:  14% (40/280)   Receiving objects:  15% (42/280)   Receiving objects:  16% (45/280)   Receiving objects:  17% (48/280)   Receiving objects:  18% (51/280)   Receiving objects:  19% (54/280)   Receiving objects:  20% (56/280)   Receiving objects:  21% (59/280)   Receiving objects:  22% (62/280)   Receiving objects:  23% (65/280)   Receiving objects:  24% (68/280)   Receiving objects:  25% (70/280)   Receiving objects:  26% (73/280)   Receiving objects:  27% (76/280)   Receiving objects:  28% (79/280)   Receiving objects:  29% (82/280)   Receiving objects:  30% (84/280)   Receiving objects:  31% (87/280)   Receiving objects:  32% (90/280)   Receiving objects:  33% (93/280)   Receiving objects:  34% (96/280)   Receiving objects:  35% (98/280)   Receiving objects:  36% (101/280)   Receiving objects:  37% (104/280)   Receiving objects:  38% (107/280)   Receiving objects:  39% (110/280)   Receiving objects:  40% (112/280)   Receiving objects:  41% (115/280)   Receiving objects:  42% (118/280)   Receiving objects:  43% (121/280)   Receiving objects:  44% (124/280)   remote: Total 280 (delta 1), reused 0 (delta 0), pack-reused 269[K
Receiving objects:  45% (126/280)   Receiving objects:  46% (129/280)   Receiving objects:  47% (132/280)   Receiving objects:  48% (135/280)   Receiving objects:  49% (138/280)   Receiving objects:  50% (140/280)   Receiving objects:  51% (143/280)   Receiving objects:  52% (146/280)   Receiving objects:  53% (149/280)   Receiving objects:  54% (152/280)   Receiving objects:  55% (154/280)   Receiving objects:  56% (157/280)   Receiving objects:  57% (160/280)   Receiving objects:  58% (163/280)   Receiving objects:  59% (166/280)   Receiving objects:  60% (168/280)   Receiving objects:  61% (171/280)   Receiving objects:  62% (174/280)   Receiving objects:  63% (177/280)   Receiving objects:  64% (180/280)   Receiving objects:  65% (182/280)   Receiving objects:  66% (185/280)   Receiving objects:  67% (188/280)   Receiving objects:  68% (191/280)   Receiving objects:  69% (194/280)   Receiving objects:  70% (196/280)   Receiving objects:  71% (199/280)   Receiving objects:  72% (202/280)   Receiving objects:  73% (205/280)   Receiving objects:  74% (208/280)   Receiving objects:  75% (210/280)   Receiving objects:  76% (213/280)   Receiving objects:  77% (216/280)   Receiving objects:  78% (219/280)   Receiving objects:  79% (222/280)   Receiving objects:  80% (224/280)   Receiving objects:  81% (227/280)   Receiving objects:  82% (230/280)   Receiving objects:  83% (233/280)   Receiving objects:  84% (236/280)   Receiving objects:  85% (238/280)   Receiving objects:  86% (241/280)   Receiving objects:  87% (244/280)   Receiving objects:  88% (247/280)   Receiving objects:  89% (250/280)   Receiving objects:  90% (252/280)   Receiving objects:  91% (255/280)   Receiving objects:  92% (258/280)   Receiving objects:  93% (261/280)   Receiving objects:  94% (264/280)   Receiving objects:  95% (266/280)   Receiving objects:  96% (269/280)   Receiving objects:  97% (272/280)   Receiving objects:  98% (275/280)   Receiving objects:  99% (278/280)   Receiving objects: 100% (280/280)   Receiving objects: 100% (280/280), 256.67 KiB | 6.11 MiB/s, done.
Resolving deltas:   0% (0/133)   Resolving deltas:   7% (10/133)   Resolving deltas:  10% (14/133)   Resolving deltas:  11% (15/133)   Resolving deltas:  12% (16/133)   Resolving deltas:  20% (27/133)   Resolving deltas:  21% (29/133)   Resolving deltas:  22% (30/133)   Resolving deltas:  27% (36/133)   Resolving deltas:  28% (38/133)   Resolving deltas:  30% (41/133)   Resolving deltas:  31% (42/133)   Resolving deltas:  38% (51/133)   Resolving deltas:  42% (56/133)   Resolving deltas:  43% (58/133)   Resolving deltas:  44% (59/133)   Resolving deltas:  46% (62/133)   Resolving deltas:  48% (65/133)   Resolving deltas:  50% (67/133)   Resolving deltas:  51% (68/133)   Resolving deltas:  57% (76/133)   Resolving deltas:  60% (81/133)   Resolving deltas:  61% (82/133)   Resolving deltas:  63% (84/133)   Resolving deltas:  65% (87/133)   Resolving deltas:  66% (88/133)   Resolving deltas:  67% (90/133)   Resolving deltas:  68% (91/133)   Resolving deltas:  69% (92/133)   Resolving deltas:  70% (94/133)   Resolving deltas:  72% (96/133)   Resolving deltas:  73% (98/133)   Resolving deltas:  75% (100/133)   Resolving deltas:  77% (103/133)   Resolving deltas:  80% (107/133)   Resolving deltas:  83% (111/133)   Resolving deltas:  89% (119/133)   Resolving deltas:  90% (120/133)   Resolving deltas:  98% (131/133)   Resolving deltas: 100% (133/133)   Resolving deltas: 100% (133/133), done.
travis_time:end:1ffbdea0:start=1579798763586332352,finish=1579798764159555526,duration=573223174,event=checkout[0K$ cd Ibotta/sk-dist
$ git checkout -qf 7506c97fb0759f880b2878f9ca21b6f83616bb17
travis_fold:end:git.checkout[0K
travis_time:end:1ffbdea0:start=1579798763586332352,finish=1579798764168108895,duration=581776543,event=checkout[0Ktravis_time:start:06883f16[0K
[33;1mSetting environment variables from .travis.yml[0m
$ export TEST_SUITE=spark_2_4

travis_time:end:06883f16:start=1579798764171008388,finish=1579798764177122914,duration=6114526,event=env[0Ktravis_time:start:36a5dfbc[0K$ source ~/virtualenv/python3.6/bin/activate
travis_time:end:36a5dfbc:start=1579798764180384633,finish=1579798764185684762,duration=5300129,event=[0K$ python --version
Python 3.6.7
$ pip --version
pip 19.0.3 from /home/travis/virtualenv/python3.6.7/lib/python3.6/site-packages/pip (python 3.6)
Could not locate requirements.txt. Override the install: key in your .travis.yml to install dependencies.
travis_time:start:19635804[0K$ build_tools/$TEST_SUITE.sh
Obtaining file:///home/travis/build/Ibotta/sk-dist
Collecting scikit-learn>=0.20.0 (from sk-dist==0.1.8)
[?25l  Downloading https://files.pythonhosted.org/packages/d1/48/e9fa9e252abcd1447eff6f9257636af31758a6e46fd5ce5d3c879f6907cb/scikit_learn-0.22.1-cp36-cp36m-manylinux1_x86_64.whl (7.0MB)

[?25hCollecting pandas>=0.17.0 (from sk-dist==0.1.8)
[?25l  Downloading https://files.pythonhosted.org/packages/52/3f/f6a428599e0d4497e1595030965b5ba455fd8ade6e977e3c819973c4b41d/pandas-0.25.3-cp36-cp36m-manylinux1_x86_64.whl (10.4MB)

[?25hRequirement already satisfied: numpy in /home/travis/virtualenv/python3.6.7/lib/python3.6/site-packages (from sk-dist==0.1.8) (1.16.2)
Collecting scipy (from sk-dist==0.1.8)
[?25l  Downloading https://files.pythonhosted.org/packages/dc/29/162476fd44203116e7980cfbd9352eef9db37c49445d1fec35509022f6aa/scipy-1.4.1-cp36-cp36m-manylinux1_x86_64.whl (26.1MB)

[?25hCollecting joblib (from sk-dist==0.1.8)
[?25l  Downloading https://files.pythonhosted.org/packages/28/5c/cf6a2b65a321c4a209efcdf64c2689efae2cb62661f8f6f4bb28547cf1bf/joblib-0.14.1-py2.py3-none-any.whl (294kB)

[?25hCollecting xgboost>=0.4 (from sk-dist==0.1.8)
[?25l  Downloading https://files.pythonhosted.org/packages/c1/24/5fe7237b2eca13ee0cfb100bec8c23f4e69ce9df852a64b0493d49dae4e0/xgboost-0.90-py2.py3-none-manylinux1_x86_64.whl (142.8MB)

[?25hCollecting pyarrow>=0.8.0 (from sk-dist==0.1.8)
[?25l  Downloading https://files.pythonhosted.org/packages/6c/32/ce1926f05679ea5448fd3b98fbd9419d8c7a65f87d1a12ee5fb9577e3a8e/pyarrow-0.15.1-cp36-cp36m-manylinux2010_x86_64.whl (59.2MB)
[31mException:
Traceback (most recent call last):
  File "/home/travis/virtualenv/python3.6.7/lib/python3.6/site-packages/pip/_vendor/urllib3/response.py", line 360, in _error_catcher
    yield
  File "/home/travis/virtualenv/python3.6.7/lib/python3.6/site-packages/pip/_vendor/urllib3/response.py", line 442, in read
    data = self._fp.read(amt)
  File "/home/travis/virtualenv/python3.6.7/lib/python3.6/site-packages/pip/_vendor/cachecontrol/filewrapper.py", line 62, in read
    data = self.__fp.read(amt)
  File "/opt/python/3.6.7/lib/python3.6/http/client.py", line 449, in read
    n = self.readinto(b)
  File "/opt/python/3.6.7/lib/python3.6/http/client.py", line 493, in readinto
    n = self.fp.readinto(b)
  File "/opt/python/3.6.7/lib/python3.6/socket.py", line 586, in readinto
    return self._sock.recv_into(b)
  File "/opt/python/3.6.7/lib/python3.6/ssl.py", line 1012, in recv_into
    return self.read(nbytes, buffer)
  File "/opt/python/3.6.7/lib/python3.6/ssl.py", line 874, in read
    return self._sslobj.read(len, buffer)
  File "/opt/python/3.6.7/lib/python3.6/ssl.py", line 631, in read
    v = self._sslobj.read(len, buffer)
ConnectionResetError: [Errno 104] Connection reset by peer

During handling of the above exception, another exception occurred:

Traceback (most recent call last):
  File "/home/travis/virtualenv/python3.6.7/lib/python3.6/site-packages/pip/_internal/cli/base_command.py", line 179, in main
    status = self.run(options, args)
  File "/home/travis/virtualenv/python3.6.7/lib/python3.6/site-packages/pip/_internal/commands/install.py", line 315, in run
    resolver.resolve(requirement_set)
  File "/home/travis/virtualenv/python3.6.7/lib/python3.6/site-packages/pip/_internal/resolve.py", line 131, in resolve
    self._resolve_one(requirement_set, req)
  File "/home/travis/virtualenv/python3.6.7/lib/python3.6/site-packages/pip/_internal/resolve.py", line 294, in _resolve_one
    abstract_dist = self._get_abstract_dist_for(req_to_install)
  File "/home/travis/virtualenv/python3.6.7/lib/python3.6/site-packages/pip/_internal/resolve.py", line 242, in _get_abstract_dist_for
    self.require_hashes
  File "/home/travis/virtualenv/python3.6.7/lib/python3.6/site-packages/pip/_internal/operations/prepare.py", line 334, in prepare_linked_requirement
    progress_bar=self.progress_bar
  File "/home/travis/virtualenv/python3.6.7/lib/python3.6/site-packages/pip/_internal/download.py", line 878, in unpack_url
    progress_bar=progress_bar
  File "/home/travis/virtualenv/python3.6.7/lib/python3.6/site-packages/pip/_internal/download.py", line 702, in unpack_http_url
    progress_bar)
  File "/home/travis/virtualenv/python3.6.7/lib/python3.6/site-packages/pip/_internal/download.py", line 946, in _download_http_url
    _download_url(resp, link, content_file, hashes, progress_bar)
  File "/home/travis/virtualenv/python3.6.7/lib/python3.6/site-packages/pip/_internal/download.py", line 639, in _download_url
    hashes.check_against_chunks(downloaded_chunks)
  File "/home/travis/virtualenv/python3.6.7/lib/python3.6/site-packages/pip/_internal/utils/hashes.py", line 62, in check_against_chunks
    for chunk in chunks:
  File "/home/travis/virtualenv/python3.6.7/lib/python3.6/site-packages/pip/_internal/download.py", line 607, in written_chunks
    for chunk in chunks:
  File "/home/travis/virtualenv/python3.6.7/lib/python3.6/site-packages/pip/_internal/utils/ui.py", line 159, in iter
    for x in it:
  File "/home/travis/virtualenv/python3.6.7/lib/python3.6/site-packages/pip/_internal/download.py", line 596, in resp_read
    decode_content=False):
  File "/home/travis/virtualenv/python3.6.7/lib/python3.6/site-packages/pip/_vendor/urllib3/response.py", line 494, in stream
    data = self.read(amt=amt, decode_content=decode_content)
  File "/home/travis/virtualenv/python3.6.7/lib/python3.6/site-packages/pip/_vendor/urllib3/response.py", line 459, in read
    raise IncompleteRead(self._fp_bytes_read, self.length_remaining)
  File "/opt/python/3.6.7/lib/python3.6/contextlib.py", line 99, in __exit__
    self.gen.throw(type, value, traceback)
  File "/home/travis/virtualenv/python3.6.7/lib/python3.6/site-packages/pip/_vendor/urllib3/response.py", line 378, in _error_catcher
    raise ProtocolError('Connection broken: %r' % e, e)
pip._vendor.urllib3.exceptions.ProtocolError: ("Connection broken: ConnectionResetError(104, 'Connection reset by peer')", ConnectionResetError(104, 'Connection reset by peer'))[0m
No broken requirements found.
[1m============================= test session starts ==============================[0m
platform linux -- Python 3.6.7, pytest-4.3.1, py-1.7.0, pluggy-0.8.0
rootdir: /home/travis/build/Ibotta/sk-dist, inifile:
[1mcollecting ... [0m[1mcollected 46 items / 3 errors / 43 selected                                    [0m

==================================== ERRORS ====================================
[31m[1m__________ ERROR collecting skdist/distribute/tests/test_eliminate.py __________[0m
[31mImportError while importing test module '/home/travis/build/Ibotta/sk-dist/skdist/distribute/tests/test_eliminate.py'.
Hint: make sure your test modules/packages have valid Python names.
Traceback:
skdist/distribute/tests/test_eliminate.py:7: in <module>
    from scipy.sparse import csr_matrix
E   ModuleNotFoundError: No module named 'scipy'[0m
[31m[1m___________ ERROR collecting skdist/distribute/tests/test_search.py ____________[0m
[31mImportError while importing test module '/home/travis/build/Ibotta/sk-dist/skdist/distribute/tests/test_search.py'.
Hint: make sure your test modules/packages have valid Python names.
Traceback:
skdist/distribute/tests/test_search.py:15: in <module>
    from scipy.stats.distributions import expon
E   ModuleNotFoundError: No module named 'scipy'[0m
[31m[1m_________________ ERROR collecting skdist/tests/test_spark.py __________________[0m
[31mImportError while importing test module '/home/travis/build/Ibotta/sk-dist/skdist/tests/test_spark.py'.
Hint: make sure your test modules/packages have valid Python names.
Traceback:
skdist/tests/test_spark.py:7: in <module>
    import pandas as pd
E   ModuleNotFoundError: No module named 'pandas'[0m
!!!!!!!!!!!!!!!!!!! Interrupted: 3 errors during collection !!!!!!!!!!!!!!!!!!!!
[31m[1m=========================== 3 error in 0.53 seconds ============================[0m
travis_time:end:19635804:start=1579798765010070014,finish=1579798805242923610,duration=40232853596,event=script[0K[31;1mThe command "build_tools/$TEST_SUITE.sh" exited with 2.[0m


Done. Your build exited with 1.
