travis_fold:start:worker_info[0K[33;1mWorker information[0m
hostname: 14869230-64fd-4921-bca7-ca42c214a718@1.worker-org-7d9f8bbbf5-cw4lk.gce-production-3
version: v6.2.8 https://github.com/travis-ci/worker/tree/6d3048d96b26562be21fa1a8b8144f4c4cecd083
instance: travis-job-4d8a24fe-cf7f-4097-9b70-fae5f5b13666 travis-ci-sardonyx-xenial-1553530528-f909ac5 (via amqp)
startup: 6.047414529s
travis_fold:end:worker_info[0Ktravis_time:start:06789172[0Ktravis_time:end:06789172:start=1582917815405656628,finish=1582917815541894286,duration=136237658,event=no_world_writable_dirs[0Ktravis_time:start:08cabd24[0Ktravis_time:end:08cabd24:start=1582917815544861708,finish=1582917815552344986,duration=7483278,event=agent[0Ktravis_time:start:0b6aa290[0Ktravis_time:end:0b6aa290:start=1582917815555349816,finish=1582917815557476161,duration=2126345,event=check_unsupported[0Ktravis_time:start:093ffd44[0Ktravis_fold:start:system_info[0K[33;1mBuild system information[0m
Build language: python
Build group: stable
Build dist: xenial
Build id: 656406064
Job id: 656406065
Runtime kernel version: 4.15.0-1028-gcp
travis-build version: 171ee24bb
[34m[1mBuild image provisioning date and time[0m
Mon Mar 25 16:43:24 UTC 2019
[34m[1mOperating System Details[0m
Distributor ID:	Ubuntu
Description:	Ubuntu 16.04.6 LTS
Release:	16.04
Codename:	xenial
[34m[1mSystemd Version[0m
systemd 229
[34m[1mCookbooks Version[0m
42e42e4 https://github.com/travis-ci/travis-cookbooks/tree/42e42e4
[34m[1mgit version[0m
git version 2.21.0
[34m[1mbash version[0m
GNU bash, version 4.3.48(1)-release (x86_64-pc-linux-gnu)
[34m[1mgcc version[0m
gcc (Ubuntu 5.4.0-6ubuntu1~16.04.11) 5.4.0 20160609
[34m[1mdocker version[0m
Client:
 Version:           18.06.0-ce
 API version:       1.38
 Go version:        go1.10.3
 Git commit:        0ffa825
 Built:             Wed Jul 18 19:11:02 2018
 OS/Arch:           linux/amd64
 Experimental:      false

Server:
 Engine:
  Version:          18.06.0-ce
  API version:      1.38 (minimum version 1.12)
  Go version:       go1.10.3
  Git commit:       0ffa825
  Built:            Wed Jul 18 19:09:05 2018
  OS/Arch:          linux/amd64
  Experimental:     false
[34m[1mclang version[0m
clang version 7.0.0 (tags/RELEASE_700/final)
[34m[1mjq version[0m
jq-1.5
[34m[1mbats version[0m
Bats 0.4.0
[34m[1mshellcheck version[0m
0.6.0
[34m[1mshfmt version[0m
v2.6.3
[34m[1mccache version[0m
3.2.4
[34m[1mcmake version[0m
cmake version 3.12.4
[34m[1mheroku version[0m
heroku/7.22.7 linux-x64 node-v11.10.1
[34m[1mimagemagick version[0m
Version: ImageMagick 6.8.9-9 Q16 x86_64 2018-09-28 http://www.imagemagick.org
[34m[1mmd5deep version[0m
4.4
[34m[1mmercurial version[0m
version 4.8
[34m[1mmysql version[0m
mysql  Ver 14.14 Distrib 5.7.25, for Linux (x86_64) using  EditLine wrapper
[34m[1mopenssl version[0m
OpenSSL 1.0.2g  1 Mar 2016
[34m[1mpacker version[0m
1.3.3
[34m[1mpostgresql client version[0m
psql (PostgreSQL) 10.7 (Ubuntu 10.7-1.pgdg16.04+1)
[34m[1mragel version[0m
Ragel State Machine Compiler version 6.8 Feb 2013
[34m[1msudo version[0m
1.8.16
[34m[1mgzip version[0m
gzip 1.6
[34m[1mzip version[0m
Zip 3.0
[34m[1mvim version[0m
VIM - Vi IMproved 7.4 (2013 Aug 10, compiled Nov 24 2016 16:44:48)
[34m[1miptables version[0m
iptables v1.6.0
[34m[1mcurl version[0m
curl 7.47.0 (x86_64-pc-linux-gnu) libcurl/7.47.0 GnuTLS/3.4.10 zlib/1.2.8 libidn/1.32 librtmp/2.3
[34m[1mwget version[0m
GNU Wget 1.17.1 built on linux-gnu.
[34m[1mrsync version[0m
rsync  version 3.1.1  protocol version 31
[34m[1mgimme version[0m
v1.5.3
[34m[1mnvm version[0m
0.34.0
[34m[1mperlbrew version[0m
/home/travis/perl5/perlbrew/bin/perlbrew  - App::perlbrew/0.86
[34m[1mphpenv version[0m
rbenv 1.1.2
[34m[1mrvm version[0m
rvm 1.29.7 (latest) by Michal Papis, Piotr Kuczynski, Wayne E. Seguin [https://rvm.io]
[34m[1mdefault ruby version[0m
ruby 2.5.3p105 (2018-10-18 revision 65156) [x86_64-linux]
[34m[1mCouchDB version[0m
couchdb 1.6.1
[34m[1mElasticSearch version[0m
5.5.0
[34m[1mInstalled Firefox version[0m
firefox 63.0.1
[34m[1mMongoDB version[0m
MongoDB 4.0.7
[34m[1mPhantomJS version[0m
2.1.1
[34m[1mPre-installed PostgreSQL versions[0m
9.4.21
9.5.16
9.6.12
[34m[1mRedis version[0m
redis-server 5.0.4
[34m[1mPre-installed Go versions[0m
1.11.1
[34m[1mmvn version[0m
Apache Maven 3.6.0 (97c98ec64a1fdfee7767ce5ffb20918da4f719f3; 2018-10-24T18:41:47Z)
[34m[1mgradle version[0m
Gradle 4.10.2!
[34m[1mlein version[0m
Leiningen 2.9.1 on Java 11.0.2 OpenJDK 64-Bit Server VM
[34m[1mPre-installed Node.js versions[0m
v10.15.3
v11.0.0
v4.9.1
v6.17.0
v8.12.0
v8.15.1
v8.9
[34m[1mphpenv versions[0m
  system
  5.6
  5.6.40
  7.1
  7.1.27
  7.2
* 7.2.15 (set by /home/travis/.phpenv/version)
  hhvm
  hhvm-stable
[34m[1mcomposer --version[0m
Composer version 1.8.4 2019-02-11 10:52:10
[34m[1mPre-installed Ruby versions[0m
ruby-2.3.8
ruby-2.4.5
ruby-2.5.3
travis_fold:end:system_info[0K
travis_time:end:093ffd44:start=1582917815560177646,finish=1582917815566185314,duration=6007668,event=show_system_info[0Ktravis_time:start:0fc39412[0Ktravis_time:end:0fc39412:start=1582917815568991367,finish=1582917815581597029,duration=12605662,event=rm_riak_source[0Ktravis_time:start:127be8d4[0Ktravis_time:end:127be8d4:start=1582917815584539518,finish=1582917815589525152,duration=4985634,event=fix_rwky_redis[0Ktravis_time:start:0209337e[0Ktravis_time:end:0209337e:start=1582917815592502150,finish=1582917816105601897,duration=513099747,event=wait_for_network[0Ktravis_time:start:010e4b96[0Ktravis_time:end:010e4b96:start=1582917816108735496,finish=1582917816313763806,duration=205028310,event=update_apt_keys[0Ktravis_time:start:05007bf2[0Ktravis_time:end:05007bf2:start=1582917816316776689,finish=1582917816366420879,duration=49644190,event=fix_hhvm_source[0Ktravis_time:start:0abdaaf6[0Ktravis_time:end:0abdaaf6:start=1582917816369535393,finish=1582917816371937804,duration=2402411,event=update_mongo_arch[0Ktravis_time:start:1b5bdf28[0Ktravis_time:end:1b5bdf28:start=1582917816374664323,finish=1582917816413296131,duration=38631808,event=fix_sudo_enabled_trusty[0Ktravis_time:start:05a3c47e[0Ktravis_time:end:05a3c47e:start=1582917816416440631,finish=1582917816418479226,duration=2038595,event=update_glibc[0Ktravis_time:start:2114f74a[0Ktravis_time:end:2114f74a:start=1582917816421068344,finish=1582917816428114884,duration=7046540,event=clean_up_path[0Ktravis_time:start:00c70034[0Ktravis_time:end:00c70034:start=1582917816431117172,finish=1582917816438379196,duration=7262024,event=fix_resolv_conf[0Ktravis_time:start:0d9a875c[0Ktravis_time:end:0d9a875c:start=1582917816441096906,finish=1582917816449175937,duration=8079031,event=fix_etc_hosts[0Ktravis_time:start:1bce5e31[0Ktravis_time:end:1bce5e31:start=1582917816451834093,finish=1582917816462398986,duration=10564893,event=fix_mvn_settings_xml[0Ktravis_time:start:129bf24e[0Ktravis_time:end:129bf24e:start=1582917816465147416,finish=1582917816473568180,duration=8420764,event=no_ipv6_localhost[0Ktravis_time:start:002e00fe[0Ktravis_time:end:002e00fe:start=1582917816476198978,finish=1582917816478221950,duration=2022972,event=fix_etc_mavenrc[0Ktravis_time:start:0002db40[0Ktravis_time:end:0002db40:start=1582917816480833965,finish=1582917816483796688,duration=2962723,event=fix_wwdr_certificate[0Ktravis_time:start:020699c8[0Ktravis_time:end:020699c8:start=1582917816486503678,finish=1582917816508028016,duration=21524338,event=put_localhost_first[0Ktravis_time:start:0bd9f5c0[0Ktravis_time:end:0bd9f5c0:start=1582917816510804952,finish=1582917816513619890,duration=2814938,event=home_paths[0Ktravis_time:start:031f38e0[0Ktravis_time:end:031f38e0:start=1582917816516253115,finish=1582917816527573887,duration=11320772,event=disable_initramfs[0Ktravis_time:start:102226d4[0Ktravis_time:end:102226d4:start=1582917816530162963,finish=1582917816872016022,duration=341853059,event=disable_ssh_roaming[0Ktravis_time:start:044c514c[0Ktravis_time:end:044c514c:start=1582917816875051431,finish=1582917816877324056,duration=2272625,event=debug_tools[0Ktravis_time:start:109819a7[0Ktravis_time:end:109819a7:start=1582917816880270888,finish=1582917816883190283,duration=2919395,event=uninstall_oclint[0Ktravis_time:start:172c5710[0Ktravis_time:end:172c5710:start=1582917816885910536,finish=1582917816888651602,duration=2741066,event=rvm_use[0Ktravis_time:start:260705c8[0Ktravis_time:end:260705c8:start=1582917816891375525,finish=1582917816898737989,duration=7362464,event=rm_etc_boto_cfg[0Ktravis_time:start:02328986[0Ktravis_time:end:02328986:start=1582917816901557393,finish=1582917816904335066,duration=2777673,event=rm_oraclejdk8_symlink[0Ktravis_time:start:09f3fa74[0Ktravis_time:end:09f3fa74:start=1582917816907248936,finish=1582917817015341190,duration=108092254,event=enable_i386[0Ktravis_time:start:1f6bd9c2[0Ktravis_time:end:1f6bd9c2:start=1582917817018526612,finish=1582917817025238827,duration=6712215,event=update_rubygems[0Ktravis_time:start:0e8c2ad4[0Ktravis_time:end:0e8c2ad4:start=1582917817028548252,finish=1582917817834813451,duration=806265199,event=ensure_path_components[0Ktravis_time:start:1738adb2[0Ktravis_time:end:1738adb2:start=1582917817838134614,finish=1582917817840287454,duration=2152840,event=redefine_curl[0Ktravis_time:start:1de8d6c2[0Ktravis_time:end:1de8d6c2:start=1582917817843070908,finish=1582917817845270237,duration=2199329,event=nonblock_pipe[0Ktravis_time:start:10922f10[0Ktravis_time:end:10922f10:start=1582917817847969722,finish=1582917823881932678,duration=6033962956,event=apt_get_update[0Ktravis_time:start:14edd72c[0Ktravis_time:end:14edd72c:start=1582917823885055753,finish=1582917823887148662,duration=2092909,event=deprecate_xcode_64[0Ktravis_time:start:0ebb5ba0[0Ktravis_time:end:0ebb5ba0:start=1582917823890034920,finish=1582917826362255326,duration=2472220406,event=update_heroku[0Ktravis_time:start:34b8ee0c[0Ktravis_time:end:34b8ee0c:start=1582917826365382754,finish=1582917826367740381,duration=2357627,event=shell_session_update[0Ktravis_time:start:0e3c0aea[0Ktravis_fold:start:docker_mtu[0Ktravis_fold:end:docker_mtu[0Ktravis_time:end:0e3c0aea:start=1582917826370562033,finish=1582917828614909690,duration=2244347657,event=set_docker_mtu[0Ktravis_time:start:01fa8ce0[0Ktravis_fold:start:resolvconf[0Ktravis_fold:end:resolvconf[0Ktravis_time:end:01fa8ce0:start=1582917828619390845,finish=1582917828680342261,duration=60951416,event=resolvconf[0Ktravis_time:start:1c0ac666[0Ktravis_time:end:1c0ac666:start=1582917828684491090,finish=1582917828835201479,duration=150710389,event=maven_central_mirror[0Ktravis_time:start:11a07c5b[0Ktravis_time:end:11a07c5b:start=1582917828838309039,finish=1582917828932545343,duration=94236304,event=maven_https[0K[33;1m3.5 is not installed; attempting download[0m
[33;1mDownloading archive: https://storage.googleapis.com/travis-ci-language-archives/python/binaries/ubuntu/16.04/x86_64/python-3.5.tar.bz2[0m
travis_time:start:0cd16bb9[0K$ curl -sSf --retry 5 -o python-3.5.tar.bz2 ${archive_url}
travis_time:end:0cd16bb9:start=1582917829021025876,finish=1582917830930737380,duration=1909711504,event=configure[0Ktravis_time:start:14708f28[0K$ sudo tar xjf python-3.5.tar.bz2 --directory /
travis_time:end:14708f28:start=1582917830934277983,finish=1582917841077110302,duration=10142832319,event=configure[0Ktravis_time:start:20d967d4[0Ktravis_time:end:20d967d4:start=1582917841096005248,finish=1582917841098274479,duration=2269231,event=fix_ps4[0Ktravis_time:start:00478360[0K
travis_fold:start:git.checkout[0Ktravis_time:start:01d43864[0K$ git clone --depth=50 --branch=master https://github.com/Ibotta/sk-dist.git Ibotta/sk-dist
Cloning into 'Ibotta/sk-dist'...
remote: Enumerating objects: 25, done.[K
remote: Counting objects:   4% (1/25)[Kremote: Counting objects:   8% (2/25)[Kremote: Counting objects:  12% (3/25)[Kremote: Counting objects:  16% (4/25)[Kremote: Counting objects:  20% (5/25)[Kremote: Counting objects:  24% (6/25)[Kremote: Counting objects:  28% (7/25)[Kremote: Counting objects:  32% (8/25)[Kremote: Counting objects:  36% (9/25)[Kremote: Counting objects:  40% (10/25)[Kremote: Counting objects:  44% (11/25)[Kremote: Counting objects:  48% (12/25)[Kremote: Counting objects:  52% (13/25)[Kremote: Counting objects:  56% (14/25)[Kremote: Counting objects:  60% (15/25)[Kremote: Counting objects:  64% (16/25)[Kremote: Counting objects:  68% (17/25)[Kremote: Counting objects:  72% (18/25)[Kremote: Counting objects:  76% (19/25)[Kremote: Counting objects:  80% (20/25)[Kremote: Counting objects:  84% (21/25)[Kremote: Counting objects:  88% (22/25)[Kremote: Counting objects:  92% (23/25)[Kremote: Counting objects:  96% (24/25)[Kremote: Counting objects: 100% (25/25)[Kremote: Counting objects: 100% (25/25), done.[K
remote: Compressing objects:   4% (1/24)[Kremote: Compressing objects:   8% (2/24)[Kremote: Compressing objects:  12% (3/24)[Kremote: Compressing objects:  16% (4/24)[Kremote: Compressing objects:  20% (5/24)[Kremote: Compressing objects:  25% (6/24)[Kremote: Compressing objects:  29% (7/24)[Kremote: Compressing objects:  33% (8/24)[Kremote: Compressing objects:  37% (9/24)[Kremote: Compressing objects:  41% (10/24)[Kremote: Compressing objects:  45% (11/24)[Kremote: Compressing objects:  50% (12/24)[Kremote: Compressing objects:  54% (13/24)[Kremote: Compressing objects:  58% (14/24)[Kremote: Compressing objects:  62% (15/24)[Kremote: Compressing objects:  66% (16/24)[Kremote: Compressing objects:  70% (17/24)[Kremote: Compressing objects:  75% (18/24)[Kremote: Compressing objects:  79% (19/24)[Kremote: Compressing objects:  83% (20/24)[Kremote: Compressing objects:  87% (21/24)[Kremote: Compressing objects:  91% (22/24)[Kremote: Compressing objects:  95% (23/24)[Kremote: Compressing objects: 100% (24/24)[Kremote: Compressing objects: 100% (24/24), done.[K
Receiving objects:   0% (1/294)   Receiving objects:   1% (3/294)   Receiving objects:   2% (6/294)   Receiving objects:   3% (9/294)   Receiving objects:   4% (12/294)   Receiving objects:   5% (15/294)   Receiving objects:   6% (18/294)   Receiving objects:   7% (21/294)   Receiving objects:   8% (24/294)   Receiving objects:   9% (27/294)   Receiving objects:  10% (30/294)   Receiving objects:  11% (33/294)   Receiving objects:  12% (36/294)   Receiving objects:  13% (39/294)   Receiving objects:  14% (42/294)   Receiving objects:  15% (45/294)   Receiving objects:  16% (48/294)   Receiving objects:  17% (50/294)   Receiving objects:  18% (53/294)   Receiving objects:  19% (56/294)   Receiving objects:  20% (59/294)   Receiving objects:  21% (62/294)   Receiving objects:  22% (65/294)   Receiving objects:  23% (68/294)   Receiving objects:  24% (71/294)   Receiving objects:  25% (74/294)   Receiving objects:  26% (77/294)   Receiving objects:  27% (80/294)   Receiving objects:  28% (83/294)   Receiving objects:  29% (86/294)   Receiving objects:  30% (89/294)   Receiving objects:  31% (92/294)   Receiving objects:  32% (95/294)   Receiving objects:  33% (98/294)   Receiving objects:  34% (100/294)   Receiving objects:  35% (103/294)   Receiving objects:  36% (106/294)   Receiving objects:  37% (109/294)   Receiving objects:  38% (112/294)   Receiving objects:  39% (115/294)   Receiving objects:  40% (118/294)   remote: Total 294 (delta 9), reused 1 (delta 1), pack-reused 269[K
Receiving objects:  41% (121/294)   Receiving objects:  42% (124/294)   Receiving objects:  43% (127/294)   Receiving objects:  44% (130/294)   Receiving objects:  45% (133/294)   Receiving objects:  46% (136/294)   Receiving objects:  47% (139/294)   Receiving objects:  48% (142/294)   Receiving objects:  49% (145/294)   Receiving objects:  50% (147/294)   Receiving objects:  51% (150/294)   Receiving objects:  52% (153/294)   Receiving objects:  53% (156/294)   Receiving objects:  54% (159/294)   Receiving objects:  55% (162/294)   Receiving objects:  56% (165/294)   Receiving objects:  57% (168/294)   Receiving objects:  58% (171/294)   Receiving objects:  59% (174/294)   Receiving objects:  60% (177/294)   Receiving objects:  61% (180/294)   Receiving objects:  62% (183/294)   Receiving objects:  63% (186/294)   Receiving objects:  64% (189/294)   Receiving objects:  65% (192/294)   Receiving objects:  66% (195/294)   Receiving objects:  67% (197/294)   Receiving objects:  68% (200/294)   Receiving objects:  69% (203/294)   Receiving objects:  70% (206/294)   Receiving objects:  71% (209/294)   Receiving objects:  72% (212/294)   Receiving objects:  73% (215/294)   Receiving objects:  74% (218/294)   Receiving objects:  75% (221/294)   Receiving objects:  76% (224/294)   Receiving objects:  77% (227/294)   Receiving objects:  78% (230/294)   Receiving objects:  79% (233/294)   Receiving objects:  80% (236/294)   Receiving objects:  81% (239/294)   Receiving objects:  82% (242/294)   Receiving objects:  83% (245/294)   Receiving objects:  84% (247/294)   Receiving objects:  85% (250/294)   Receiving objects:  86% (253/294)   Receiving objects:  87% (256/294)   Receiving objects:  88% (259/294)   Receiving objects:  89% (262/294)   Receiving objects:  90% (265/294)   Receiving objects:  91% (268/294)   Receiving objects:  92% (271/294)   Receiving objects:  93% (274/294)   Receiving objects:  94% (277/294)   Receiving objects:  95% (280/294)   Receiving objects:  96% (283/294)   Receiving objects:  97% (286/294)   Receiving objects:  98% (289/294)   Receiving objects:  99% (292/294)   Receiving objects: 100% (294/294)   Receiving objects: 100% (294/294), 261.44 KiB | 3.63 MiB/s, done.
Resolving deltas:   0% (0/141)   Resolving deltas:   7% (11/141)   Resolving deltas:   9% (14/141)   Resolving deltas:  10% (15/141)   Resolving deltas:  12% (17/141)   Resolving deltas:  20% (29/141)   Resolving deltas:  21% (31/141)   Resolving deltas:  22% (32/141)   Resolving deltas:  25% (36/141)   Resolving deltas:  26% (38/141)   Resolving deltas:  28% (40/141)   Resolving deltas:  29% (41/141)   Resolving deltas:  35% (50/141)   Resolving deltas:  39% (55/141)   Resolving deltas:  40% (57/141)   Resolving deltas:  43% (61/141)   Resolving deltas:  45% (64/141)   Resolving deltas:  46% (65/141)   Resolving deltas:  48% (69/141)   Resolving deltas:  54% (77/141)   Resolving deltas:  55% (78/141)   Resolving deltas:  58% (83/141)   Resolving deltas:  59% (84/141)   Resolving deltas:  60% (85/141)   Resolving deltas:  61% (87/141)   Resolving deltas:  62% (88/141)   Resolving deltas:  63% (90/141)   Resolving deltas:  64% (91/141)   Resolving deltas:  66% (94/141)   Resolving deltas:  67% (95/141)   Resolving deltas:  68% (96/141)   Resolving deltas:  70% (99/141)   Resolving deltas:  74% (105/141)   Resolving deltas:  75% (106/141)   Resolving deltas:  87% (124/141)   Resolving deltas:  91% (129/141)   Resolving deltas:  92% (130/141)   Resolving deltas:  95% (134/141)   Resolving deltas:  96% (136/141)   Resolving deltas:  97% (137/141)   Resolving deltas:  98% (139/141)   Resolving deltas:  99% (140/141)   Resolving deltas: 100% (141/141)   Resolving deltas: 100% (141/141), done.
travis_time:end:01d43864:start=1582917841104298554,finish=1582917841982862973,duration=878564419,event=checkout[0K$ cd Ibotta/sk-dist
$ git checkout -qf 61fc105a48c16d65f4d6efc8d3db13b0b5988e6f
travis_fold:end:git.checkout[0K
travis_time:end:01d43864:start=1582917841104298554,finish=1582917841992337398,duration=888038844,event=checkout[0Ktravis_time:start:0290cb74[0K
[33;1mSetting environment variables from .travis.yml[0m
$ export TEST_SUITE=spark_2_3

travis_time:end:0290cb74:start=1582917841995798108,finish=1582917842002132742,duration=6334634,event=env[0Ktravis_time:start:0c438a6c[0K$ source ~/virtualenv/python3.5/bin/activate
travis_time:end:0c438a6c:start=1582917842005812534,finish=1582917842010696027,duration=4883493,event=[0K$ python --version
Python 3.5.6
$ pip --version
pip 18.1 from /home/travis/virtualenv/python3.5.6/lib/python3.5/site-packages/pip (python 3.5)
Could not locate requirements.txt. Override the install: key in your .travis.yml to install dependencies.
travis_time:start:12f97c38[0K$ build_tools/$TEST_SUITE.sh
Obtaining file:///home/travis/build/Ibotta/sk-dist
Collecting scikit-learn>=0.20.0 (from sk-dist==0.1.8)
[?25l  Downloading https://files.pythonhosted.org/packages/7c/1b/6caedaef55a0f2173e0863e8b55440d37076e5377fedb82b5a9881cf7d33/scikit-learn-0.22.2.tar.gz (12.8MB)

[?25hCollecting pandas>=0.17.0 (from sk-dist==0.1.8)
[?25l  Downloading https://files.pythonhosted.org/packages/a9/55/e3f34ad611f703454b951bab6bde9a432f1af92994cebc4d8e0ec0af38c4/pandas-0.25.3-cp35-cp35m-manylinux1_x86_64.whl (10.3MB)

[?25hRequirement already satisfied: numpy in /home/travis/virtualenv/python3.5.6/lib/python3.5/site-packages (from sk-dist==0.1.8) (1.15.4)
Collecting scipy (from sk-dist==0.1.8)
[?25l  Downloading https://files.pythonhosted.org/packages/c1/60/8cbf00c0deb50a971e6e3a015fb32513960a92867df979870a454481817c/scipy-1.4.1-cp35-cp35m-manylinux1_x86_64.whl (26.0MB)

[?25hCollecting joblib (from sk-dist==0.1.8)
[?25l  Downloading https://files.pythonhosted.org/packages/28/5c/cf6a2b65a321c4a209efcdf64c2689efae2cb62661f8f6f4bb28547cf1bf/joblib-0.14.1-py2.py3-none-any.whl (294kB)

[?25hCollecting xgboost>=0.4 (from sk-dist==0.1.8)
[?25l  Downloading https://files.pythonhosted.org/packages/5c/b0/c4e5aa6d754bb19131a5990784a06c4c73d390446caf1d55f0a480dcf311/xgboost-1.0.1-py3-none-manylinux1_x86_64.whl (109.7MB)

[?25hCollecting pyarrow==0.15.0 (from sk-dist==0.1.8)
[?25l  Downloading https://files.pythonhosted.org/packages/bd/2b/30a9474d36e87968f995634a5fa2e94e42df4c8be1de9ad0c6ef45576ec4/pyarrow-0.15.0-cp35-cp35m-manylinux1_x86_64.whl (60.1MB)

[?25hCollecting pyspark>=2.4.4 (from sk-dist==0.1.8)
[?25l  Downloading https://files.pythonhosted.org/packages/9a/5a/271c416c1c2185b6cb0151b29a91fff6fcaed80173c8584ff6d20e46b465/pyspark-2.4.5.tar.gz (217.8MB)

[?25hCollecting pytest-spark>=0.4.5 (from sk-dist==0.1.8)
  Downloading https://files.pythonhosted.org/packages/fa/58/0a5820b4912e63f50b043170eeda56efab52104877818e2ac08c2eecc26d/pytest_spark-0.6.0-py3-none-any.whl
Collecting pytz>=2017.2 (from pandas>=0.17.0->sk-dist==0.1.8)
[?25l  Downloading https://files.pythonhosted.org/packages/e7/f9/f0b53f88060247251bf481fa6ea62cd0d25bf1b11a87888e53ce5b7c8ad2/pytz-2019.3-py2.py3-none-any.whl (509kB)

[?25hCollecting python-dateutil>=2.6.1 (from pandas>=0.17.0->sk-dist==0.1.8)
[?25l  Downloading https://files.pythonhosted.org/packages/d4/70/d60450c3dd48ef87586924207ae8907090de0b306af2bce5d134d78615cb/python_dateutil-2.8.1-py2.py3-none-any.whl (227kB)

[?25hRequirement already satisfied: six>=1.0.0 in /home/travis/virtualenv/python3.5.6/lib/python3.5/site-packages (from pyarrow==0.15.0->sk-dist==0.1.8) (1.12.0)
Collecting py4j==0.10.7 (from pyspark>=2.4.4->sk-dist==0.1.8)
[?25l  Downloading https://files.pythonhosted.org/packages/e3/53/c737818eb9a7dc32a7cd4f1396e787bd94200c3997c72c1dbe028587bd76/py4j-0.10.7-py2.py3-none-any.whl (197kB)

[?25hCollecting findspark (from pytest-spark>=0.4.5->sk-dist==0.1.8)
  Downloading https://files.pythonhosted.org/packages/b1/c8/e6e1f6a303ae5122dc28d131b5a67c5eb87cbf8f7ac5b9f87764ea1b1e1e/findspark-1.3.0-py2.py3-none-any.whl
Requirement already satisfied: pytest in /home/travis/virtualenv/python3.5.6/lib/python3.5/site-packages (from pytest-spark>=0.4.5->sk-dist==0.1.8) (4.1.0)
Requirement already satisfied: setuptools in /home/travis/virtualenv/python3.5.6/lib/python3.5/site-packages (from pytest->pytest-spark>=0.4.5->sk-dist==0.1.8) (40.6.3)
Requirement already satisfied: py>=1.5.0 in /home/travis/virtualenv/python3.5.6/lib/python3.5/site-packages (from pytest->pytest-spark>=0.4.5->sk-dist==0.1.8) (1.7.0)
Requirement already satisfied: atomicwrites>=1.0 in /home/travis/virtualenv/python3.5.6/lib/python3.5/site-packages (from pytest->pytest-spark>=0.4.5->sk-dist==0.1.8) (1.2.1)
Requirement already satisfied: more-itertools>=4.0.0 in /home/travis/virtualenv/python3.5.6/lib/python3.5/site-packages (from pytest->pytest-spark>=0.4.5->sk-dist==0.1.8) (5.0.0)
Requirement already satisfied: pluggy>=0.7 in /home/travis/virtualenv/python3.5.6/lib/python3.5/site-packages (from pytest->pytest-spark>=0.4.5->sk-dist==0.1.8) (0.8.0)
Requirement already satisfied: attrs>=17.4.0 in /home/travis/virtualenv/python3.5.6/lib/python3.5/site-packages (from pytest->pytest-spark>=0.4.5->sk-dist==0.1.8) (18.2.0)
Requirement already satisfied: pathlib2>=2.2.0; python_version < "3.6" in /home/travis/virtualenv/python3.5.6/lib/python3.5/site-packages (from pytest->pytest-spark>=0.4.5->sk-dist==0.1.8) (2.3.3)
Building wheels for collected packages: scikit-learn, pyspark
  Running setup.py bdist_wheel for scikit-learn ... [?25l- error
  Complete output from command /home/travis/virtualenv/python3.5.6/bin/python -u -c "import setuptools, tokenize;__file__='/tmp/pip-install-7j9rw7_l/scikit-learn/setup.py';f=getattr(tokenize, 'open', open)(__file__);code=f.read().replace('\r\n', '\n');f.close();exec(compile(code, __file__, 'exec'))" bdist_wheel -d /tmp/pip-wheel-kxt8diei --python-tag cp35:
  Partial import of sklearn during the build process.
  Traceback (most recent call last):
    File "/tmp/pip-install-7j9rw7_l/scikit-learn/setup.py", line 195, in check_package_status
      module = importlib.import_module(package)
    File "/home/travis/virtualenv/python3.5.6/lib/python3.5/importlib/__init__.py", line 126, in import_module
      return _bootstrap._gcd_import(name[level:], package, level)
    File "<frozen importlib._bootstrap>", line 985, in _gcd_import
    File "<frozen importlib._bootstrap>", line 968, in _find_and_load
    File "<frozen importlib._bootstrap>", line 955, in _find_and_load_unlocked
  ImportError: No module named 'scipy'
  Traceback (most recent call last):
    File "<string>", line 1, in <module>
    File "/tmp/pip-install-7j9rw7_l/scikit-learn/setup.py", line 303, in <module>
      setup_package()
    File "/tmp/pip-install-7j9rw7_l/scikit-learn/setup.py", line 293, in setup_package
      check_package_status('scipy', SCIPY_MIN_VERSION)
    File "/tmp/pip-install-7j9rw7_l/scikit-learn/setup.py", line 221, in check_package_status
      .format(package, req_str, instructions))
  ImportError: scipy is not installed.
  scikit-learn requires scipy >= 0.17.0.
  Installation instructions are available on the scikit-learn website: http://scikit-learn.org/stable/install.html
  
  
  ----------------------------------------
[31m  Failed building wheel for scikit-learn[0m
[?25h  Running setup.py clean for scikit-learn
  Running setup.py bdist_wheel for pyspark ... [?25l- \ | / - \ | / - \ | / - \ | / - \ | / - \ | / - \ | / - \ | / - \ | / - \ | / - \ | done
[?25h  Stored in directory: /home/travis/.cache/pip/wheels/bf/db/04/61d66a5939364e756eb1c1be4ec5bdce6e04047fc7929a3c3c
Successfully built pyspark
Failed to build scikit-learn
Installing collected packages: scipy, joblib, scikit-learn, pytz, python-dateutil, pandas, xgboost, pyarrow, py4j, pyspark, findspark, pytest-spark, sk-dist
  Running setup.py install for scikit-learn ... [?25l- \ error
    Complete output from command /home/travis/virtualenv/python3.5.6/bin/python -u -c "import setuptools, tokenize;__file__='/tmp/pip-install-7j9rw7_l/scikit-learn/setup.py';f=getattr(tokenize, 'open', open)(__file__);code=f.read().replace('\r\n', '\n');f.close();exec(compile(code, __file__, 'exec'))" install --record /tmp/pip-record-6mb0omry/install-record.txt --single-version-externally-managed --compile --install-headers /home/travis/virtualenv/python3.5.6/include/site/python3.5/scikit-learn:
    Partial import of sklearn during the build process.
    Traceback (most recent call last):
      File "/tmp/pip-install-7j9rw7_l/scikit-learn/sklearn/_build_utils/__init__.py", line 32, in _check_cython_version
        import Cython
    ImportError: No module named 'Cython'
    
    During handling of the above exception, another exception occurred:
    
    Traceback (most recent call last):
      File "<string>", line 1, in <module>
      File "/tmp/pip-install-7j9rw7_l/scikit-learn/setup.py", line 303, in <module>
        setup_package()
      File "/tmp/pip-install-7j9rw7_l/scikit-learn/setup.py", line 299, in setup_package
        setup(**metadata)
      File "/home/travis/virtualenv/python3.5.6/lib/python3.5/site-packages/numpy/distutils/core.py", line 135, in setup
        config = configuration()
      File "/tmp/pip-install-7j9rw7_l/scikit-learn/setup.py", line 180, in configuration
        _check_cython_version()
      File "/tmp/pip-install-7j9rw7_l/scikit-learn/sklearn/_build_utils/__init__.py", line 33, in _check_cython_version
        except ModuleNotFoundError:
    NameError: name 'ModuleNotFoundError' is not defined
    
    ----------------------------------------
[31mCommand "/home/travis/virtualenv/python3.5.6/bin/python -u -c "import setuptools, tokenize;__file__='/tmp/pip-install-7j9rw7_l/scikit-learn/setup.py';f=getattr(tokenize, 'open', open)(__file__);code=f.read().replace('\r\n', '\n');f.close();exec(compile(code, __file__, 'exec'))" install --record /tmp/pip-record-6mb0omry/install-record.txt --single-version-externally-managed --compile --install-headers /home/travis/virtualenv/python3.5.6/include/site/python3.5/scikit-learn" failed with error code 1 in /tmp/pip-install-7j9rw7_l/scikit-learn/[0m
[?25hNo broken requirements found.
[1m============================= test session starts ==============================[0m
platform linux -- Python 3.5.6, pytest-4.1.0, py-1.7.0, pluggy-0.8.0
rootdir: /home/travis/build/Ibotta/sk-dist, inifile:
[1mcollecting ... [0m[1mcollecting 16 items / 1 errors                                                 [0m[1mcollected 46 items / 3 errors                                                  [0m

==================================== ERRORS ====================================
[1m[31m__________ ERROR collecting skdist/distribute/tests/test_eliminate.py __________[0m
[31mImportError while importing test module '/home/travis/build/Ibotta/sk-dist/skdist/distribute/tests/test_eliminate.py'.
Hint: make sure your test modules/packages have valid Python names.
Traceback:
skdist/distribute/tests/test_eliminate.py:8: in <module>
    from sklearn.linear_model import LogisticRegression
E   ImportError: No module named 'sklearn'[0m
[1m[31m___________ ERROR collecting skdist/distribute/tests/test_search.py ____________[0m
[31mImportError while importing test module '/home/travis/build/Ibotta/sk-dist/skdist/distribute/tests/test_search.py'.
Hint: make sure your test modules/packages have valid Python names.
Traceback:
skdist/distribute/tests/test_search.py:16: in <module>
    from sklearn.linear_model import LogisticRegression
E   ImportError: No module named 'sklearn'[0m
[1m[31m_________________ ERROR collecting skdist/tests/test_spark.py __________________[0m
[31mImportError while importing test module '/home/travis/build/Ibotta/sk-dist/skdist/tests/test_spark.py'.
Hint: make sure your test modules/packages have valid Python names.
Traceback:
skdist/tests/test_spark.py:7: in <module>
    import pandas as pd
E   ImportError: No module named 'pandas'[0m
!!!!!!!!!!!!!!!!!!! Interrupted: 3 errors during collection !!!!!!!!!!!!!!!!!!!!
[1m[31m=========================== 3 error in 4.11 seconds ============================[0m
travis_time:end:12f97c38:start=1582917842318475580,finish=1582917899276662911,duration=56958187331,event=script[0K[31;1mThe command "build_tools/$TEST_SUITE.sh" exited with 2.[0m


Done. Your build exited with 1.
