travis_fold:start:worker_info[0K[33;1mWorker information[0m
hostname: 4921e6ff-e340-44f8-aa83-a1d31f52d8d2@1.worker-org-5f9bd8864f-cwt85.gce-production-2
version: v6.2.8 https://github.com/travis-ci/worker/tree/6d3048d96b26562be21fa1a8b8144f4c4cecd083
instance: travis-job-2807c1ad-1d11-466f-bd24-085cf0c25693 travis-ci-sardonyx-xenial-1553530528-f909ac5 (via amqp)
startup: 5.947080508s
travis_fold:end:worker_info[0Ktravis_time:start:049251a4[0Ktravis_time:end:049251a4:start=1582917364721542367,finish=1582917364858829562,duration=137287195,event=no_world_writable_dirs[0Ktravis_time:start:17809a14[0Ktravis_time:end:17809a14:start=1582917364861870954,finish=1582917364868629072,duration=6758118,event=agent[0Ktravis_time:start:0f2d642c[0Ktravis_time:end:0f2d642c:start=1582917364871823198,finish=1582917364874055347,duration=2232149,event=check_unsupported[0Ktravis_time:start:0de978e0[0Ktravis_fold:start:system_info[0K[33;1mBuild system information[0m
Build language: python
Build group: stable
Build dist: xenial
Build id: 656403474
Job id: 656403476
Runtime kernel version: 4.15.0-1028-gcp
travis-build version: 171ee24bb
[34m[1mBuild image provisioning date and time[0m
Mon Mar 25 16:43:24 UTC 2019
[34m[1mOperating System Details[0m
Distributor ID:	Ubuntu
Description:	Ubuntu 16.04.6 LTS
Release:	16.04
Codename:	xenial
[34m[1mSystemd Version[0m
systemd 229
[34m[1mCookbooks Version[0m
42e42e4 https://github.com/travis-ci/travis-cookbooks/tree/42e42e4
[34m[1mgit version[0m
git version 2.21.0
[34m[1mbash version[0m
GNU bash, version 4.3.48(1)-release (x86_64-pc-linux-gnu)
[34m[1mgcc version[0m
gcc (Ubuntu 5.4.0-6ubuntu1~16.04.11) 5.4.0 20160609
[34m[1mdocker version[0m
Client:
 Version:           18.06.0-ce
 API version:       1.38
 Go version:        go1.10.3
 Git commit:        0ffa825
 Built:             Wed Jul 18 19:11:02 2018
 OS/Arch:           linux/amd64
 Experimental:      false

Server:
 Engine:
  Version:          18.06.0-ce
  API version:      1.38 (minimum version 1.12)
  Go version:       go1.10.3
  Git commit:       0ffa825
  Built:            Wed Jul 18 19:09:05 2018
  OS/Arch:          linux/amd64
  Experimental:     false
[34m[1mclang version[0m
clang version 7.0.0 (tags/RELEASE_700/final)
[34m[1mjq version[0m
jq-1.5
[34m[1mbats version[0m
Bats 0.4.0
[34m[1mshellcheck version[0m
0.6.0
[34m[1mshfmt version[0m
v2.6.3
[34m[1mccache version[0m
3.2.4
[34m[1mcmake version[0m
cmake version 3.12.4
[34m[1mheroku version[0m
heroku/7.22.7 linux-x64 node-v11.10.1
[34m[1mimagemagick version[0m
Version: ImageMagick 6.8.9-9 Q16 x86_64 2018-09-28 http://www.imagemagick.org
[34m[1mmd5deep version[0m
4.4
[34m[1mmercurial version[0m
version 4.8
[34m[1mmysql version[0m
mysql  Ver 14.14 Distrib 5.7.25, for Linux (x86_64) using  EditLine wrapper
[34m[1mopenssl version[0m
OpenSSL 1.0.2g  1 Mar 2016
[34m[1mpacker version[0m
1.3.3
[34m[1mpostgresql client version[0m
psql (PostgreSQL) 10.7 (Ubuntu 10.7-1.pgdg16.04+1)
[34m[1mragel version[0m
Ragel State Machine Compiler version 6.8 Feb 2013
[34m[1msudo version[0m
1.8.16
[34m[1mgzip version[0m
gzip 1.6
[34m[1mzip version[0m
Zip 3.0
[34m[1mvim version[0m
VIM - Vi IMproved 7.4 (2013 Aug 10, compiled Nov 24 2016 16:44:48)
[34m[1miptables version[0m
iptables v1.6.0
[34m[1mcurl version[0m
curl 7.47.0 (x86_64-pc-linux-gnu) libcurl/7.47.0 GnuTLS/3.4.10 zlib/1.2.8 libidn/1.32 librtmp/2.3
[34m[1mwget version[0m
GNU Wget 1.17.1 built on linux-gnu.
[34m[1mrsync version[0m
rsync  version 3.1.1  protocol version 31
[34m[1mgimme version[0m
v1.5.3
[34m[1mnvm version[0m
0.34.0
[34m[1mperlbrew version[0m
/home/travis/perl5/perlbrew/bin/perlbrew  - App::perlbrew/0.86
[34m[1mphpenv version[0m
rbenv 1.1.2
[34m[1mrvm version[0m
rvm 1.29.7 (latest) by Michal Papis, Piotr Kuczynski, Wayne E. Seguin [https://rvm.io]
[34m[1mdefault ruby version[0m
ruby 2.5.3p105 (2018-10-18 revision 65156) [x86_64-linux]
[34m[1mCouchDB version[0m
couchdb 1.6.1
[34m[1mElasticSearch version[0m
5.5.0
[34m[1mInstalled Firefox version[0m
firefox 63.0.1
[34m[1mMongoDB version[0m
MongoDB 4.0.7
[34m[1mPhantomJS version[0m
2.1.1
[34m[1mPre-installed PostgreSQL versions[0m
9.4.21
9.5.16
9.6.12
[34m[1mRedis version[0m
redis-server 5.0.4
[34m[1mPre-installed Go versions[0m
1.11.1
[34m[1mmvn version[0m
Apache Maven 3.6.0 (97c98ec64a1fdfee7767ce5ffb20918da4f719f3; 2018-10-24T18:41:47Z)
[34m[1mgradle version[0m
Gradle 4.10.2!
[34m[1mlein version[0m
Leiningen 2.9.1 on Java 11.0.2 OpenJDK 64-Bit Server VM
[34m[1mPre-installed Node.js versions[0m
v10.15.3
v11.0.0
v4.9.1
v6.17.0
v8.12.0
v8.15.1
v8.9
[34m[1mphpenv versions[0m
  system
  5.6
  5.6.40
  7.1
  7.1.27
  7.2
* 7.2.15 (set by /home/travis/.phpenv/version)
  hhvm
  hhvm-stable
[34m[1mcomposer --version[0m
Composer version 1.8.4 2019-02-11 10:52:10
[34m[1mPre-installed Ruby versions[0m
ruby-2.3.8
ruby-2.4.5
ruby-2.5.3
travis_fold:end:system_info[0K
travis_time:end:0de978e0:start=1582917364877012393,finish=1582917364882621637,duration=5609244,event=show_system_info[0Ktravis_time:start:15438e78[0Ktravis_time:end:15438e78:start=1582917364885283661,finish=1582917364896564245,duration=11280584,event=rm_riak_source[0Ktravis_time:start:06a9e7e0[0Ktravis_time:end:06a9e7e0:start=1582917364899569598,finish=1582917364908561434,duration=8991836,event=fix_rwky_redis[0Ktravis_time:start:11fc7396[0Ktravis_time:end:11fc7396:start=1582917364913217394,finish=1582917365285655721,duration=372438327,event=wait_for_network[0Ktravis_time:start:0d721296[0Ktravis_time:end:0d721296:start=1582917365288664656,finish=1582917365462291519,duration=173626863,event=update_apt_keys[0Ktravis_time:start:0e147b3f[0Ktravis_time:end:0e147b3f:start=1582917365465136168,finish=1582917365513218996,duration=48082828,event=fix_hhvm_source[0Ktravis_time:start:01a19640[0Ktravis_time:end:01a19640:start=1582917365515931177,finish=1582917365518226943,duration=2295766,event=update_mongo_arch[0Ktravis_time:start:1bfc8550[0Ktravis_time:end:1bfc8550:start=1582917365520885142,finish=1582917365558078551,duration=37193409,event=fix_sudo_enabled_trusty[0Ktravis_time:start:124ea734[0Ktravis_time:end:124ea734:start=1582917365560870482,finish=1582917365562882403,duration=2011921,event=update_glibc[0Ktravis_time:start:0592bd90[0Ktravis_time:end:0592bd90:start=1582917365565531950,finish=1582917365572430556,duration=6898606,event=clean_up_path[0Ktravis_time:start:0c6618c0[0Ktravis_time:end:0c6618c0:start=1582917365575030907,finish=1582917365581899778,duration=6868871,event=fix_resolv_conf[0Ktravis_time:start:06fa0be4[0Ktravis_time:end:06fa0be4:start=1582917365584413571,finish=1582917365592138479,duration=7724908,event=fix_etc_hosts[0Ktravis_time:start:1556284f[0Ktravis_time:end:1556284f:start=1582917365594677207,finish=1582917365602259969,duration=7582762,event=fix_mvn_settings_xml[0Ktravis_time:start:059babc4[0Ktravis_time:end:059babc4:start=1582917365604943325,finish=1582917365613009148,duration=8065823,event=no_ipv6_localhost[0Ktravis_time:start:0ee2e0a4[0Ktravis_time:end:0ee2e0a4:start=1582917365615567160,finish=1582917365617520100,duration=1952940,event=fix_etc_mavenrc[0Ktravis_time:start:0920e316[0Ktravis_time:end:0920e316:start=1582917365620059058,finish=1582917365622795929,duration=2736871,event=fix_wwdr_certificate[0Ktravis_time:start:30f8d432[0Ktravis_time:end:30f8d432:start=1582917365625333791,finish=1582917365645699343,duration=20365552,event=put_localhost_first[0Ktravis_time:start:0850dee0[0Ktravis_time:end:0850dee0:start=1582917365648301420,finish=1582917365650608114,duration=2306694,event=home_paths[0Ktravis_time:start:009ac1f3[0Ktravis_time:end:009ac1f3:start=1582917365653331788,finish=1582917365663397460,duration=10065672,event=disable_initramfs[0Ktravis_time:start:16c3cb60[0Ktravis_time:end:16c3cb60:start=1582917365666036555,finish=1582917365875435669,duration=209399114,event=disable_ssh_roaming[0Ktravis_time:start:0b5aa248[0Ktravis_time:end:0b5aa248:start=1582917365878320808,finish=1582917365880508114,duration=2187306,event=debug_tools[0Ktravis_time:start:0da83f74[0Ktravis_time:end:0da83f74:start=1582917365883271575,finish=1582917365886432212,duration=3160637,event=uninstall_oclint[0Ktravis_time:start:090105eb[0Ktravis_time:end:090105eb:start=1582917365889415109,finish=1582917365892052459,duration=2637350,event=rvm_use[0Ktravis_time:start:09960731[0Ktravis_time:end:09960731:start=1582917365894746285,finish=1582917365901623862,duration=6877577,event=rm_etc_boto_cfg[0Ktravis_time:start:037c443a[0Ktravis_time:end:037c443a:start=1582917365904169784,finish=1582917365906461435,duration=2291651,event=rm_oraclejdk8_symlink[0Ktravis_time:start:266f8f20[0Ktravis_time:end:266f8f20:start=1582917365909136212,finish=1582917365995910499,duration=86774287,event=enable_i386[0Ktravis_time:start:13bf4794[0Ktravis_time:end:13bf4794:start=1582917365998773215,finish=1582917366004838197,duration=6064982,event=update_rubygems[0Ktravis_time:start:06b472d5[0Ktravis_time:end:06b472d5:start=1582917366007540087,finish=1582917366750238117,duration=742698030,event=ensure_path_components[0Ktravis_time:start:20210408[0Ktravis_time:end:20210408:start=1582917366753402451,finish=1582917366755511466,duration=2109015,event=redefine_curl[0Ktravis_time:start:186d6876[0Ktravis_time:end:186d6876:start=1582917366758212236,finish=1582917366760215935,duration=2003699,event=nonblock_pipe[0Ktravis_time:start:18d2710d[0Ktravis_time:end:18d2710d:start=1582917366762851364,finish=1582917372793376454,duration=6030525090,event=apt_get_update[0Ktravis_time:start:0995443b[0Ktravis_time:end:0995443b:start=1582917372796679603,finish=1582917372798806229,duration=2126626,event=deprecate_xcode_64[0Ktravis_time:start:02ce73da[0Ktravis_time:end:02ce73da:start=1582917372801495113,finish=1582917375190603579,duration=2389108466,event=update_heroku[0Ktravis_time:start:1ad10528[0Ktravis_time:end:1ad10528:start=1582917375193693798,finish=1582917375195791282,duration=2097484,event=shell_session_update[0Ktravis_time:start:04db9d28[0Ktravis_fold:start:docker_mtu[0Ktravis_fold:end:docker_mtu[0Ktravis_time:end:04db9d28:start=1582917375198493047,finish=1582917377387390172,duration=2188897125,event=set_docker_mtu[0Ktravis_time:start:05fb957c[0Ktravis_fold:start:resolvconf[0Ktravis_fold:end:resolvconf[0Ktravis_time:end:05fb957c:start=1582917377393307387,finish=1582917377450226896,duration=56919509,event=resolvconf[0Ktravis_time:start:0011c440[0Ktravis_time:end:0011c440:start=1582917377454981017,finish=1582917377588026356,duration=133045339,event=maven_central_mirror[0Ktravis_time:start:307042e0[0Ktravis_time:end:307042e0:start=1582917377591088145,finish=1582917377681144004,duration=90055859,event=maven_https[0K[33;1m3.5 is not installed; attempting download[0m
[33;1mDownloading archive: https://storage.googleapis.com/travis-ci-language-archives/python/binaries/ubuntu/16.04/x86_64/python-3.5.tar.bz2[0m
travis_time:start:00121ff6[0K$ curl -sSf --retry 5 -o python-3.5.tar.bz2 ${archive_url}
travis_time:end:00121ff6:start=1582917377762734652,finish=1582917378076530798,duration=313796146,event=configure[0Ktravis_time:start:1b12aa90[0K$ sudo tar xjf python-3.5.tar.bz2 --directory /
travis_time:end:1b12aa90:start=1582917378079941350,finish=1582917386492730278,duration=8412788928,event=configure[0Ktravis_time:start:01a40486[0Ktravis_time:end:01a40486:start=1582917386509871915,finish=1582917386511903601,duration=2031686,event=fix_ps4[0Ktravis_time:start:19659a77[0K
travis_fold:start:git.checkout[0Ktravis_time:start:10af266a[0K$ git clone --depth=50 --branch=logo_art https://github.com/Ibotta/sk-dist.git Ibotta/sk-dist
Cloning into 'Ibotta/sk-dist'...
remote: Enumerating objects: 28, done.[K
remote: Counting objects:   3% (1/28)[Kremote: Counting objects:   7% (2/28)[Kremote: Counting objects:  10% (3/28)[Kremote: Counting objects:  14% (4/28)[Kremote: Counting objects:  17% (5/28)[Kremote: Counting objects:  21% (6/28)[Kremote: Counting objects:  25% (7/28)[Kremote: Counting objects:  28% (8/28)[Kremote: Counting objects:  32% (9/28)[Kremote: Counting objects:  35% (10/28)[Kremote: Counting objects:  39% (11/28)[Kremote: Counting objects:  42% (12/28)[Kremote: Counting objects:  46% (13/28)[Kremote: Counting objects:  50% (14/28)[Kremote: Counting objects:  53% (15/28)[Kremote: Counting objects:  57% (16/28)[Kremote: Counting objects:  60% (17/28)[Kremote: Counting objects:  64% (18/28)[Kremote: Counting objects:  67% (19/28)[Kremote: Counting objects:  71% (20/28)[Kremote: Counting objects:  75% (21/28)[Kremote: Counting objects:  78% (22/28)[Kremote: Counting objects:  82% (23/28)[Kremote: Counting objects:  85% (24/28)[Kremote: Counting objects:  89% (25/28)[Kremote: Counting objects:  92% (26/28)[Kremote: Counting objects:  96% (27/28)[Kremote: Counting objects: 100% (28/28)[Kremote: Counting objects: 100% (28/28), done.[K
remote: Compressing objects:   3% (1/26)[Kremote: Compressing objects:   7% (2/26)[Kremote: Compressing objects:  11% (3/26)[Kremote: Compressing objects:  15% (4/26)[Kremote: Compressing objects:  19% (5/26)[Kremote: Compressing objects:  23% (6/26)[Kremote: Compressing objects:  26% (7/26)[Kremote: Compressing objects:  30% (8/26)[Kremote: Compressing objects:  34% (9/26)[Kremote: Compressing objects:  38% (10/26)[Kremote: Compressing objects:  42% (11/26)[Kremote: Compressing objects:  46% (12/26)[Kremote: Compressing objects:  50% (13/26)[Kremote: Compressing objects:  53% (14/26)[Kremote: Compressing objects:  57% (15/26)[Kremote: Compressing objects:  61% (16/26)[Kremote: Compressing objects:  65% (17/26)[Kremote: Compressing objects:  69% (18/26)[Kremote: Compressing objects:  73% (19/26)[Kremote: Compressing objects:  76% (20/26)[Kremote: Compressing objects:  80% (21/26)[Kremote: Compressing objects:  84% (22/26)[Kremote: Compressing objects:  88% (23/26)[Kremote: Compressing objects:  92% (24/26)[Kremote: Compressing objects:  96% (25/26)[Kremote: Compressing objects: 100% (26/26)[Kremote: Compressing objects: 100% (26/26), done.[K
Receiving objects:   0% (1/297)   Receiving objects:   1% (3/297)   Receiving objects:   2% (6/297)   Receiving objects:   3% (9/297)   Receiving objects:   4% (12/297)   Receiving objects:   5% (15/297)   Receiving objects:   6% (18/297)   Receiving objects:   7% (21/297)   Receiving objects:   8% (24/297)   Receiving objects:   9% (27/297)   Receiving objects:  10% (30/297)   Receiving objects:  11% (33/297)   Receiving objects:  12% (36/297)   Receiving objects:  13% (39/297)   Receiving objects:  14% (42/297)   Receiving objects:  15% (45/297)   Receiving objects:  16% (48/297)   Receiving objects:  17% (51/297)   Receiving objects:  18% (54/297)   Receiving objects:  19% (57/297)   Receiving objects:  20% (60/297)   Receiving objects:  21% (63/297)   Receiving objects:  22% (66/297)   Receiving objects:  23% (69/297)   Receiving objects:  24% (72/297)   Receiving objects:  25% (75/297)   Receiving objects:  26% (78/297)   Receiving objects:  27% (81/297)   Receiving objects:  28% (84/297)   Receiving objects:  29% (87/297)   Receiving objects:  30% (90/297)   Receiving objects:  31% (93/297)   Receiving objects:  32% (96/297)   Receiving objects:  33% (99/297)   Receiving objects:  34% (101/297)   Receiving objects:  35% (104/297)   Receiving objects:  36% (107/297)   Receiving objects:  37% (110/297)   Receiving objects:  38% (113/297)   Receiving objects:  39% (116/297)   Receiving objects:  40% (119/297)   Receiving objects:  41% (122/297)   Receiving objects:  42% (125/297)   Receiving objects:  43% (128/297)   Receiving objects:  44% (131/297)   Receiving objects:  45% (134/297)   Receiving objects:  46% (137/297)   Receiving objects:  47% (140/297)   Receiving objects:  48% (143/297)   Receiving objects:  49% (146/297)   Receiving objects:  50% (149/297)   Receiving objects:  51% (152/297)   Receiving objects:  52% (155/297)   Receiving objects:  53% (158/297)   Receiving objects:  54% (161/297)   Receiving objects:  55% (164/297)   Receiving objects:  56% (167/297)   Receiving objects:  57% (170/297)   Receiving objects:  58% (173/297)   Receiving objects:  59% (176/297)   Receiving objects:  60% (179/297)   Receiving objects:  61% (182/297)   Receiving objects:  62% (185/297)   Receiving objects:  63% (188/297)   Receiving objects:  64% (191/297)   Receiving objects:  65% (194/297)   Receiving objects:  66% (197/297)   Receiving objects:  67% (199/297)   Receiving objects:  68% (202/297)   Receiving objects:  69% (205/297)   Receiving objects:  70% (208/297)   Receiving objects:  71% (211/297)   Receiving objects:  72% (214/297)   remote: Total 297 (delta 11), reused 3 (delta 2), pack-reused 269[K
Receiving objects:  73% (217/297)   Receiving objects:  74% (220/297)   Receiving objects:  75% (223/297)   Receiving objects:  76% (226/297)   Receiving objects:  77% (229/297)   Receiving objects:  78% (232/297)   Receiving objects:  79% (235/297)   Receiving objects:  80% (238/297)   Receiving objects:  81% (241/297)   Receiving objects:  82% (244/297)   Receiving objects:  83% (247/297)   Receiving objects:  84% (250/297)   Receiving objects:  85% (253/297)   Receiving objects:  86% (256/297)   Receiving objects:  87% (259/297)   Receiving objects:  88% (262/297)   Receiving objects:  89% (265/297)   Receiving objects:  90% (268/297)   Receiving objects:  91% (271/297)   Receiving objects:  92% (274/297)   Receiving objects:  93% (277/297)   Receiving objects:  94% (280/297)   Receiving objects:  95% (283/297)   Receiving objects:  96% (286/297)   Receiving objects:  97% (289/297)   Receiving objects:  98% (292/297)   Receiving objects:  99% (295/297)   Receiving objects: 100% (297/297)   Receiving objects: 100% (297/297), 261.63 KiB | 3.23 MiB/s, done.
Resolving deltas:   0% (0/143)   Resolving deltas:   2% (3/143)   Resolving deltas:   5% (8/143)   Resolving deltas:  10% (15/143)   Resolving deltas:  11% (16/143)   Resolving deltas:  20% (29/143)   Resolving deltas:  22% (32/143)   Resolving deltas:  23% (33/143)   Resolving deltas:  25% (37/143)   Resolving deltas:  27% (39/143)   Resolving deltas:  28% (41/143)   Resolving deltas:  30% (44/143)   Resolving deltas:  34% (49/143)   Resolving deltas:  39% (57/143)   Resolving deltas:  40% (58/143)   Resolving deltas:  41% (59/143)   Resolving deltas:  44% (63/143)   Resolving deltas:  45% (65/143)   Resolving deltas:  46% (67/143)   Resolving deltas:  47% (68/143)   Resolving deltas:  53% (76/143)   Resolving deltas:  56% (81/143)   Resolving deltas:  58% (83/143)   Resolving deltas:  60% (86/143)   Resolving deltas:  61% (88/143)   Resolving deltas:  62% (90/143)   Resolving deltas:  63% (91/143)   Resolving deltas:  65% (94/143)   Resolving deltas:  66% (95/143)   Resolving deltas:  67% (96/143)   Resolving deltas:  69% (99/143)   Resolving deltas:  73% (105/143)   Resolving deltas:  74% (106/143)   Resolving deltas:  86% (124/143)   Resolving deltas:  90% (129/143)   Resolving deltas:  91% (131/143)   Resolving deltas:  94% (135/143)   Resolving deltas:  95% (137/143)   Resolving deltas:  97% (139/143)   Resolving deltas:  98% (141/143)   Resolving deltas:  99% (142/143)   Resolving deltas: 100% (143/143)   Resolving deltas: 100% (143/143), done.
travis_time:end:10af266a:start=1582917386517310313,finish=1582917387251553236,duration=734242923,event=checkout[0K$ cd Ibotta/sk-dist
$ git checkout -qf e40e6af64d843221b7b286a132350e32d54639d2
travis_fold:end:git.checkout[0K
travis_time:end:10af266a:start=1582917386517310313,finish=1582917387260244179,duration=742933866,event=checkout[0Ktravis_time:start:004f8e64[0K
[33;1mSetting environment variables from .travis.yml[0m
$ export TEST_SUITE=spark_2_4

travis_time:end:004f8e64:start=1582917387263107971,finish=1582917387268821219,duration=5713248,event=env[0Ktravis_time:start:0984f89c[0K$ source ~/virtualenv/python3.5/bin/activate
travis_time:end:0984f89c:start=1582917387271621172,finish=1582917387275711859,duration=4090687,event=[0K$ python --version
Python 3.5.6
$ pip --version
pip 18.1 from /home/travis/virtualenv/python3.5.6/lib/python3.5/site-packages/pip (python 3.5)
Could not locate requirements.txt. Override the install: key in your .travis.yml to install dependencies.
travis_time:start:23c48caf[0K$ build_tools/$TEST_SUITE.sh
Obtaining file:///home/travis/build/Ibotta/sk-dist
Collecting scikit-learn>=0.20.0 (from sk-dist==0.1.8)
[?25l  Downloading https://files.pythonhosted.org/packages/7c/1b/6caedaef55a0f2173e0863e8b55440d37076e5377fedb82b5a9881cf7d33/scikit-learn-0.22.2.tar.gz (12.8MB)

[?25hCollecting pandas>=0.17.0 (from sk-dist==0.1.8)
[?25l  Downloading https://files.pythonhosted.org/packages/a9/55/e3f34ad611f703454b951bab6bde9a432f1af92994cebc4d8e0ec0af38c4/pandas-0.25.3-cp35-cp35m-manylinux1_x86_64.whl (10.3MB)

[?25hRequirement already satisfied: numpy in /home/travis/virtualenv/python3.5.6/lib/python3.5/site-packages (from sk-dist==0.1.8) (1.15.4)
Collecting scipy (from sk-dist==0.1.8)
[?25l  Downloading https://files.pythonhosted.org/packages/c1/60/8cbf00c0deb50a971e6e3a015fb32513960a92867df979870a454481817c/scipy-1.4.1-cp35-cp35m-manylinux1_x86_64.whl (26.0MB)

[?25hCollecting joblib (from sk-dist==0.1.8)
[?25l  Downloading https://files.pythonhosted.org/packages/28/5c/cf6a2b65a321c4a209efcdf64c2689efae2cb62661f8f6f4bb28547cf1bf/joblib-0.14.1-py2.py3-none-any.whl (294kB)

[?25hCollecting xgboost>=0.4 (from sk-dist==0.1.8)
[?25l  Downloading https://files.pythonhosted.org/packages/5c/b0/c4e5aa6d754bb19131a5990784a06c4c73d390446caf1d55f0a480dcf311/xgboost-1.0.1-py3-none-manylinux1_x86_64.whl (109.7MB)

[?25hCollecting pyarrow==0.15.0 (from sk-dist==0.1.8)
[?25l  Downloading https://files.pythonhosted.org/packages/bd/2b/30a9474d36e87968f995634a5fa2e94e42df4c8be1de9ad0c6ef45576ec4/pyarrow-0.15.0-cp35-cp35m-manylinux1_x86_64.whl (60.1MB)

[?25hCollecting pyspark>=2.4.4 (from sk-dist==0.1.8)
[?25l  Downloading https://files.pythonhosted.org/packages/9a/5a/271c416c1c2185b6cb0151b29a91fff6fcaed80173c8584ff6d20e46b465/pyspark-2.4.5.tar.gz (217.8MB)

[?25hCollecting pytest-spark>=0.4.5 (from sk-dist==0.1.8)
  Downloading https://files.pythonhosted.org/packages/fa/58/0a5820b4912e63f50b043170eeda56efab52104877818e2ac08c2eecc26d/pytest_spark-0.6.0-py3-none-any.whl
Collecting pytz>=2017.2 (from pandas>=0.17.0->sk-dist==0.1.8)
[?25l  Downloading https://files.pythonhosted.org/packages/e7/f9/f0b53f88060247251bf481fa6ea62cd0d25bf1b11a87888e53ce5b7c8ad2/pytz-2019.3-py2.py3-none-any.whl (509kB)

[?25hCollecting python-dateutil>=2.6.1 (from pandas>=0.17.0->sk-dist==0.1.8)
[?25l  Downloading https://files.pythonhosted.org/packages/d4/70/d60450c3dd48ef87586924207ae8907090de0b306af2bce5d134d78615cb/python_dateutil-2.8.1-py2.py3-none-any.whl (227kB)

[?25hRequirement already satisfied: six>=1.0.0 in /home/travis/virtualenv/python3.5.6/lib/python3.5/site-packages (from pyarrow==0.15.0->sk-dist==0.1.8) (1.12.0)
Collecting py4j==0.10.7 (from pyspark>=2.4.4->sk-dist==0.1.8)
[?25l  Downloading https://files.pythonhosted.org/packages/e3/53/c737818eb9a7dc32a7cd4f1396e787bd94200c3997c72c1dbe028587bd76/py4j-0.10.7-py2.py3-none-any.whl (197kB)

[?25hRequirement already satisfied: pytest in /home/travis/virtualenv/python3.5.6/lib/python3.5/site-packages (from pytest-spark>=0.4.5->sk-dist==0.1.8) (4.1.0)
Collecting findspark (from pytest-spark>=0.4.5->sk-dist==0.1.8)
  Downloading https://files.pythonhosted.org/packages/b1/c8/e6e1f6a303ae5122dc28d131b5a67c5eb87cbf8f7ac5b9f87764ea1b1e1e/findspark-1.3.0-py2.py3-none-any.whl
Requirement already satisfied: attrs>=17.4.0 in /home/travis/virtualenv/python3.5.6/lib/python3.5/site-packages (from pytest->pytest-spark>=0.4.5->sk-dist==0.1.8) (18.2.0)
Requirement already satisfied: pluggy>=0.7 in /home/travis/virtualenv/python3.5.6/lib/python3.5/site-packages (from pytest->pytest-spark>=0.4.5->sk-dist==0.1.8) (0.8.0)
Requirement already satisfied: more-itertools>=4.0.0 in /home/travis/virtualenv/python3.5.6/lib/python3.5/site-packages (from pytest->pytest-spark>=0.4.5->sk-dist==0.1.8) (5.0.0)
Requirement already satisfied: pathlib2>=2.2.0; python_version < "3.6" in /home/travis/virtualenv/python3.5.6/lib/python3.5/site-packages (from pytest->pytest-spark>=0.4.5->sk-dist==0.1.8) (2.3.3)
Requirement already satisfied: py>=1.5.0 in /home/travis/virtualenv/python3.5.6/lib/python3.5/site-packages (from pytest->pytest-spark>=0.4.5->sk-dist==0.1.8) (1.7.0)
Requirement already satisfied: setuptools in /home/travis/virtualenv/python3.5.6/lib/python3.5/site-packages (from pytest->pytest-spark>=0.4.5->sk-dist==0.1.8) (40.6.3)
Requirement already satisfied: atomicwrites>=1.0 in /home/travis/virtualenv/python3.5.6/lib/python3.5/site-packages (from pytest->pytest-spark>=0.4.5->sk-dist==0.1.8) (1.2.1)
Building wheels for collected packages: scikit-learn, pyspark
  Running setup.py bdist_wheel for scikit-learn ... [?25l- error
  Complete output from command /home/travis/virtualenv/python3.5.6/bin/python -u -c "import setuptools, tokenize;__file__='/tmp/pip-install-me2rnlvr/scikit-learn/setup.py';f=getattr(tokenize, 'open', open)(__file__);code=f.read().replace('\r\n', '\n');f.close();exec(compile(code, __file__, 'exec'))" bdist_wheel -d /tmp/pip-wheel-zaq6b1qs --python-tag cp35:
  Partial import of sklearn during the build process.
  Traceback (most recent call last):
    File "/tmp/pip-install-me2rnlvr/scikit-learn/setup.py", line 195, in check_package_status
      module = importlib.import_module(package)
    File "/home/travis/virtualenv/python3.5.6/lib/python3.5/importlib/__init__.py", line 126, in import_module
      return _bootstrap._gcd_import(name[level:], package, level)
    File "<frozen importlib._bootstrap>", line 985, in _gcd_import
    File "<frozen importlib._bootstrap>", line 968, in _find_and_load
    File "<frozen importlib._bootstrap>", line 955, in _find_and_load_unlocked
  ImportError: No module named 'scipy'
  Traceback (most recent call last):
    File "<string>", line 1, in <module>
    File "/tmp/pip-install-me2rnlvr/scikit-learn/setup.py", line 303, in <module>
      setup_package()
    File "/tmp/pip-install-me2rnlvr/scikit-learn/setup.py", line 293, in setup_package
      check_package_status('scipy', SCIPY_MIN_VERSION)
    File "/tmp/pip-install-me2rnlvr/scikit-learn/setup.py", line 221, in check_package_status
      .format(package, req_str, instructions))
  ImportError: scipy is not installed.
  scikit-learn requires scipy >= 0.17.0.
  Installation instructions are available on the scikit-learn website: http://scikit-learn.org/stable/install.html
  
  
  ----------------------------------------
[31m  Failed building wheel for scikit-learn[0m
[?25h  Running setup.py clean for scikit-learn
  Running setup.py bdist_wheel for pyspark ... [?25l- \ | / - \ | / - \ | / - \ | / - \ | / - \ | / - \ | / - \ | / - \ | / - \ | / done
[?25h  Stored in directory: /home/travis/.cache/pip/wheels/bf/db/04/61d66a5939364e756eb1c1be4ec5bdce6e04047fc7929a3c3c
Successfully built pyspark
Failed to build scikit-learn
Installing collected packages: scipy, joblib, scikit-learn, pytz, python-dateutil, pandas, xgboost, pyarrow, py4j, pyspark, findspark, pytest-spark, sk-dist
  Running setup.py install for scikit-learn ... [?25l- \ error
    Complete output from command /home/travis/virtualenv/python3.5.6/bin/python -u -c "import setuptools, tokenize;__file__='/tmp/pip-install-me2rnlvr/scikit-learn/setup.py';f=getattr(tokenize, 'open', open)(__file__);code=f.read().replace('\r\n', '\n');f.close();exec(compile(code, __file__, 'exec'))" install --record /tmp/pip-record-xbgtunmv/install-record.txt --single-version-externally-managed --compile --install-headers /home/travis/virtualenv/python3.5.6/include/site/python3.5/scikit-learn:
    Partial import of sklearn during the build process.
    Traceback (most recent call last):
      File "/tmp/pip-install-me2rnlvr/scikit-learn/sklearn/_build_utils/__init__.py", line 32, in _check_cython_version
        import Cython
    ImportError: No module named 'Cython'
    
    During handling of the above exception, another exception occurred:
    
    Traceback (most recent call last):
      File "<string>", line 1, in <module>
      File "/tmp/pip-install-me2rnlvr/scikit-learn/setup.py", line 303, in <module>
        setup_package()
      File "/tmp/pip-install-me2rnlvr/scikit-learn/setup.py", line 299, in setup_package
        setup(**metadata)
      File "/home/travis/virtualenv/python3.5.6/lib/python3.5/site-packages/numpy/distutils/core.py", line 135, in setup
        config = configuration()
      File "/tmp/pip-install-me2rnlvr/scikit-learn/setup.py", line 180, in configuration
        _check_cython_version()
      File "/tmp/pip-install-me2rnlvr/scikit-learn/sklearn/_build_utils/__init__.py", line 33, in _check_cython_version
        except ModuleNotFoundError:
    NameError: name 'ModuleNotFoundError' is not defined
    
    ----------------------------------------
[31mCommand "/home/travis/virtualenv/python3.5.6/bin/python -u -c "import setuptools, tokenize;__file__='/tmp/pip-install-me2rnlvr/scikit-learn/setup.py';f=getattr(tokenize, 'open', open)(__file__);code=f.read().replace('\r\n', '\n');f.close();exec(compile(code, __file__, 'exec'))" install --record /tmp/pip-record-xbgtunmv/install-record.txt --single-version-externally-managed --compile --install-headers /home/travis/virtualenv/python3.5.6/include/site/python3.5/scikit-learn" failed with error code 1 in /tmp/pip-install-me2rnlvr/scikit-learn/[0m
[?25hNo broken requirements found.
[1m============================= test session starts ==============================[0m
platform linux -- Python 3.5.6, pytest-4.1.0, py-1.7.0, pluggy-0.8.0
rootdir: /home/travis/build/Ibotta/sk-dist, inifile:
[1mcollecting ... [0m[1mcollecting 11 items / 1 errors                                                 [0m[1mcollected 46 items / 3 errors                                                  [0m

==================================== ERRORS ====================================
[1m[31m__________ ERROR collecting skdist/distribute/tests/test_eliminate.py __________[0m
[31mImportError while importing test module '/home/travis/build/Ibotta/sk-dist/skdist/distribute/tests/test_eliminate.py'.
Hint: make sure your test modules/packages have valid Python names.
Traceback:
skdist/distribute/tests/test_eliminate.py:8: in <module>
    from sklearn.linear_model import LogisticRegression
E   ImportError: No module named 'sklearn'[0m
[1m[31m___________ ERROR collecting skdist/distribute/tests/test_search.py ____________[0m
[31mImportError while importing test module '/home/travis/build/Ibotta/sk-dist/skdist/distribute/tests/test_search.py'.
Hint: make sure your test modules/packages have valid Python names.
Traceback:
skdist/distribute/tests/test_search.py:16: in <module>
    from sklearn.linear_model import LogisticRegression
E   ImportError: No module named 'sklearn'[0m
[1m[31m_________________ ERROR collecting skdist/tests/test_spark.py __________________[0m
[31mImportError while importing test module '/home/travis/build/Ibotta/sk-dist/skdist/tests/test_spark.py'.
Hint: make sure your test modules/packages have valid Python names.
Traceback:
skdist/tests/test_spark.py:7: in <module>
    import pandas as pd
E   ImportError: No module named 'pandas'[0m
!!!!!!!!!!!!!!!!!!! Interrupted: 3 errors during collection !!!!!!!!!!!!!!!!!!!!
[1m[31m=========================== 3 error in 0.93 seconds ============================[0m
travis_time:end:23c48caf:start=1582917387547161241,finish=1582917513117219857,duration=125570058616,event=script[0K[31;1mThe command "build_tools/$TEST_SUITE.sh" exited with 2.[0m


Done. Your build exited with 1.
