travis_fold:start:worker_info[0K[33;1mWorker information[0m
hostname: 25b99100-140a-4c32-b905-6ecf03880954@1.worker-org-676f4fdd9b-qtnnr.gce-production-2
version: v6.2.8 https://github.com/travis-ci/worker/tree/6d3048d96b26562be21fa1a8b8144f4c4cecd083
instance: travis-job-64949d67-b955-414a-857c-1d1ba2d14037 travis-ci-sardonyx-xenial-1553530528-f909ac5 (via amqp)
startup: 6.115933822s
travis_fold:end:worker_info[0Ktravis_time:start:055a2f6d[0Ktravis_time:end:055a2f6d:start=1586194712448825605,finish=1586194712597989237,duration=149163632,event=no_world_writable_dirs[0Ktravis_time:start:0b4035a9[0Ktravis_time:end:0b4035a9:start=1586194712601951073,finish=1586194712609649195,duration=7698122,event=agent[0Ktravis_time:start:00329548[0Ktravis_time:end:00329548:start=1586194712613174461,finish=1586194712615610688,duration=2436227,event=check_unsupported[0Ktravis_time:start:0bffc700[0Ktravis_fold:start:system_info[0K[33;1mBuild system information[0m
Build language: python
Build dist: xenial
Build id: 671752432
Job id: 671752434
Runtime kernel version: 4.15.0-1028-gcp
travis-build version: f65a8dc88
[34m[1mBuild image provisioning date and time[0m
Mon Mar 25 16:43:24 UTC 2019
[34m[1mOperating System Details[0m
Distributor ID:	Ubuntu
Description:	Ubuntu 16.04.6 LTS
Release:	16.04
Codename:	xenial
[34m[1mSystemd Version[0m
systemd 229
[34m[1mCookbooks Version[0m
42e42e4 https://github.com/travis-ci/travis-cookbooks/tree/42e42e4
[34m[1mgit version[0m
git version 2.21.0
[34m[1mbash version[0m
GNU bash, version 4.3.48(1)-release (x86_64-pc-linux-gnu)
[34m[1mgcc version[0m
gcc (Ubuntu 5.4.0-6ubuntu1~16.04.11) 5.4.0 20160609
[34m[1mdocker version[0m
Client:
 Version:           18.06.0-ce
 API version:       1.38
 Go version:        go1.10.3
 Git commit:        0ffa825
 Built:             Wed Jul 18 19:11:02 2018
 OS/Arch:           linux/amd64
 Experimental:      false

Server:
 Engine:
  Version:          18.06.0-ce
  API version:      1.38 (minimum version 1.12)
  Go version:       go1.10.3
  Git commit:       0ffa825
  Built:            Wed Jul 18 19:09:05 2018
  OS/Arch:          linux/amd64
  Experimental:     false
[34m[1mclang version[0m
clang version 7.0.0 (tags/RELEASE_700/final)
[34m[1mjq version[0m
jq-1.5
[34m[1mbats version[0m
Bats 0.4.0
[34m[1mshellcheck version[0m
0.6.0
[34m[1mshfmt version[0m
v2.6.3
[34m[1mccache version[0m
3.2.4
[34m[1mcmake version[0m
cmake version 3.12.4
[34m[1mheroku version[0m
heroku/7.22.7 linux-x64 node-v11.10.1
[34m[1mimagemagick version[0m
Version: ImageMagick 6.8.9-9 Q16 x86_64 2018-09-28 http://www.imagemagick.org
[34m[1mmd5deep version[0m
4.4
[34m[1mmercurial version[0m
version 4.8
[34m[1mmysql version[0m
mysql  Ver 14.14 Distrib 5.7.25, for Linux (x86_64) using  EditLine wrapper
[34m[1mopenssl version[0m
OpenSSL 1.0.2g  1 Mar 2016
[34m[1mpacker version[0m
1.3.3
[34m[1mpostgresql client version[0m
psql (PostgreSQL) 10.7 (Ubuntu 10.7-1.pgdg16.04+1)
[34m[1mragel version[0m
Ragel State Machine Compiler version 6.8 Feb 2013
[34m[1msudo version[0m
1.8.16
[34m[1mgzip version[0m
gzip 1.6
[34m[1mzip version[0m
Zip 3.0
[34m[1mvim version[0m
VIM - Vi IMproved 7.4 (2013 Aug 10, compiled Nov 24 2016 16:44:48)
[34m[1miptables version[0m
iptables v1.6.0
[34m[1mcurl version[0m
curl 7.47.0 (x86_64-pc-linux-gnu) libcurl/7.47.0 GnuTLS/3.4.10 zlib/1.2.8 libidn/1.32 librtmp/2.3
[34m[1mwget version[0m
GNU Wget 1.17.1 built on linux-gnu.
[34m[1mrsync version[0m
rsync  version 3.1.1  protocol version 31
[34m[1mgimme version[0m
v1.5.3
[34m[1mnvm version[0m
0.34.0
[34m[1mperlbrew version[0m
/home/travis/perl5/perlbrew/bin/perlbrew  - App::perlbrew/0.86
[34m[1mphpenv version[0m
rbenv 1.1.2
[34m[1mrvm version[0m
rvm 1.29.7 (latest) by Michal Papis, Piotr Kuczynski, Wayne E. Seguin [https://rvm.io]
[34m[1mdefault ruby version[0m
ruby 2.5.3p105 (2018-10-18 revision 65156) [x86_64-linux]
[34m[1mCouchDB version[0m
couchdb 1.6.1
[34m[1mElasticSearch version[0m
5.5.0
[34m[1mInstalled Firefox version[0m
firefox 63.0.1
[34m[1mMongoDB version[0m
MongoDB 4.0.7
[34m[1mPhantomJS version[0m
2.1.1
[34m[1mPre-installed PostgreSQL versions[0m
9.4.21
9.5.16
9.6.12
[34m[1mRedis version[0m
redis-server 5.0.4
[34m[1mPre-installed Go versions[0m
1.11.1
[34m[1mmvn version[0m
Apache Maven 3.6.0 (97c98ec64a1fdfee7767ce5ffb20918da4f719f3; 2018-10-24T18:41:47Z)
[34m[1mgradle version[0m
Gradle 4.10.2!
[34m[1mlein version[0m
Leiningen 2.9.1 on Java 11.0.2 OpenJDK 64-Bit Server VM
[34m[1mPre-installed Node.js versions[0m
v10.15.3
v11.0.0
v4.9.1
v6.17.0
v8.12.0
v8.15.1
v8.9
[34m[1mphpenv versions[0m
  system
  5.6
  5.6.40
  7.1
  7.1.27
  7.2
* 7.2.15 (set by /home/travis/.phpenv/version)
  hhvm
  hhvm-stable
[34m[1mcomposer --version[0m
Composer version 1.8.4 2019-02-11 10:52:10
[34m[1mPre-installed Ruby versions[0m
ruby-2.3.8
ruby-2.4.5
ruby-2.5.3
travis_fold:end:system_info[0K
travis_time:end:0bffc700:start=1586194712618739870,finish=1586194712626753958,duration=8014088,event=show_system_info[0Ktravis_time:start:0e461992[0Ktravis_time:end:0e461992:start=1586194712630082629,finish=1586194712641977160,duration=11894531,event=rm_riak_source[0Ktravis_time:start:028968a2[0Ktravis_time:end:028968a2:start=1586194712645376712,finish=1586194712651374114,duration=5997402,event=fix_rwky_redis[0Ktravis_time:start:008ba9bb[0Ktravis_time:end:008ba9bb:start=1586194712655467500,finish=1586194713261117083,duration=605649583,event=wait_for_network[0Ktravis_time:start:08281dba[0Ktravis_time:end:08281dba:start=1586194713264369359,finish=1586194713468511450,duration=204142091,event=update_apt_keys[0Ktravis_time:start:21bfafe0[0Ktravis_time:end:21bfafe0:start=1586194713471801970,finish=1586194713524660471,duration=52858501,event=fix_hhvm_source[0Ktravis_time:start:142d7e1c[0Ktravis_time:end:142d7e1c:start=1586194713527870689,finish=1586194713530462436,duration=2591747,event=update_mongo_arch[0Ktravis_time:start:077684df[0Ktravis_time:end:077684df:start=1586194713533335623,finish=1586194713574799383,duration=41463760,event=fix_sudo_enabled_trusty[0Ktravis_time:start:25998933[0Ktravis_time:end:25998933:start=1586194713578020132,finish=1586194713580279084,duration=2258952,event=update_glibc[0Ktravis_time:start:13cc2cc0[0Ktravis_time:end:13cc2cc0:start=1586194713583175825,finish=1586194713590914329,duration=7738504,event=clean_up_path[0Ktravis_time:start:074ab382[0Ktravis_time:end:074ab382:start=1586194713593749358,finish=1586194713601695288,duration=7945930,event=fix_resolv_conf[0Ktravis_time:start:0ef1e942[0Ktravis_time:end:0ef1e942:start=1586194713604774719,finish=1586194713613640789,duration=8866070,event=fix_etc_hosts[0Ktravis_time:start:0646b4b8[0Ktravis_time:end:0646b4b8:start=1586194713616596517,finish=1586194713625307937,duration=8711420,event=fix_mvn_settings_xml[0Ktravis_time:start:1381634f[0Ktravis_time:end:1381634f:start=1586194713628627037,finish=1586194713638376258,duration=9749221,event=no_ipv6_localhost[0Ktravis_time:start:075e6a58[0Ktravis_time:end:075e6a58:start=1586194713641472497,finish=1586194713643648390,duration=2175893,event=fix_etc_mavenrc[0Ktravis_time:start:00fdb8b7[0Ktravis_time:end:00fdb8b7:start=1586194713646638316,finish=1586194713649686439,duration=3048123,event=fix_wwdr_certificate[0Ktravis_time:start:0dbd1d5a[0Ktravis_time:end:0dbd1d5a:start=1586194713652679137,finish=1586194713675767488,duration=23088351,event=put_localhost_first[0Ktravis_time:start:09297d59[0Ktravis_time:end:09297d59:start=1586194713678850576,finish=1586194713681860334,duration=3009758,event=home_paths[0Ktravis_time:start:03f54cb0[0Ktravis_time:end:03f54cb0:start=1586194713684908284,finish=1586194713697160044,duration=12251760,event=disable_initramfs[0Ktravis_time:start:111d54e4[0Ktravis_time:end:111d54e4:start=1586194713700236991,finish=1586194713981034724,duration=280797733,event=disable_ssh_roaming[0Ktravis_time:start:08fb2504[0Ktravis_time:end:08fb2504:start=1586194713984274461,finish=1586194713986543086,duration=2268625,event=debug_tools[0Ktravis_time:start:0398b7bb[0Ktravis_time:end:0398b7bb:start=1586194713989664689,finish=1586194713992659704,duration=2995015,event=uninstall_oclint[0Ktravis_time:start:0728e782[0Ktravis_time:end:0728e782:start=1586194713995601618,finish=1586194713998524391,duration=2922773,event=rvm_use[0Ktravis_time:start:005b1724[0Ktravis_time:end:005b1724:start=1586194714001518985,finish=1586194714008930793,duration=7411808,event=rm_etc_boto_cfg[0Ktravis_time:start:1525ba58[0Ktravis_time:end:1525ba58:start=1586194714011844295,finish=1586194714014651105,duration=2806810,event=rm_oraclejdk8_symlink[0Ktravis_time:start:145920e0[0Ktravis_time:end:145920e0:start=1586194714017638173,finish=1586194714118546447,duration=100908274,event=enable_i386[0Ktravis_time:start:067a14fe[0Ktravis_time:end:067a14fe:start=1586194714122222718,finish=1586194714128773968,duration=6551250,event=update_rubygems[0Ktravis_time:start:052af32d[0Ktravis_time:end:052af32d:start=1586194714132378069,finish=1586194714933883142,duration=801505073,event=ensure_path_components[0Ktravis_time:start:0769c998[0Ktravis_time:end:0769c998:start=1586194714937305725,finish=1586194714939587511,duration=2281786,event=redefine_curl[0Ktravis_time:start:205fed3d[0Ktravis_time:end:205fed3d:start=1586194714942623328,finish=1586194714944833594,duration=2210266,event=nonblock_pipe[0Ktravis_time:start:23e39db8[0Ktravis_time:end:23e39db8:start=1586194714947768446,finish=1586194720978630083,duration=6030861637,event=apt_get_update[0Ktravis_time:start:0082cc64[0Ktravis_time:end:0082cc64:start=1586194720982123401,finish=1586194720984377158,duration=2253757,event=deprecate_xcode_64[0Ktravis_time:start:0dc224ed[0Ktravis_time:end:0dc224ed:start=1586194720987641414,finish=1586194723560573758,duration=2572932344,event=update_heroku[0Ktravis_time:start:3962c2f4[0Ktravis_time:end:3962c2f4:start=1586194723563635805,finish=1586194723565733686,duration=2097881,event=shell_session_update[0Ktravis_time:start:05b06922[0Ktravis_fold:start:docker_mtu[0Ktravis_fold:end:docker_mtu[0Ktravis_time:end:05b06922:start=1586194723568481913,finish=1586194725769685959,duration=2201204046,event=set_docker_mtu[0Ktravis_time:start:0f9e5d65[0Ktravis_fold:start:resolvconf[0Ktravis_fold:end:resolvconf[0Ktravis_time:end:0f9e5d65:start=1586194725773590221,finish=1586194725833754966,duration=60164745,event=resolvconf[0Ktravis_time:start:0519193a[0Ktravis_time:end:0519193a:start=1586194725842049710,finish=1586194725975824244,duration=133774534,event=maven_central_mirror[0Ktravis_time:start:01b9d3e0[0Ktravis_time:end:01b9d3e0:start=1586194725978959892,finish=1586194726070469091,duration=91509199,event=maven_https[0K[33;1m3.5 is not installed; attempting download[0m
[33;1mDownloading archive: https://storage.googleapis.com/travis-ci-language-archives/python/binaries/ubuntu/16.04/x86_64/python-3.5.tar.bz2[0m
travis_time:start:0054203b[0K$ curl -sSf --retry 5 -o python-3.5.tar.bz2 ${archive_url}
travis_time:end:0054203b:start=1586194726156124544,finish=1586194726534014434,duration=377889890,event=configure[0Ktravis_time:start:0d80f8ae[0K$ sudo tar xjf python-3.5.tar.bz2 --directory /
travis_time:end:0d80f8ae:start=1586194726537329753,finish=1586194736463266653,duration=9925936900,event=configure[0Ktravis_time:start:10f795e0[0Ktravis_time:end:10f795e0:start=1586194736481763229,finish=1586194736484106320,duration=2343091,event=fix_ps4[0Ktravis_time:start:01153cb6[0K
travis_fold:start:git.checkout[0Ktravis_time:start:25f5a4da[0K$ git clone --depth=50 --branch=master https://github.com/Ibotta/sk-dist.git Ibotta/sk-dist
Cloning into 'Ibotta/sk-dist'...
remote: Enumerating objects: 25, done.[K
remote: Counting objects:   4% (1/25)[Kremote: Counting objects:   8% (2/25)[Kremote: Counting objects:  12% (3/25)[Kremote: Counting objects:  16% (4/25)[Kremote: Counting objects:  20% (5/25)[Kremote: Counting objects:  24% (6/25)[Kremote: Counting objects:  28% (7/25)[Kremote: Counting objects:  32% (8/25)[Kremote: Counting objects:  36% (9/25)[Kremote: Counting objects:  40% (10/25)[Kremote: Counting objects:  44% (11/25)[Kremote: Counting objects:  48% (12/25)[Kremote: Counting objects:  52% (13/25)[Kremote: Counting objects:  56% (14/25)[Kremote: Counting objects:  60% (15/25)[Kremote: Counting objects:  64% (16/25)[Kremote: Counting objects:  68% (17/25)[Kremote: Counting objects:  72% (18/25)[Kremote: Counting objects:  76% (19/25)[Kremote: Counting objects:  80% (20/25)[Kremote: Counting objects:  84% (21/25)[Kremote: Counting objects:  88% (22/25)[Kremote: Counting objects:  92% (23/25)[Kremote: Counting objects:  96% (24/25)[Kremote: Counting objects: 100% (25/25)[Kremote: Counting objects: 100% (25/25), done.[K
remote: Compressing objects:   4% (1/23)[Kremote: Compressing objects:   8% (2/23)[Kremote: Compressing objects:  13% (3/23)[Kremote: Compressing objects:  17% (4/23)[Kremote: Compressing objects:  21% (5/23)[Kremote: Compressing objects:  26% (6/23)[Kremote: Compressing objects:  30% (7/23)[Kremote: Compressing objects:  34% (8/23)[Kremote: Compressing objects:  39% (9/23)[Kremote: Compressing objects:  43% (10/23)[Kremote: Compressing objects:  47% (11/23)[Kremote: Compressing objects:  52% (12/23)[Kremote: Compressing objects:  56% (13/23)[Kremote: Compressing objects:  60% (14/23)[Kremote: Compressing objects:  65% (15/23)[Kremote: Compressing objects:  69% (16/23)[Kremote: Compressing objects:  73% (17/23)[Kremote: Compressing objects:  78% (18/23)[Kremote: Compressing objects:  82% (19/23)[Kremote: Compressing objects:  86% (20/23)[Kremote: Compressing objects:  91% (21/23)[Kremote: Compressing objects:  95% (22/23)[Kremote: Compressing objects: 100% (23/23)[Kremote: Compressing objects: 100% (23/23), done.[K
Receiving objects:   0% (1/294)   Receiving objects:   1% (3/294)   Receiving objects:   2% (6/294)   Receiving objects:   3% (9/294)   Receiving objects:   4% (12/294)   Receiving objects:   5% (15/294)   Receiving objects:   6% (18/294)   Receiving objects:   7% (21/294)   Receiving objects:   8% (24/294)   Receiving objects:   9% (27/294)   Receiving objects:  10% (30/294)   Receiving objects:  11% (33/294)   Receiving objects:  12% (36/294)   Receiving objects:  13% (39/294)   Receiving objects:  14% (42/294)   Receiving objects:  15% (45/294)   Receiving objects:  16% (48/294)   Receiving objects:  17% (50/294)   Receiving objects:  18% (53/294)   Receiving objects:  19% (56/294)   Receiving objects:  20% (59/294)   Receiving objects:  21% (62/294)   Receiving objects:  22% (65/294)   Receiving objects:  23% (68/294)   Receiving objects:  24% (71/294)   Receiving objects:  25% (74/294)   Receiving objects:  26% (77/294)   Receiving objects:  27% (80/294)   Receiving objects:  28% (83/294)   Receiving objects:  29% (86/294)   Receiving objects:  30% (89/294)   Receiving objects:  31% (92/294)   Receiving objects:  32% (95/294)   Receiving objects:  33% (98/294)   Receiving objects:  34% (100/294)   Receiving objects:  35% (103/294)   Receiving objects:  36% (106/294)   Receiving objects:  37% (109/294)   Receiving objects:  38% (112/294)   Receiving objects:  39% (115/294)   Receiving objects:  40% (118/294)   remote: Total 294 (delta 9), reused 3 (delta 2), pack-reused 269[K
Receiving objects:  41% (121/294)   Receiving objects:  42% (124/294)   Receiving objects:  43% (127/294)   Receiving objects:  44% (130/294)   Receiving objects:  45% (133/294)   Receiving objects:  46% (136/294)   Receiving objects:  47% (139/294)   Receiving objects:  48% (142/294)   Receiving objects:  49% (145/294)   Receiving objects:  50% (147/294)   Receiving objects:  51% (150/294)   Receiving objects:  52% (153/294)   Receiving objects:  53% (156/294)   Receiving objects:  54% (159/294)   Receiving objects:  55% (162/294)   Receiving objects:  56% (165/294)   Receiving objects:  57% (168/294)   Receiving objects:  58% (171/294)   Receiving objects:  59% (174/294)   Receiving objects:  60% (177/294)   Receiving objects:  61% (180/294)   Receiving objects:  62% (183/294)   Receiving objects:  63% (186/294)   Receiving objects:  64% (189/294)   Receiving objects:  65% (192/294)   Receiving objects:  66% (195/294)   Receiving objects:  67% (197/294)   Receiving objects:  68% (200/294)   Receiving objects:  69% (203/294)   Receiving objects:  70% (206/294)   Receiving objects:  71% (209/294)   Receiving objects:  72% (212/294)   Receiving objects:  73% (215/294)   Receiving objects:  74% (218/294)   Receiving objects:  75% (221/294)   Receiving objects:  76% (224/294)   Receiving objects:  77% (227/294)   Receiving objects:  78% (230/294)   Receiving objects:  79% (233/294)   Receiving objects:  80% (236/294)   Receiving objects:  81% (239/294)   Receiving objects:  82% (242/294)   Receiving objects:  83% (245/294)   Receiving objects:  84% (247/294)   Receiving objects:  85% (250/294)   Receiving objects:  86% (253/294)   Receiving objects:  87% (256/294)   Receiving objects:  88% (259/294)   Receiving objects:  89% (262/294)   Receiving objects:  90% (265/294)   Receiving objects:  91% (268/294)   Receiving objects:  92% (271/294)   Receiving objects:  93% (274/294)   Receiving objects:  94% (277/294)   Receiving objects:  95% (280/294)   Receiving objects:  96% (283/294)   Receiving objects:  97% (286/294)   Receiving objects:  98% (289/294)   Receiving objects:  99% (292/294)   Receiving objects: 100% (294/294)   Receiving objects: 100% (294/294), 261.41 KiB | 5.45 MiB/s, done.
Resolving deltas:   0% (0/141)   Resolving deltas:   6% (9/141)   Resolving deltas:   9% (14/141)   Resolving deltas:  10% (15/141)   Resolving deltas:  11% (16/141)   Resolving deltas:  18% (26/141)   Resolving deltas:  19% (28/141)   Resolving deltas:  20% (29/141)   Resolving deltas:  21% (31/141)   Resolving deltas:  23% (33/141)   Resolving deltas:  26% (38/141)   Resolving deltas:  27% (39/141)   Resolving deltas:  34% (48/141)   Resolving deltas:  36% (52/141)   Resolving deltas:  38% (54/141)   Resolving deltas:  39% (55/141)   Resolving deltas:  43% (62/141)   Resolving deltas:  45% (64/141)   Resolving deltas:  46% (65/141)   Resolving deltas:  48% (68/141)   Resolving deltas:  53% (76/141)   Resolving deltas:  54% (77/141)   Resolving deltas:  58% (83/141)   Resolving deltas:  59% (84/141)   Resolving deltas:  60% (85/141)   Resolving deltas:  61% (87/141)   Resolving deltas:  62% (88/141)   Resolving deltas:  63% (90/141)   Resolving deltas:  64% (91/141)   Resolving deltas:  66% (94/141)   Resolving deltas:  67% (95/141)   Resolving deltas:  68% (96/141)   Resolving deltas:  69% (98/141)   Resolving deltas:  70% (100/141)   Resolving deltas:  71% (101/141)   Resolving deltas:  73% (103/141)   Resolving deltas:  78% (110/141)   Resolving deltas:  82% (116/141)   Resolving deltas:  84% (119/141)   Resolving deltas:  95% (135/141)   Resolving deltas:  97% (137/141)   Resolving deltas:  99% (140/141)   Resolving deltas: 100% (141/141)   Resolving deltas: 100% (141/141), done.
travis_time:end:25f5a4da:start=1586194736490117372,finish=1586194737071204184,duration=581086812,event=checkout[0K$ cd Ibotta/sk-dist
$ git checkout -qf 61fc105a48c16d65f4d6efc8d3db13b0b5988e6f
travis_fold:end:git.checkout[0K
travis_time:end:25f5a4da:start=1586194736490117372,finish=1586194737080429584,duration=590312212,event=checkout[0Ktravis_time:start:31ea36f6[0K
[33;1mSetting environment variables from .travis.yml[0m
$ export TEST_SUITE=spark_2_4

travis_time:end:31ea36f6:start=1586194737083787548,finish=1586194737090409035,duration=6621487,event=env[0Ktravis_time:start:0065b7da[0K$ source ~/virtualenv/python3.5/bin/activate
travis_time:end:0065b7da:start=1586194737093841110,finish=1586194737098522721,duration=4681611,event=[0K$ python --version
Python 3.5.6
$ pip --version
pip 18.1 from /home/travis/virtualenv/python3.5.6/lib/python3.5/site-packages/pip (python 3.5)
Could not locate requirements.txt. Override the install: key in your .travis.yml to install dependencies.
travis_time:start:096f1068[0K$ build_tools/$TEST_SUITE.sh
Obtaining file:///home/travis/build/Ibotta/sk-dist
Collecting scikit-learn>=0.20.0 (from sk-dist==0.1.8)
[?25l  Downloading https://files.pythonhosted.org/packages/42/ec/32310181e803f5d22e0dd33eb18924489b2f8d08cf5b6e116a93a6a5d1c6/scikit_learn-0.22.2.post1-cp35-cp35m-manylinux1_x86_64.whl (7.0MB)

[?25hCollecting pandas>=0.17.0 (from sk-dist==0.1.8)
[?25l  Downloading https://files.pythonhosted.org/packages/a9/55/e3f34ad611f703454b951bab6bde9a432f1af92994cebc4d8e0ec0af38c4/pandas-0.25.3-cp35-cp35m-manylinux1_x86_64.whl (10.3MB)

[?25hRequirement already satisfied: numpy in /home/travis/virtualenv/python3.5.6/lib/python3.5/site-packages (from sk-dist==0.1.8) (1.15.4)
Collecting scipy (from sk-dist==0.1.8)
[?25l  Downloading https://files.pythonhosted.org/packages/c1/60/8cbf00c0deb50a971e6e3a015fb32513960a92867df979870a454481817c/scipy-1.4.1-cp35-cp35m-manylinux1_x86_64.whl (26.0MB)

[?25hCollecting joblib (from sk-dist==0.1.8)
[?25l  Downloading https://files.pythonhosted.org/packages/28/5c/cf6a2b65a321c4a209efcdf64c2689efae2cb62661f8f6f4bb28547cf1bf/joblib-0.14.1-py2.py3-none-any.whl (294kB)

[?25hCollecting xgboost>=0.4 (from sk-dist==0.1.8)
[?25l  Downloading https://files.pythonhosted.org/packages/70/91/551d37ba472bcbd70a25e667acc65a18a9d053657b13afcf0f87aa24d7bb/xgboost-1.0.2-py3-none-manylinux1_x86_64.whl (109.7MB)

[?25hCollecting pyarrow==0.15.0 (from sk-dist==0.1.8)
[?25l  Downloading https://files.pythonhosted.org/packages/bd/2b/30a9474d36e87968f995634a5fa2e94e42df4c8be1de9ad0c6ef45576ec4/pyarrow-0.15.0-cp35-cp35m-manylinux1_x86_64.whl (60.1MB)
[31mException:
Traceback (most recent call last):
  File "/home/travis/virtualenv/python3.5.6/lib/python3.5/site-packages/pip/_vendor/urllib3/response.py", line 331, in _error_catcher
    yield
  File "/home/travis/virtualenv/python3.5.6/lib/python3.5/site-packages/pip/_vendor/urllib3/response.py", line 413, in read
    data = self._fp.read(amt)
  File "/home/travis/virtualenv/python3.5.6/lib/python3.5/site-packages/pip/_vendor/cachecontrol/filewrapper.py", line 62, in read
    data = self.__fp.read(amt)
  File "/opt/python/3.5.6/lib/python3.5/http/client.py", line 448, in read
    n = self.readinto(b)
  File "/opt/python/3.5.6/lib/python3.5/http/client.py", line 488, in readinto
    n = self.fp.readinto(b)
  File "/opt/python/3.5.6/lib/python3.5/socket.py", line 576, in readinto
    return self._sock.recv_into(b)
  File "/opt/python/3.5.6/lib/python3.5/ssl.py", line 937, in recv_into
    return self.read(nbytes, buffer)
  File "/opt/python/3.5.6/lib/python3.5/ssl.py", line 799, in read
    return self._sslobj.read(len, buffer)
  File "/opt/python/3.5.6/lib/python3.5/ssl.py", line 583, in read
    v = self._sslobj.read(len, buffer)
ConnectionResetError: [Errno 104] Connection reset by peer

During handling of the above exception, another exception occurred:

Traceback (most recent call last):
  File "/home/travis/virtualenv/python3.5.6/lib/python3.5/site-packages/pip/_internal/cli/base_command.py", line 143, in main
    status = self.run(options, args)
  File "/home/travis/virtualenv/python3.5.6/lib/python3.5/site-packages/pip/_internal/commands/install.py", line 318, in run
    resolver.resolve(requirement_set)
  File "/home/travis/virtualenv/python3.5.6/lib/python3.5/site-packages/pip/_internal/resolve.py", line 102, in resolve
    self._resolve_one(requirement_set, req)
  File "/home/travis/virtualenv/python3.5.6/lib/python3.5/site-packages/pip/_internal/resolve.py", line 256, in _resolve_one
    abstract_dist = self._get_abstract_dist_for(req_to_install)
  File "/home/travis/virtualenv/python3.5.6/lib/python3.5/site-packages/pip/_internal/resolve.py", line 209, in _get_abstract_dist_for
    self.require_hashes
  File "/home/travis/virtualenv/python3.5.6/lib/python3.5/site-packages/pip/_internal/operations/prepare.py", line 283, in prepare_linked_requirement
    progress_bar=self.progress_bar
  File "/home/travis/virtualenv/python3.5.6/lib/python3.5/site-packages/pip/_internal/download.py", line 836, in unpack_url
    progress_bar=progress_bar
  File "/home/travis/virtualenv/python3.5.6/lib/python3.5/site-packages/pip/_internal/download.py", line 673, in unpack_http_url
    progress_bar)
  File "/home/travis/virtualenv/python3.5.6/lib/python3.5/site-packages/pip/_internal/download.py", line 897, in _download_http_url
    _download_url(resp, link, content_file, hashes, progress_bar)
  File "/home/travis/virtualenv/python3.5.6/lib/python3.5/site-packages/pip/_internal/download.py", line 617, in _download_url
    hashes.check_against_chunks(downloaded_chunks)
  File "/home/travis/virtualenv/python3.5.6/lib/python3.5/site-packages/pip/_internal/utils/hashes.py", line 48, in check_against_chunks
    for chunk in chunks:
  File "/home/travis/virtualenv/python3.5.6/lib/python3.5/site-packages/pip/_internal/download.py", line 585, in written_chunks
    for chunk in chunks:
  File "/home/travis/virtualenv/python3.5.6/lib/python3.5/site-packages/pip/_internal/utils/ui.py", line 159, in iter
    for x in it:
  File "/home/travis/virtualenv/python3.5.6/lib/python3.5/site-packages/pip/_internal/download.py", line 574, in resp_read
    decode_content=False):
  File "/home/travis/virtualenv/python3.5.6/lib/python3.5/site-packages/pip/_vendor/urllib3/response.py", line 465, in stream
    data = self.read(amt=amt, decode_content=decode_content)
  File "/home/travis/virtualenv/python3.5.6/lib/python3.5/site-packages/pip/_vendor/urllib3/response.py", line 430, in read
    raise IncompleteRead(self._fp_bytes_read, self.length_remaining)
  File "/opt/python/3.5.6/lib/python3.5/contextlib.py", line 77, in __exit__
    self.gen.throw(type, value, traceback)
  File "/home/travis/virtualenv/python3.5.6/lib/python3.5/site-packages/pip/_vendor/urllib3/response.py", line 349, in _error_catcher
    raise ProtocolError('Connection broken: %r' % e, e)
pip._vendor.urllib3.exceptions.ProtocolError: ("Connection broken: ConnectionResetError(104, 'Connection reset by peer')", ConnectionResetError(104, 'Connection reset by peer'))[0m
No broken requirements found.
[1m============================= test session starts ==============================[0m
platform linux -- Python 3.5.6, pytest-4.1.0, py-1.7.0, pluggy-0.8.0
rootdir: /home/travis/build/Ibotta/sk-dist, inifile:
[1mcollecting ... [0m[1mcollected 46 items / 3 errors                                                  [0m

==================================== ERRORS ====================================
[31m[1m__________ ERROR collecting skdist/distribute/tests/test_eliminate.py __________[0m
[31mImportError while importing test module '/home/travis/build/Ibotta/sk-dist/skdist/distribute/tests/test_eliminate.py'.
Hint: make sure your test modules/packages have valid Python names.
Traceback:
skdist/distribute/tests/test_eliminate.py:7: in <module>
    from scipy.sparse import csr_matrix
E   ImportError: No module named 'scipy'[0m
[31m[1m___________ ERROR collecting skdist/distribute/tests/test_search.py ____________[0m
[31mImportError while importing test module '/home/travis/build/Ibotta/sk-dist/skdist/distribute/tests/test_search.py'.
Hint: make sure your test modules/packages have valid Python names.
Traceback:
skdist/distribute/tests/test_search.py:15: in <module>
    from scipy.stats.distributions import expon
E   ImportError: No module named 'scipy'[0m
[31m[1m_________________ ERROR collecting skdist/tests/test_spark.py __________________[0m
[31mImportError while importing test module '/home/travis/build/Ibotta/sk-dist/skdist/tests/test_spark.py'.
Hint: make sure your test modules/packages have valid Python names.
Traceback:
skdist/tests/test_spark.py:7: in <module>
    import pandas as pd
E   ImportError: No module named 'pandas'[0m
!!!!!!!!!!!!!!!!!!! Interrupted: 3 errors during collection !!!!!!!!!!!!!!!!!!!!
[31m[1m=========================== 3 error in 0.37 seconds ============================[0m
travis_time:end:096f1068:start=1586194737411523437,finish=1586194775736117141,duration=38324593704,event=script[0K[31;1mThe command "build_tools/$TEST_SUITE.sh" exited with 2.[0m


Done. Your build exited with 1.
